#
# There is insufficient memory for the Java Runtime Environment to continue.
# Native memory allocation (mmap) failed to map 83886080 bytes for G1 virtual space
# Possible reasons:
#   The system is out of physical RAM or swap space
#   The process is running with CompressedOops enabled, and the Java Heap may be blocking the growth of the native heap
# Possible solutions:
#   Reduce memory load on the system
#   Increase physical memory or swap space
#   Check if swap backing store is full
#   Decrease Java heap size (-Xmx/-Xms)
#   Decrease number of Java threads
#   Decrease Java thread stack sizes (-Xss)
#   Set larger code cache with -XX:ReservedCodeCacheSize=
#   JVM is running with Unscaled Compressed Oops mode in which the Java heap is
#     placed in the first 4GB address space. The Java Heap base address is the
#     maximum limit for the native heap growth. Please use -XX:HeapBaseMinAddress
#     to set the Java Heap base and to place the Java Heap above 4GB virtual address.
# This output file may be truncated or incomplete.
#
#  Out of Memory Error (os_windows.cpp:3527), pid=6280, tid=28872
#
# JRE version: Java(TM) SE Runtime Environment (19.0.1+10) (build 19.0.1+10-21)
# Java VM: Java HotSpot(TM) 64-Bit Server VM (19.0.1+10-21, mixed mode, sharing, tiered, compressed oops, compressed class ptrs, g1 gc, windows-amd64)
# No core dump will be written. Minidumps are not enabled by default on client versions of Windows
#

---------------  S U M M A R Y ------------

Command Line: --add-opens=java.base/java.util=ALL-UNNAMED --add-opens=java.base/java.lang=ALL-UNNAMED --add-opens=java.base/java.lang.invoke=ALL-UNNAMED --add-opens=java.prefs/java.util.prefs=ALL-UNNAMED --add-opens=java.base/java.nio.charset=ALL-UNNAMED --add-opens=java.base/java.net=ALL-UNNAMED --add-opens=java.base/java.util.concurrent.atomic=ALL-UNNAMED -Xmx2048m -Dfile.encoding=UTF-8 -Duser.country=ID -Duser.language=en -Duser.variant -javaagent:C:\Users\defry\.gradle\wrapper\dists\gradle-8.6-bin\afr5mpiioh2wthjmwnkmdsd5w\gradle-8.6\lib\agents\gradle-instrumentation-agent-8.6.jar org.gradle.launcher.daemon.bootstrap.GradleDaemon 8.6

Host: Intel(R) Core(TM) i7-9750H CPU @ 2.60GHz, 12 cores, 15G,  Windows 11 , 64 bit Build 22621 (10.0.22621.3527)
Time: Sun Jun 16 18:54:44 2024 SE Asia Standard Time elapsed time: 11.691920 seconds (0d 0h 0m 11s)

---------------  T H R E A D  ---------------

Current thread (0x000001efe255b050):  VMThread "VM Thread" [stack: 0x0000009a58a00000,0x0000009a58b00000] [id=28872]

Stack: [0x0000009a58a00000,0x0000009a58b00000]
Native frames: (J=compiled Java code, j=interpreted, Vv=VM code, C=native code)
V  [jvm.dll+0x6ee8fa]
V  [jvm.dll+0x857a1e]
V  [jvm.dll+0x85940e]
V  [jvm.dll+0x859ac3]
V  [jvm.dll+0x28291f]
V  [jvm.dll+0x6eb6e9]
V  [jvm.dll+0x6e028a]
V  [jvm.dll+0x357136]
V  [jvm.dll+0x35eb96]
V  [jvm.dll+0x3b555e]
V  [jvm.dll+0x3b578f]
V  [jvm.dll+0x32c6ea]
V  [jvm.dll+0x32c797]
V  [jvm.dll+0x374b52]
V  [jvm.dll+0x37328f]
V  [jvm.dll+0x32bf10]
V  [jvm.dll+0x37282b]
V  [jvm.dll+0x85ef83]
V  [jvm.dll+0x85fd49]
V  [jvm.dll+0x86027d]
V  [jvm.dll+0x86070b]
V  [jvm.dll+0x8607c7]
V  [jvm.dll+0x8015fa]
V  [jvm.dll+0x6ed5eb]
C  [ucrtbase.dll+0x29333]
C  [KERNEL32.DLL+0x1257d]
C  [ntdll.dll+0x5aa48]

VM_Operation (0x0000009a5a3f8bf0): G1CollectForAllocation, mode: safepoint, requested by thread 0x000001efe907fa30


---------------  P R O C E S S  ---------------

Threads class SMR info:
_java_thread_list=0x000001efeb7333c0, length=37, elements={
0x000001efc3fa1f70, 0x000001efe25710f0, 0x000001efe2575ef0, 0x000001efe257bfc0,
0x000001efe257cd70, 0x000001efe257d6a0, 0x000001efe257dfd0, 0x000001efe2d73f80,
0x000001efe2d748f0, 0x000001efe2d79280, 0x000001efe2546a10, 0x000001efe2fcc370,
0x000001efe902a170, 0x000001efe88b61d0, 0x000001efe9099db0, 0x000001efe90d7890,
0x000001efe907c830, 0x000001efe907f4f0, 0x000001efe907fa30, 0x000001efe911c930,
0x000001efe911b940, 0x000001efe911b3f0, 0x000001efe911c3e0, 0x000001efe9119410,
0x000001efe911be90, 0x000001efe9119eb0, 0x000001efe911a400, 0x000001efe911a950,
0x000001efe911aea0, 0x000001efeba15b00, 0x000001efeba155b0, 0x000001efeba1bff0,
0x000001efea51d410, 0x000001efe831eb20, 0x000001efe8325010, 0x000001efe8323ad0,
0x000001efe8325ab0
}

Java Threads: ( => current thread )
  0x000001efc3fa1f70 JavaThread "main" [_thread_blocked, id=2244, stack(0x0000009a58400000,0x0000009a58500000)]
  0x000001efe25710f0 JavaThread "Reference Handler" daemon [_thread_blocked, id=16876, stack(0x0000009a58b00000,0x0000009a58c00000)]
  0x000001efe2575ef0 JavaThread "Finalizer" daemon [_thread_blocked, id=29548, stack(0x0000009a58c00000,0x0000009a58d00000)]
  0x000001efe257bfc0 JavaThread "Signal Dispatcher" daemon [_thread_blocked, id=6864, stack(0x0000009a58d00000,0x0000009a58e00000)]
  0x000001efe257cd70 JavaThread "Attach Listener" daemon [_thread_blocked, id=26760, stack(0x0000009a58e00000,0x0000009a58f00000)]
  0x000001efe257d6a0 JavaThread "Service Thread" daemon [_thread_blocked, id=19224, stack(0x0000009a58f00000,0x0000009a59000000)]
  0x000001efe257dfd0 JavaThread "Monitor Deflation Thread" daemon [_thread_blocked, id=1272, stack(0x0000009a59000000,0x0000009a59100000)]
  0x000001efe2d73f80 JavaThread "C2 CompilerThread0" daemon [_thread_blocked, id=23520, stack(0x0000009a59100000,0x0000009a59200000)]
  0x000001efe2d748f0 JavaThread "C1 CompilerThread0" daemon [_thread_blocked, id=20612, stack(0x0000009a59200000,0x0000009a59300000)]
  0x000001efe2d79280 JavaThread "Sweeper thread" daemon [_thread_blocked, id=22852, stack(0x0000009a59300000,0x0000009a59400000)]
  0x000001efe2546a10 JavaThread "Common-Cleaner" daemon [_thread_blocked, id=4176, stack(0x0000009a59400000,0x0000009a59500000)]
  0x000001efe2fcc370 JavaThread "Notification Thread" daemon [_thread_blocked, id=18052, stack(0x0000009a59500000,0x0000009a59600000)]
  0x000001efe902a170 JavaThread "Daemon health stats" [_thread_blocked, id=7584, stack(0x0000009a59800000,0x0000009a59900000)]
  0x000001efe88b61d0 JavaThread "Incoming local TCP Connector on port 54909" [_thread_in_native, id=25024, stack(0x0000009a59e00000,0x0000009a59f00000)]
  0x000001efe9099db0 JavaThread "Daemon periodic checks" [_thread_blocked, id=26456, stack(0x0000009a59f00000,0x0000009a5a000000)]
  0x000001efe90d7890 JavaThread "Daemon" [_thread_blocked, id=25492, stack(0x0000009a5a000000,0x0000009a5a100000)]
  0x000001efe907c830 JavaThread "Handler for socket connection from /127.0.0.1:54909 to /127.0.0.1:54910" [_thread_in_native, id=6152, stack(0x0000009a5a100000,0x0000009a5a200000)]
  0x000001efe907f4f0 JavaThread "Cancel handler" [_thread_blocked, id=20180, stack(0x0000009a5a200000,0x0000009a5a300000)]
  0x000001efe907fa30 JavaThread "Daemon worker" [_thread_blocked, id=19920, stack(0x0000009a5a300000,0x0000009a5a400000)]
  0x000001efe911c930 JavaThread "Asynchronous log dispatcher for DefaultDaemonConnection: socket connection from /127.0.0.1:54909 to /127.0.0.1:54910" [_thread_blocked, id=11280, stack(0x0000009a5a400000,0x0000009a5a500000)]
  0x000001efe911b940 JavaThread "Stdin handler" [_thread_blocked, id=2008, stack(0x0000009a5a500000,0x0000009a5a600000)]
  0x000001efe911b3f0 JavaThread "Daemon client event forwarder" [_thread_blocked, id=11020, stack(0x0000009a5a600000,0x0000009a5a700000)]
  0x000001efe911c3e0 JavaThread "Cache worker for journal cache (C:\Users\defry\.gradle\caches\journal-1)" [_thread_blocked, id=13212, stack(0x0000009a5a700000,0x0000009a5a800000)]
  0x000001efe9119410 JavaThread "File lock request listener" [_thread_in_native, id=24596, stack(0x0000009a5a800000,0x0000009a5a900000)]
  0x000001efe911be90 JavaThread "Cache worker for file hash cache (C:\Users\defry\.gradle\caches\8.6\fileHashes)" [_thread_blocked, id=19952, stack(0x0000009a5a900000,0x0000009a5aa00000)]
  0x000001efe9119eb0 JavaThread "File watcher server" daemon [_thread_blocked, id=23980, stack(0x0000009a5b100000,0x0000009a5b200000)]
  0x000001efe911a400 JavaThread "File watcher consumer" daemon [_thread_blocked, id=16616, stack(0x0000009a5b200000,0x0000009a5b300000)]
  0x000001efe911a950 JavaThread "Cache worker for checksums cache (D:\COOLYEAH\MSIB\SIBIPEDIA-mobile-v2-main\.gradle\8.6\checksums)" [_thread_blocked, id=29024, stack(0x0000009a5b300000,0x0000009a5b400000)]
  0x000001efe911aea0 JavaThread "Cache worker for file hash cache (D:\COOLYEAH\MSIB\SIBIPEDIA-mobile-v2-main\.gradle\8.6\fileHashes)" [_thread_blocked, id=15560, stack(0x0000009a5b400000,0x0000009a5b500000)]
  0x000001efeba15b00 JavaThread "Cache worker for cache directory md-supplier (C:\Users\defry\.gradle\caches\8.6\md-supplier)" [_thread_blocked, id=26852, stack(0x0000009a5b500000,0x0000009a5b600000)]
  0x000001efeba155b0 JavaThread "Cache worker for cache directory md-rule (C:\Users\defry\.gradle\caches\8.6\md-rule)" [_thread_blocked, id=16520, stack(0x0000009a5b600000,0x0000009a5b700000)]
  0x000001efeba1bff0 JavaThread "Cache worker for file content cache (C:\Users\defry\.gradle\caches\8.6\fileContent)" [_thread_blocked, id=8800, stack(0x0000009a5b700000,0x0000009a5b800000)]
  0x000001efea51d410 JavaThread "C2 CompilerThread1" daemon [_thread_blocked, id=26676, stack(0x0000009a59700000,0x0000009a59800000)]
  0x000001efe831eb20 JavaThread "jar transforms" [_thread_blocked, id=23396, stack(0x0000009a5aa00000,0x0000009a5ab00000)]
  0x000001efe8325010 JavaThread "jar transforms Thread 2" [_thread_blocked, id=24076, stack(0x0000009a5b800000,0x0000009a5b900000)]
  0x000001efe8323ad0 JavaThread "jar transforms Thread 3" [_thread_blocked, id=2904, stack(0x0000009a5b900000,0x0000009a5ba00000)]
  0x000001efe8325ab0 JavaThread "jar transforms Thread 4" [_thread_blocked, id=29072, stack(0x0000009a5ba00000,0x0000009a5bb00000)]

Other Threads:
=>0x000001efe255b050 VMThread "VM Thread" [stack: 0x0000009a58a00000,0x0000009a58b00000] [id=28872]
  0x000001efc3fa3040 WatcherThread "VM Periodic Task Thread" [stack: 0x0000009a59600000,0x0000009a59700000] [id=3720]
  0x000001efc40027a0 WorkerThread "GC Thread#0" [stack: 0x0000009a58500000,0x0000009a58600000] [id=20228]
  0x000001efe3006ad0 WorkerThread "GC Thread#1" [stack: 0x0000009a59900000,0x0000009a59a00000] [id=29140]
  0x000001efe3006da0 WorkerThread "GC Thread#2" [stack: 0x0000009a59a00000,0x0000009a59b00000] [id=27408]
  0x000001efe3006800 WorkerThread "GC Thread#3" [stack: 0x0000009a59b00000,0x0000009a59c00000] [id=13144]
  0x000001efe3007070 WorkerThread "GC Thread#4" [stack: 0x0000009a59c00000,0x0000009a59d00000] [id=23956]
  0x000001efe3007610 WorkerThread "GC Thread#5" [stack: 0x0000009a59d00000,0x0000009a59e00000] [id=28784]
  0x000001efe829a8d0 WorkerThread "GC Thread#6" [stack: 0x0000009a5ab00000,0x0000009a5ac00000] [id=20704]
  0x000001efe829b9b0 WorkerThread "GC Thread#7" [stack: 0x0000009a5ac00000,0x0000009a5ad00000] [id=3948]
  0x000001efe8299250 WorkerThread "GC Thread#8" [stack: 0x0000009a5ad00000,0x0000009a5ae00000] [id=12504]
  0x000001efe829b6e0 WorkerThread "GC Thread#9" [stack: 0x0000009a5ae00000,0x0000009a5af00000] [id=12688]
  0x000001efc4013700 ConcurrentGCThread "G1 Main Marker" [stack: 0x0000009a58600000,0x0000009a58700000] [id=4692]
  0x000001efc40142d0 WorkerThread "G1 Conc#0" [stack: 0x0000009a58700000,0x0000009a58800000] [id=10288]
  0x000001efe829a330 WorkerThread "G1 Conc#1" [stack: 0x0000009a5af00000,0x0000009a5b000000] [id=12220]
  0x000001efe829bc80 WorkerThread "G1 Conc#2" [stack: 0x0000009a5b000000,0x0000009a5b100000] [id=84]
  0x000001efc405e9b0 ConcurrentGCThread "G1 Refine#0" [stack: 0x0000009a58800000,0x0000009a58900000] [id=13300]
  0x000001efe2475690 ConcurrentGCThread "G1 Service" [stack: 0x0000009a58900000,0x0000009a58a00000] [id=4972]

Threads with active compile tasks:
C2 CompilerThread0    11722 9035       4       com.google.common.collect.Iterators::forArray (51 bytes)

VM state: at safepoint (normal execution)

VM Mutex/Monitor currently owned by a thread:  ([mutex/lock_event])
[0x000001efc3f9e240] Threads_lock - owner thread: 0x000001efe255b050
[0x000001efc3f9e2d0] Heap_lock - owner thread: 0x000001efe907fa30

Heap address: 0x0000000080000000, size: 2048 MB, Compressed Oops mode: 32-bit

CDS archive(s) mapped at: [0x0000000800000000-0x0000000800c40000-0x0000000800c40000), size 12845056, SharedBaseAddress: 0x0000000800000000, ArchiveRelocationMode: 0.
Compressed class space mapped at: 0x0000000801000000-0x0000000841000000, reserved size: 1073741824
Narrow klass base: 0x0000000800000000, Narrow klass shift: 0, Narrow klass range: 0x100000000

GC Precious Log:
 CardTable entry size: 512
 Card Set container configuration: InlinePtr #cards 5 size 8 Array Of Cards #cards 12 size 40 Howl #buckets 4 coarsen threshold 1843 Howl Bitmap #cards 512 size 80 coarsen threshold 460 Card regions per heap region 1 cards per card region 2048
 CPUs: 12 total, 12 available
 Memory: 16233M
 Large Page Support: Disabled
 NUMA Support: Disabled
 Compressed Oops: Enabled (32-bit)
 Heap Region Size: 1M
 Heap Min Capacity: 8M
 Heap Initial Capacity: 254M
 Heap Max Capacity: 2G
 Pre-touch: Disabled
 Parallel Workers: 10
 Concurrent Workers: 3
 Concurrent Refinement Workers: 10
 Periodic GC: Disabled

Heap:
 garbage-first heap   total 178176K, used 83383K [0x0000000080000000, 0x0000000100000000)
  region size 1024K, 6 young (6144K), 6 survivors (6144K)
 Metaspace       used 104378K, committed 106368K, reserved 1179648K
  class space    used 13311K, committed 14336K, reserved 1048576K

Heap Regions: E=young(eden), S=young(survivor), O=old, HS=humongous(starts), HC=humongous(continues), CS=collection set, F=free, OA=open archive, CA=closed archive, TAMS=top-at-mark-start (previous, next)
|   0|0x0000000080000000, 0x0000000080100000, 0x0000000080100000|100%|HS|  |TAMS 0x0000000080100000, 0x0000000080000000| Complete 
|   1|0x0000000080100000, 0x0000000080200000, 0x0000000080200000|100%|HC|  |TAMS 0x0000000080200000, 0x0000000080100000| Complete 
|   2|0x0000000080200000, 0x0000000080300000, 0x0000000080300000|100%|HC|  |TAMS 0x0000000080300000, 0x0000000080200000| Complete 
|   3|0x0000000080300000, 0x0000000080400000, 0x0000000080400000|100%|HC|  |TAMS 0x0000000080400000, 0x0000000080300000| Complete 
|   4|0x0000000080400000, 0x0000000080500000, 0x0000000080500000|100%| O|  |TAMS 0x0000000080500000, 0x0000000080400000| Untracked 
|   5|0x0000000080500000, 0x0000000080600000, 0x0000000080600000|100%| O|  |TAMS 0x0000000080600000, 0x0000000080500000| Untracked 
|   6|0x0000000080600000, 0x0000000080700000, 0x0000000080700000|100%| O|  |TAMS 0x0000000080700000, 0x0000000080600000| Untracked 
|   7|0x0000000080700000, 0x0000000080800000, 0x0000000080800000|100%| O|  |TAMS 0x0000000080800000, 0x0000000080700000| Untracked 
|   8|0x0000000080800000, 0x0000000080900000, 0x0000000080900000|100%| O|  |TAMS 0x0000000080900000, 0x0000000080800000| Untracked 
|   9|0x0000000080900000, 0x0000000080a00000, 0x0000000080a00000|100%| O|  |TAMS 0x0000000080a00000, 0x0000000080900000| Untracked 
|  10|0x0000000080a00000, 0x0000000080b00000, 0x0000000080b00000|100%| O|  |TAMS 0x0000000080b00000, 0x0000000080a00000| Untracked 
|  11|0x0000000080b00000, 0x0000000080c00000, 0x0000000080c00000|100%| O|  |TAMS 0x0000000080c00000, 0x0000000080b00000| Untracked 
|  12|0x0000000080c00000, 0x0000000080d00000, 0x0000000080d00000|100%| O|  |TAMS 0x0000000080d00000, 0x0000000080c00000| Untracked 
|  13|0x0000000080d00000, 0x0000000080e00000, 0x0000000080e00000|100%| O|  |TAMS 0x0000000080e00000, 0x0000000080d00000| Untracked 
|  14|0x0000000080e00000, 0x0000000080f00000, 0x0000000080f00000|100%| O|  |TAMS 0x0000000080f00000, 0x0000000080e00000| Untracked 
|  15|0x0000000080f00000, 0x0000000081000000, 0x0000000081000000|100%| O|  |TAMS 0x0000000081000000, 0x0000000080f00000| Untracked 
|  16|0x0000000081000000, 0x0000000081100000, 0x0000000081100000|100%| O|  |TAMS 0x0000000081100000, 0x0000000081000000| Untracked 
|  17|0x0000000081100000, 0x0000000081200000, 0x0000000081200000|100%| O|  |TAMS 0x000000008113a000, 0x0000000081100000| Untracked 
|  18|0x0000000081200000, 0x0000000081300000, 0x0000000081300000|100%| O|  |TAMS 0x0000000081300000, 0x0000000081200000| Untracked 
|  19|0x0000000081300000, 0x0000000081400000, 0x0000000081400000|100%| O|  |TAMS 0x0000000081400000, 0x0000000081300000| Untracked 
|  20|0x0000000081400000, 0x0000000081500000, 0x0000000081500000|100%| O|  |TAMS 0x0000000081500000, 0x0000000081400000| Untracked 
|  21|0x0000000081500000, 0x0000000081600000, 0x0000000081600000|100%| O|  |TAMS 0x0000000081600000, 0x0000000081500000| Untracked 
|  22|0x0000000081600000, 0x0000000081700000, 0x0000000081700000|100%| O|  |TAMS 0x0000000081700000, 0x0000000081600000| Untracked 
|  23|0x0000000081700000, 0x0000000081800000, 0x0000000081800000|100%| O|  |TAMS 0x0000000081800000, 0x0000000081700000| Untracked 
|  24|0x0000000081800000, 0x0000000081900000, 0x0000000081900000|100%| O|  |TAMS 0x0000000081900000, 0x0000000081800000| Untracked 
|  25|0x0000000081900000, 0x0000000081a00000, 0x0000000081a00000|100%| O|  |TAMS 0x0000000081a00000, 0x0000000081900000| Untracked 
|  26|0x0000000081a00000, 0x0000000081b00000, 0x0000000081b00000|100%| O|  |TAMS 0x0000000081b00000, 0x0000000081a00000| Untracked 
|  27|0x0000000081b00000, 0x0000000081c00000, 0x0000000081c00000|100%| O|  |TAMS 0x0000000081c00000, 0x0000000081b00000| Untracked 
|  28|0x0000000081c00000, 0x0000000081d00000, 0x0000000081d00000|100%| O|  |TAMS 0x0000000081d00000, 0x0000000081c00000| Untracked 
|  29|0x0000000081d00000, 0x0000000081e00000, 0x0000000081e00000|100%| O|  |TAMS 0x0000000081e00000, 0x0000000081d00000| Untracked 
|  30|0x0000000081e00000, 0x0000000081f00000, 0x0000000081f00000|100%| O|  |TAMS 0x0000000081f00000, 0x0000000081e00000| Untracked 
|  31|0x0000000081f00000, 0x0000000082000000, 0x0000000082000000|100%| O|  |TAMS 0x0000000082000000, 0x0000000081f00000| Untracked 
|  32|0x0000000082000000, 0x0000000082100000, 0x0000000082100000|100%| O|  |TAMS 0x0000000082100000, 0x0000000082000000| Untracked 
|  33|0x0000000082100000, 0x0000000082200000, 0x0000000082200000|100%| O|  |TAMS 0x0000000082200000, 0x0000000082100000| Untracked 
|  34|0x0000000082200000, 0x0000000082300000, 0x0000000082300000|100%| O|  |TAMS 0x0000000082300000, 0x0000000082200000| Untracked 
|  35|0x0000000082300000, 0x0000000082400000, 0x0000000082400000|100%| O|  |TAMS 0x0000000082400000, 0x0000000082300000| Untracked 
|  36|0x0000000082400000, 0x0000000082500000, 0x0000000082500000|100%| O|  |TAMS 0x0000000082500000, 0x0000000082400000| Untracked 
|  37|0x0000000082500000, 0x0000000082600000, 0x0000000082600000|100%| O|  |TAMS 0x0000000082600000, 0x0000000082500000| Untracked 
|  38|0x0000000082600000, 0x0000000082700000, 0x0000000082700000|100%|HS|  |TAMS 0x0000000082700000, 0x0000000082600000| Complete 
|  39|0x0000000082700000, 0x0000000082800000, 0x0000000082800000|100%|HC|  |TAMS 0x0000000082800000, 0x0000000082700000| Complete 
|  40|0x0000000082800000, 0x0000000082900000, 0x0000000082900000|100%|HC|  |TAMS 0x0000000082900000, 0x0000000082800000| Complete 
|  41|0x0000000082900000, 0x0000000082a00000, 0x0000000082a00000|100%|HC|  |TAMS 0x0000000082a00000, 0x0000000082900000| Complete 
|  42|0x0000000082a00000, 0x0000000082b00000, 0x0000000082b00000|100%|HC|  |TAMS 0x0000000082b00000, 0x0000000082a00000| Complete 
|  43|0x0000000082b00000, 0x0000000082c00000, 0x0000000082c00000|100%|HC|  |TAMS 0x0000000082c00000, 0x0000000082b00000| Complete 
|  44|0x0000000082c00000, 0x0000000082d00000, 0x0000000082d00000|100%|HS|  |TAMS 0x0000000082d00000, 0x0000000082c00000| Complete 
|  45|0x0000000082d00000, 0x0000000082e00000, 0x0000000082e00000|100%| O|  |TAMS 0x0000000082e00000, 0x0000000082d00000| Untracked 
|  46|0x0000000082e00000, 0x0000000082f00000, 0x0000000082f00000|100%| O|  |TAMS 0x0000000082f00000, 0x0000000082e00000| Untracked 
|  47|0x0000000082f00000, 0x0000000083000000, 0x0000000083000000|100%| O|  |TAMS 0x0000000083000000, 0x0000000082f00000| Untracked 
|  48|0x0000000083000000, 0x0000000083100000, 0x0000000083100000|100%| O|  |TAMS 0x0000000083100000, 0x0000000083000000| Untracked 
|  49|0x0000000083100000, 0x0000000083200000, 0x0000000083200000|100%| O|  |TAMS 0x0000000083200000, 0x0000000083100000| Untracked 
|  50|0x0000000083200000, 0x0000000083300000, 0x0000000083300000|100%| O|  |TAMS 0x0000000083300000, 0x0000000083200000| Untracked 
|  51|0x0000000083300000, 0x0000000083400000, 0x0000000083400000|100%| O|  |TAMS 0x0000000083400000, 0x0000000083300000| Untracked 
|  52|0x0000000083400000, 0x0000000083500000, 0x0000000083500000|100%| O|  |TAMS 0x0000000083500000, 0x0000000083400000| Untracked 
|  53|0x0000000083500000, 0x0000000083600000, 0x0000000083600000|100%| O|  |TAMS 0x0000000083600000, 0x0000000083500000| Untracked 
|  54|0x0000000083600000, 0x0000000083700000, 0x0000000083700000|100%| O|  |TAMS 0x0000000083700000, 0x0000000083600000| Untracked 
|  55|0x0000000083700000, 0x0000000083800000, 0x0000000083800000|100%| O|  |TAMS 0x0000000083800000, 0x0000000083700000| Untracked 
|  56|0x0000000083800000, 0x0000000083900000, 0x0000000083900000|100%| O|  |TAMS 0x0000000083900000, 0x0000000083800000| Untracked 
|  57|0x0000000083900000, 0x0000000083900000, 0x0000000083a00000|  0%| F|  |TAMS 0x0000000083900000, 0x0000000083900000| Untracked 
|  58|0x0000000083a00000, 0x0000000083b00000, 0x0000000083b00000|100%| O|  |TAMS 0x0000000083a00000, 0x0000000083a00000| Untracked 
|  59|0x0000000083b00000, 0x0000000083c00000, 0x0000000083c00000|100%| O|  |TAMS 0x0000000083b00000, 0x0000000083b00000| Untracked 
|  60|0x0000000083c00000, 0x0000000083d00000, 0x0000000083d00000|100%| O|  |TAMS 0x0000000083c00000, 0x0000000083c00000| Untracked 
|  61|0x0000000083d00000, 0x0000000083e00000, 0x0000000083e00000|100%| O|  |TAMS 0x0000000083d00000, 0x0000000083d00000| Untracked 
|  62|0x0000000083e00000, 0x0000000083f00000, 0x0000000083f00000|100%| O|  |TAMS 0x0000000083e00000, 0x0000000083e00000| Untracked 
|  63|0x0000000083f00000, 0x0000000084000000, 0x0000000084000000|100%| O|  |TAMS 0x0000000083f00000, 0x0000000083f00000| Untracked 
|  64|0x0000000084000000, 0x0000000084100000, 0x0000000084100000|100%| O|  |TAMS 0x0000000084000000, 0x0000000084000000| Untracked 
|  65|0x0000000084100000, 0x0000000084200000, 0x0000000084200000|100%| O|  |TAMS 0x0000000084100000, 0x0000000084100000| Untracked 
|  66|0x0000000084200000, 0x0000000084300000, 0x0000000084300000|100%| O|  |TAMS 0x0000000084200000, 0x0000000084200000| Untracked 
|  67|0x0000000084300000, 0x0000000084400000, 0x0000000084400000|100%| O|  |TAMS 0x0000000084300000, 0x0000000084300000| Untracked 
|  68|0x0000000084400000, 0x0000000084500000, 0x0000000084500000|100%| O|  |TAMS 0x0000000084400000, 0x0000000084400000| Untracked 
|  69|0x0000000084500000, 0x0000000084600000, 0x0000000084600000|100%| O|  |TAMS 0x0000000084500000, 0x0000000084500000| Untracked 
|  70|0x0000000084600000, 0x0000000084700000, 0x0000000084700000|100%| O|  |TAMS 0x0000000084600000, 0x0000000084600000| Untracked 
|  71|0x0000000084700000, 0x0000000084800000, 0x0000000084800000|100%| O|  |TAMS 0x0000000084700000, 0x0000000084700000| Untracked 
|  72|0x0000000084800000, 0x0000000084900000, 0x0000000084900000|100%| O|  |TAMS 0x0000000084800000, 0x0000000084800000| Untracked 
|  73|0x0000000084900000, 0x0000000084a00000, 0x0000000084a00000|100%| O|  |TAMS 0x0000000084900000, 0x0000000084900000| Untracked 
|  74|0x0000000084a00000, 0x0000000084b00000, 0x0000000084b00000|100%| O|  |TAMS 0x0000000084a00000, 0x0000000084a00000| Untracked 
|  75|0x0000000084b00000, 0x0000000084c00000, 0x0000000084c00000|100%| O|  |TAMS 0x0000000084b00000, 0x0000000084b00000| Untracked 
|  76|0x0000000084c00000, 0x0000000084d00000, 0x0000000084d00000|100%| O|  |TAMS 0x0000000084c00000, 0x0000000084c00000| Untracked 
|  77|0x0000000084d00000, 0x0000000084d00000, 0x0000000084e00000|  0%| F|  |TAMS 0x0000000084d00000, 0x0000000084d00000| Untracked 
|  78|0x0000000084e00000, 0x0000000084e00000, 0x0000000084f00000|  0%| F|  |TAMS 0x0000000084e00000, 0x0000000084e00000| Untracked 
|  79|0x0000000084f00000, 0x0000000084f00000, 0x0000000085000000|  0%| F|  |TAMS 0x0000000084f00000, 0x0000000084f00000| Untracked 
|  80|0x0000000085000000, 0x0000000085000000, 0x0000000085100000|  0%| F|  |TAMS 0x0000000085000000, 0x0000000085000000| Untracked 
|  81|0x0000000085100000, 0x0000000085100000, 0x0000000085200000|  0%| F|  |TAMS 0x0000000085100000, 0x0000000085100000| Untracked 
|  82|0x0000000085200000, 0x0000000085200000, 0x0000000085300000|  0%| F|  |TAMS 0x0000000085200000, 0x0000000085200000| Untracked 
|  83|0x0000000085300000, 0x0000000085300000, 0x0000000085400000|  0%| F|  |TAMS 0x0000000085300000, 0x0000000085300000| Untracked 
|  84|0x0000000085400000, 0x0000000085400000, 0x0000000085500000|  0%| F|  |TAMS 0x0000000085400000, 0x0000000085400000| Untracked 
|  85|0x0000000085500000, 0x0000000085500000, 0x0000000085600000|  0%| F|  |TAMS 0x0000000085500000, 0x0000000085500000| Untracked 
|  86|0x0000000085600000, 0x0000000085600000, 0x0000000085700000|  0%| F|  |TAMS 0x0000000085600000, 0x0000000085600000| Untracked 
|  87|0x0000000085700000, 0x0000000085700000, 0x0000000085800000|  0%| F|  |TAMS 0x0000000085700000, 0x0000000085700000| Untracked 
|  88|0x0000000085800000, 0x0000000085800000, 0x0000000085900000|  0%| F|  |TAMS 0x0000000085800000, 0x0000000085800000| Untracked 
|  89|0x0000000085900000, 0x0000000085900000, 0x0000000085a00000|  0%| F|  |TAMS 0x0000000085900000, 0x0000000085900000| Untracked 
|  90|0x0000000085a00000, 0x0000000085a00000, 0x0000000085b00000|  0%| F|  |TAMS 0x0000000085a00000, 0x0000000085a00000| Untracked 
|  91|0x0000000085b00000, 0x0000000085b00000, 0x0000000085c00000|  0%| F|  |TAMS 0x0000000085b00000, 0x0000000085b00000| Untracked 
|  92|0x0000000085c00000, 0x0000000085c00000, 0x0000000085d00000|  0%| F|  |TAMS 0x0000000085c00000, 0x0000000085c00000| Untracked 
|  93|0x0000000085d00000, 0x0000000085d00000, 0x0000000085e00000|  0%| F|  |TAMS 0x0000000085d00000, 0x0000000085d00000| Untracked 
|  94|0x0000000085e00000, 0x0000000085e00000, 0x0000000085f00000|  0%| F|  |TAMS 0x0000000085e00000, 0x0000000085e00000| Untracked 
|  95|0x0000000085f00000, 0x0000000085f00000, 0x0000000086000000|  0%| F|  |TAMS 0x0000000085f00000, 0x0000000085f00000| Untracked 
|  96|0x0000000086000000, 0x0000000086000000, 0x0000000086100000|  0%| F|  |TAMS 0x0000000086000000, 0x0000000086000000| Untracked 
|  97|0x0000000086100000, 0x0000000086100000, 0x0000000086200000|  0%| F|  |TAMS 0x0000000086100000, 0x0000000086100000| Untracked 
|  98|0x0000000086200000, 0x0000000086200000, 0x0000000086300000|  0%| F|  |TAMS 0x0000000086200000, 0x0000000086200000| Untracked 
|  99|0x0000000086300000, 0x0000000086300000, 0x0000000086400000|  0%| F|  |TAMS 0x0000000086300000, 0x0000000086300000| Untracked 
| 100|0x0000000086400000, 0x0000000086400000, 0x0000000086500000|  0%| F|  |TAMS 0x0000000086400000, 0x0000000086400000| Untracked 
| 101|0x0000000086500000, 0x0000000086500000, 0x0000000086600000|  0%| F|  |TAMS 0x0000000086500000, 0x0000000086500000| Untracked 
| 102|0x0000000086600000, 0x0000000086600000, 0x0000000086700000|  0%| F|  |TAMS 0x0000000086600000, 0x0000000086600000| Untracked 
| 103|0x0000000086700000, 0x000000008676dc20, 0x0000000086800000| 42%| S|CS|TAMS 0x0000000086700000, 0x0000000086700000| Complete 
| 104|0x0000000086800000, 0x0000000086900000, 0x0000000086900000|100%| S|CS|TAMS 0x0000000086800000, 0x0000000086800000| Complete 
| 105|0x0000000086900000, 0x0000000086a00000, 0x0000000086a00000|100%| S|CS|TAMS 0x0000000086900000, 0x0000000086900000| Complete 
| 106|0x0000000086a00000, 0x0000000086b00000, 0x0000000086b00000|100%| S|CS|TAMS 0x0000000086a00000, 0x0000000086a00000| Complete 
| 107|0x0000000086b00000, 0x0000000086c00000, 0x0000000086c00000|100%| S|CS|TAMS 0x0000000086b00000, 0x0000000086b00000| Complete 
| 108|0x0000000086c00000, 0x0000000086d00000, 0x0000000086d00000|100%| S|CS|TAMS 0x0000000086c00000, 0x0000000086c00000| Complete 
| 109|0x0000000086d00000, 0x0000000086d00000, 0x0000000086e00000|  0%| F|  |TAMS 0x0000000086d00000, 0x0000000086d00000| Untracked 
| 110|0x0000000086e00000, 0x0000000086e00000, 0x0000000086f00000|  0%| F|  |TAMS 0x0000000086e00000, 0x0000000086e00000| Untracked 
| 111|0x0000000086f00000, 0x0000000086f00000, 0x0000000087000000|  0%| F|  |TAMS 0x0000000086f00000, 0x0000000086f00000| Untracked 
| 112|0x0000000087000000, 0x0000000087000000, 0x0000000087100000|  0%| F|  |TAMS 0x0000000087000000, 0x0000000087000000| Untracked 
| 113|0x0000000087100000, 0x0000000087100000, 0x0000000087200000|  0%| F|  |TAMS 0x0000000087100000, 0x0000000087100000| Untracked 
| 114|0x0000000087200000, 0x0000000087200000, 0x0000000087300000|  0%| F|  |TAMS 0x0000000087200000, 0x0000000087200000| Untracked 
| 115|0x0000000087300000, 0x0000000087300000, 0x0000000087400000|  0%| F|  |TAMS 0x0000000087300000, 0x0000000087300000| Untracked 
| 116|0x0000000087400000, 0x0000000087400000, 0x0000000087500000|  0%| F|  |TAMS 0x0000000087400000, 0x0000000087400000| Untracked 
| 117|0x0000000087500000, 0x0000000087500000, 0x0000000087600000|  0%| F|  |TAMS 0x0000000087500000, 0x0000000087500000| Untracked 
| 118|0x0000000087600000, 0x0000000087600000, 0x0000000087700000|  0%| F|  |TAMS 0x0000000087600000, 0x0000000087600000| Untracked 
| 119|0x0000000087700000, 0x0000000087700000, 0x0000000087800000|  0%| F|  |TAMS 0x0000000087700000, 0x0000000087700000| Untracked 
| 120|0x0000000087800000, 0x0000000087800000, 0x0000000087900000|  0%| F|  |TAMS 0x0000000087800000, 0x0000000087800000| Untracked 
| 121|0x0000000087900000, 0x0000000087900000, 0x0000000087a00000|  0%| F|  |TAMS 0x0000000087900000, 0x0000000087900000| Untracked 
| 122|0x0000000087a00000, 0x0000000087a00000, 0x0000000087b00000|  0%| F|  |TAMS 0x0000000087a00000, 0x0000000087a00000| Untracked 
| 123|0x0000000087b00000, 0x0000000087b00000, 0x0000000087c00000|  0%| F|  |TAMS 0x0000000087b00000, 0x0000000087b00000| Untracked 
| 124|0x0000000087c00000, 0x0000000087c00000, 0x0000000087d00000|  0%| F|  |TAMS 0x0000000087c00000, 0x0000000087c00000| Untracked 
| 125|0x0000000087d00000, 0x0000000087d00000, 0x0000000087e00000|  0%| F|  |TAMS 0x0000000087d00000, 0x0000000087d00000| Untracked 
| 126|0x0000000087e00000, 0x0000000087e00000, 0x0000000087f00000|  0%| F|  |TAMS 0x0000000087e00000, 0x0000000087e00000| Untracked 
| 127|0x0000000087f00000, 0x0000000087f00000, 0x0000000088000000|  0%| F|  |TAMS 0x0000000087f00000, 0x0000000087f00000| Untracked 
| 128|0x0000000088000000, 0x0000000088000000, 0x0000000088100000|  0%| F|  |TAMS 0x0000000088000000, 0x0000000088000000| Untracked 
| 129|0x0000000088100000, 0x0000000088100000, 0x0000000088200000|  0%| F|  |TAMS 0x0000000088100000, 0x0000000088100000| Untracked 
| 130|0x0000000088200000, 0x0000000088200000, 0x0000000088300000|  0%| F|  |TAMS 0x0000000088200000, 0x0000000088200000| Untracked 
| 131|0x0000000088300000, 0x0000000088300000, 0x0000000088400000|  0%| F|  |TAMS 0x0000000088300000, 0x0000000088300000| Untracked 
| 132|0x0000000088400000, 0x0000000088400000, 0x0000000088500000|  0%| F|  |TAMS 0x0000000088400000, 0x0000000088400000| Untracked 
| 133|0x0000000088500000, 0x0000000088500000, 0x0000000088600000|  0%| F|  |TAMS 0x0000000088500000, 0x0000000088500000| Untracked 
| 134|0x0000000088600000, 0x0000000088600000, 0x0000000088700000|  0%| F|  |TAMS 0x0000000088600000, 0x0000000088600000| Untracked 
| 135|0x0000000088700000, 0x0000000088700000, 0x0000000088800000|  0%| F|  |TAMS 0x0000000088700000, 0x0000000088700000| Untracked 
| 136|0x0000000088800000, 0x0000000088800000, 0x0000000088900000|  0%| F|  |TAMS 0x0000000088800000, 0x0000000088800000| Untracked 
| 137|0x0000000088900000, 0x0000000088900000, 0x0000000088a00000|  0%| F|  |TAMS 0x0000000088900000, 0x0000000088900000| Untracked 
| 138|0x0000000088a00000, 0x0000000088a00000, 0x0000000088b00000|  0%| F|  |TAMS 0x0000000088a00000, 0x0000000088a00000| Untracked 
| 139|0x0000000088b00000, 0x0000000088b00000, 0x0000000088c00000|  0%| F|  |TAMS 0x0000000088b00000, 0x0000000088b00000| Untracked 
| 140|0x0000000088c00000, 0x0000000088c00000, 0x0000000088d00000|  0%| F|  |TAMS 0x0000000088c00000, 0x0000000088c00000| Untracked 
| 141|0x0000000088d00000, 0x0000000088d00000, 0x0000000088e00000|  0%| F|  |TAMS 0x0000000088d00000, 0x0000000088d00000| Untracked 
| 142|0x0000000088e00000, 0x0000000088e00000, 0x0000000088f00000|  0%| F|  |TAMS 0x0000000088e00000, 0x0000000088e00000| Untracked 
| 143|0x0000000088f00000, 0x0000000088f00000, 0x0000000089000000|  0%| F|  |TAMS 0x0000000088f00000, 0x0000000088f00000| Untracked 
| 144|0x0000000089000000, 0x0000000089000000, 0x0000000089100000|  0%| F|  |TAMS 0x0000000089000000, 0x0000000089000000| Untracked 
| 145|0x0000000089100000, 0x0000000089100000, 0x0000000089200000|  0%| F|  |TAMS 0x0000000089100000, 0x0000000089100000| Untracked 
| 146|0x0000000089200000, 0x0000000089200000, 0x0000000089300000|  0%| F|  |TAMS 0x0000000089200000, 0x0000000089200000| Untracked 
| 147|0x0000000089300000, 0x0000000089300000, 0x0000000089400000|  0%| F|  |TAMS 0x0000000089300000, 0x0000000089300000| Untracked 
| 148|0x0000000089400000, 0x0000000089400000, 0x0000000089500000|  0%| F|  |TAMS 0x0000000089400000, 0x0000000089400000| Untracked 
| 149|0x0000000089500000, 0x0000000089500000, 0x0000000089600000|  0%| F|  |TAMS 0x0000000089500000, 0x0000000089500000| Untracked 
| 150|0x0000000089600000, 0x0000000089600000, 0x0000000089700000|  0%| F|  |TAMS 0x0000000089600000, 0x0000000089600000| Untracked 
| 151|0x0000000089700000, 0x0000000089700000, 0x0000000089800000|  0%| F|  |TAMS 0x0000000089700000, 0x0000000089700000| Untracked 
| 152|0x0000000089800000, 0x0000000089800000, 0x0000000089900000|  0%| F|  |TAMS 0x0000000089800000, 0x0000000089800000| Untracked 
| 153|0x0000000089900000, 0x0000000089900000, 0x0000000089a00000|  0%| F|  |TAMS 0x0000000089900000, 0x0000000089900000| Untracked 
| 154|0x0000000089a00000, 0x0000000089a00000, 0x0000000089b00000|  0%| F|  |TAMS 0x0000000089a00000, 0x0000000089a00000| Untracked 
| 155|0x0000000089b00000, 0x0000000089b00000, 0x0000000089c00000|  0%| F|  |TAMS 0x0000000089b00000, 0x0000000089b00000| Untracked 
| 156|0x0000000089c00000, 0x0000000089c00000, 0x0000000089d00000|  0%| F|  |TAMS 0x0000000089c00000, 0x0000000089c00000| Untracked 
| 157|0x0000000089d00000, 0x0000000089d00000, 0x0000000089e00000|  0%| F|  |TAMS 0x0000000089d00000, 0x0000000089d00000| Untracked 
| 158|0x0000000089e00000, 0x0000000089e00000, 0x0000000089f00000|  0%| F|  |TAMS 0x0000000089e00000, 0x0000000089e00000| Untracked 
| 159|0x0000000089f00000, 0x0000000089f00000, 0x000000008a000000|  0%| F|  |TAMS 0x0000000089f00000, 0x0000000089f00000| Untracked 
| 160|0x000000008a000000, 0x000000008a000000, 0x000000008a100000|  0%| F|  |TAMS 0x000000008a000000, 0x000000008a000000| Untracked 
| 161|0x000000008a100000, 0x000000008a100000, 0x000000008a200000|  0%| F|  |TAMS 0x000000008a100000, 0x000000008a100000| Untracked 
| 162|0x000000008a200000, 0x000000008a200000, 0x000000008a300000|  0%| F|  |TAMS 0x000000008a200000, 0x000000008a200000| Untracked 
| 163|0x000000008a300000, 0x000000008a300000, 0x000000008a400000|  0%| F|  |TAMS 0x000000008a300000, 0x000000008a300000| Untracked 
| 164|0x000000008a400000, 0x000000008a400000, 0x000000008a500000|  0%| F|  |TAMS 0x000000008a400000, 0x000000008a400000| Untracked 
| 165|0x000000008a500000, 0x000000008a500000, 0x000000008a600000|  0%| F|  |TAMS 0x000000008a500000, 0x000000008a500000| Untracked 
| 166|0x000000008a600000, 0x000000008a600000, 0x000000008a700000|  0%| F|  |TAMS 0x000000008a600000, 0x000000008a600000| Untracked 
| 167|0x000000008a700000, 0x000000008a700000, 0x000000008a800000|  0%| F|  |TAMS 0x000000008a700000, 0x000000008a700000| Untracked 
| 168|0x000000008a800000, 0x000000008a800000, 0x000000008a900000|  0%| F|  |TAMS 0x000000008a800000, 0x000000008a800000| Untracked 
| 169|0x000000008a900000, 0x000000008a900000, 0x000000008aa00000|  0%| F|  |TAMS 0x000000008a900000, 0x000000008a900000| Untracked 
| 170|0x000000008aa00000, 0x000000008aa00000, 0x000000008ab00000|  0%| F|  |TAMS 0x000000008aa00000, 0x000000008aa00000| Untracked 
| 171|0x000000008ab00000, 0x000000008ab00000, 0x000000008ac00000|  0%| F|  |TAMS 0x000000008ab00000, 0x000000008ab00000| Untracked 
| 252|0x000000008fc00000, 0x000000008fc00000, 0x000000008fd00000|  0%| F|  |TAMS 0x000000008fc00000, 0x000000008fc00000| Untracked 
| 253|0x000000008fd00000, 0x000000008fd00000, 0x000000008fe00000|  0%| F|  |TAMS 0x000000008fd00000, 0x000000008fd00000| Untracked 

Card table byte_map: [0x000001efdb850000,0x000001efdbc50000] _byte_map_base: 0x000001efdb450000

Marking Bits (Prev, Next): (CMBitMap*) 0x000001efc4002dd0, (CMBitMap*) 0x000001efc4002e10
 Prev Bits: [0x000001efdc050000, 0x000001efde050000)
 Next Bits: [0x000001efde050000, 0x000001efe0050000)

Polling page: 0x000001efc1f90000

Metaspace:

Usage:
  Non-class:     88.93 MB used.
      Class:     13.00 MB used.
       Both:    101.93 MB used.

Virtual space:
  Non-class space:      128.00 MB reserved,      89.88 MB ( 70%) committed,  2 nodes.
      Class space:        1.00 GB reserved,      14.00 MB (  1%) committed,  1 nodes.
             Both:        1.12 GB reserved,     103.88 MB (  9%) committed. 

Chunk freelists:
   Non-Class:  1.97 MB
       Class:  2.03 MB
        Both:  4.00 MB

MaxMetaspaceSize: unlimited
CompressedClassSpaceSize: 1.00 GB
Initial GC threshold: 21.00 MB
Current GC threshold: 159.62 MB
CDS: on
MetaspaceReclaimPolicy: balanced
 - commit_granule_bytes: 65536.
 - commit_granule_words: 8192.
 - virtual_space_node_default_size: 8388608.
 - enlarge_chunks_in_place: 1.
 - new_chunks_are_fully_committed: 0.
 - uncommit_free_chunks: 1.
 - use_allocation_guard: 0.


Internal statistics:

num_allocs_failed_limit: 12.
num_arena_births: 3552.
num_arena_deaths: 0.
num_vsnodes_births: 3.
num_vsnodes_deaths: 0.
num_space_committed: 1660.
num_space_uncommitted: 0.
num_chunks_returned_to_freelist: 12.
num_chunks_taken_from_freelist: 7817.
num_chunk_merges: 9.
num_chunk_splits: 5615.
num_chunks_enlarged: 3991.
num_inconsistent_stats: 0.

CodeHeap 'non-profiled nmethods': size=120000Kb used=3944Kb max_used=4714Kb free=116055Kb
 bounds [0x000001efd39d0000, 0x000001efd3e70000, 0x000001efdaf00000]
CodeHeap 'profiled nmethods': size=120000Kb used=15097Kb max_used=17020Kb free=104902Kb
 bounds [0x000001efcbf00000, 0x000001efccfa0000, 0x000001efd3430000]
CodeHeap 'non-nmethods': size=5760Kb used=1912Kb max_used=1967Kb free=3847Kb
 bounds [0x000001efd3430000, 0x000001efd36a0000, 0x000001efd39d0000]
 total_blobs=8475 nmethods=7534 adapters=849
 compilation: enabled
              stopped_count=0, restarted_count=0
 full_count=0

Compilation events (20 events):
Event: 11.635 Thread 0x000001efe2d748f0 nmethod 9025 0x000001efcc174510 code [0x000001efcc1746c0, 0x000001efcc174888]
Event: 11.637 Thread 0x000001efe2d73f80 nmethod 9017 0x000001efd3c7f310 code [0x000001efd3c7f4a0, 0x000001efd3c7fb38]
Event: 11.637 Thread 0x000001efea51d410 nmethod 9026 0x000001efd3c16710 code [0x000001efd3c168a0, 0x000001efd3c16ad8]
Event: 11.657 Thread 0x000001efe2d748f0 9027       3       java.lang.Long::bitCount (61 bytes)
Event: 11.657 Thread 0x000001efe2d748f0 nmethod 9027 0x000001efcc01ef10 code [0x000001efcc01f0a0, 0x000001efcc01f218]
Event: 11.657 Thread 0x000001efea51d410 9028       4       java.util.BitSet::wordIndex (5 bytes)
Event: 11.657 Thread 0x000001efe2d73f80 9029       4       java.lang.Long::bitCount (61 bytes)
Event: 11.657 Thread 0x000001efe2d748f0 9030       3       java.util.BitSet::recalculateWordsInUse (39 bytes)
Event: 11.658 Thread 0x000001efe2d748f0 nmethod 9030 0x000001efcc261f90 code [0x000001efcc262140, 0x000001efcc262378]
Event: 11.659 Thread 0x000001efea51d410 nmethod 9028 0x000001efd3e65310 code [0x000001efd3e65480, 0x000001efd3e654d8]
Event: 11.659 Thread 0x000001efe2d73f80 nmethod 9029 0x000001efd3db2b10 code [0x000001efd3db2c80, 0x000001efd3db2d58]
Event: 11.662 Thread 0x000001efe2d748f0 9031       3       java.net.URLClassLoader::getAndVerifyPackage (109 bytes)
Event: 11.663 Thread 0x000001efe2d748f0 nmethod 9031 0x000001efcc02e990 code [0x000001efcc02ecc0, 0x000001efcc02fd48]
Event: 11.673 Thread 0x000001efe2d748f0 9032       3       java.util.concurrent.atomic.AtomicInteger::<init> (5 bytes)
Event: 11.673 Thread 0x000001efe2d748f0 nmethod 9032 0x000001efcc18d790 code [0x000001efcc18d940, 0x000001efcc18daf8]
Event: 11.682 Thread 0x000001efe2d748f0 9033       3       org.gradle.internal.time.MonotonicClock::getCurrentTime (70 bytes)
Event: 11.682 Thread 0x000001efe2d748f0 nmethod 9033 0x000001efcbf61d10 code [0x000001efcbf61f00, 0x000001efcbf622b8]
Event: 11.682 Thread 0x000001efe2d748f0 9034       3       org.gradle.internal.time.MonotonicClock::syncIsDue (28 bytes)
Event: 11.682 Thread 0x000001efe2d748f0 nmethod 9034 0x000001efcc1e9690 code [0x000001efcc1e9840, 0x000001efcc1e9a28]
Event: 11.685 Thread 0x000001efe2d73f80 9035       4       com.google.common.collect.Iterators::forArray (51 bytes)

GC Heap History (20 events):
Event: 5.641 GC heap after
{Heap after GC invocations=13 (full 0):
 garbage-first heap   total 178176K, used 32803K [0x0000000080000000, 0x0000000100000000)
  region size 1024K, 2 young (2048K), 2 survivors (2048K)
 Metaspace       used 47994K, committed 49280K, reserved 1114112K
  class space    used 6865K, committed 7552K, reserved 1048576K
}
Event: 6.629 GC heap before
{Heap before GC invocations=13 (full 0):
 garbage-first heap   total 178176K, used 151587K [0x0000000080000000, 0x0000000100000000)
  region size 1024K, 104 young (106496K), 2 survivors (2048K)
 Metaspace       used 58445K, committed 59712K, reserved 1114112K
  class space    used 8042K, committed 8704K, reserved 1048576K
}
Event: 6.639 GC heap after
{Heap after GC invocations=14 (full 0):
 garbage-first heap   total 178176K, used 52672K [0x0000000080000000, 0x0000000100000000)
  region size 1024K, 13 young (13312K), 13 survivors (13312K)
 Metaspace       used 58445K, committed 59712K, reserved 1114112K
  class space    used 8042K, committed 8704K, reserved 1048576K
}
Event: 6.710 GC heap before
{Heap before GC invocations=14 (full 0):
 garbage-first heap   total 178176K, used 60864K [0x0000000080000000, 0x0000000100000000)
  region size 1024K, 22 young (22528K), 13 survivors (13312K)
 Metaspace       used 59261K, committed 60480K, reserved 1114112K
  class space    used 8128K, committed 8768K, reserved 1048576K
}
Event: 6.717 GC heap after
{Heap after GC invocations=15 (full 0):
 garbage-first heap   total 178176K, used 54808K [0x0000000080000000, 0x0000000100000000)
  region size 1024K, 2 young (2048K), 2 survivors (2048K)
 Metaspace       used 59261K, committed 60480K, reserved 1114112K
  class space    used 8128K, committed 8768K, reserved 1048576K
}
Event: 7.594 GC heap before
{Heap before GC invocations=16 (full 0):
 garbage-first heap   total 178176K, used 140824K [0x0000000080000000, 0x0000000100000000)
  region size 1024K, 86 young (88064K), 2 survivors (2048K)
 Metaspace       used 69785K, committed 71424K, reserved 1114112K
  class space    used 9307K, committed 10176K, reserved 1048576K
}
Event: 7.598 GC heap after
{Heap after GC invocations=17 (full 0):
 garbage-first heap   total 178176K, used 58605K [0x0000000080000000, 0x0000000100000000)
  region size 1024K, 6 young (6144K), 6 survivors (6144K)
 Metaspace       used 69785K, committed 71424K, reserved 1114112K
  class space    used 9307K, committed 10176K, reserved 1048576K
}
Event: 7.617 GC heap before
{Heap before GC invocations=17 (full 0):
 garbage-first heap   total 178176K, used 60653K [0x0000000080000000, 0x0000000100000000)
  region size 1024K, 8 young (8192K), 6 survivors (6144K)
 Metaspace       used 70165K, committed 71808K, reserved 1114112K
  class space    used 9377K, committed 10240K, reserved 1048576K
}
Event: 7.621 GC heap after
{Heap after GC invocations=18 (full 0):
 garbage-first heap   total 178176K, used 59342K [0x0000000080000000, 0x0000000100000000)
  region size 1024K, 1 young (1024K), 1 survivors (1024K)
 Metaspace       used 70165K, committed 71808K, reserved 1114112K
  class space    used 9377K, committed 10240K, reserved 1048576K
}
Event: 8.277 GC heap before
{Heap before GC invocations=18 (full 0):
 garbage-first heap   total 178176K, used 141262K [0x0000000080000000, 0x0000000100000000)
  region size 1024K, 81 young (82944K), 1 survivors (1024K)
 Metaspace       used 74982K, committed 76672K, reserved 1179648K
  class space    used 9894K, committed 10752K, reserved 1048576K
}
Event: 8.281 GC heap after
{Heap after GC invocations=19 (full 0):
 garbage-first heap   total 178176K, used 64136K [0x0000000080000000, 0x0000000100000000)
  region size 1024K, 6 young (6144K), 6 survivors (6144K)
 Metaspace       used 74982K, committed 76672K, reserved 1179648K
  class space    used 9894K, committed 10752K, reserved 1048576K
}
Event: 9.246 GC heap before
{Heap before GC invocations=19 (full 0):
 garbage-first heap   total 178176K, used 140936K [0x0000000080000000, 0x0000000100000000)
  region size 1024K, 82 young (83968K), 6 survivors (6144K)
 Metaspace       used 84556K, committed 86208K, reserved 1179648K
  class space    used 10932K, committed 11776K, reserved 1048576K
}
Event: 9.253 GC heap after
{Heap after GC invocations=20 (full 0):
 garbage-first heap   total 178176K, used 69635K [0x0000000080000000, 0x0000000100000000)
  region size 1024K, 11 young (11264K), 11 survivors (11264K)
 Metaspace       used 84556K, committed 86208K, reserved 1179648K
  class space    used 10932K, committed 11776K, reserved 1048576K
}
Event: 10.227 GC heap before
{Heap before GC invocations=20 (full 0):
 garbage-first heap   total 178176K, used 142339K [0x0000000080000000, 0x0000000100000000)
  region size 1024K, 82 young (83968K), 11 survivors (11264K)
 Metaspace       used 96127K, committed 97856K, reserved 1179648K
  class space    used 12099K, committed 12992K, reserved 1048576K
}
Event: 10.234 GC heap after
{Heap after GC invocations=21 (full 0):
 garbage-first heap   total 178176K, used 71624K [0x0000000080000000, 0x0000000100000000)
  region size 1024K, 8 young (8192K), 8 survivors (8192K)
 Metaspace       used 96127K, committed 97856K, reserved 1179648K
  class space    used 12099K, committed 12992K, reserved 1048576K
}
Event: 10.663 GC heap before
{Heap before GC invocations=22 (full 0):
 garbage-first heap   total 178176K, used 145352K [0x0000000080000000, 0x0000000100000000)
  region size 1024K, 79 young (80896K), 8 survivors (8192K)
 Metaspace       used 98124K, committed 99968K, reserved 1179648K
  class space    used 12412K, committed 13376K, reserved 1048576K
}
Event: 10.670 GC heap after
{Heap after GC invocations=23 (full 0):
 garbage-first heap   total 178176K, used 78542K [0x0000000080000000, 0x0000000100000000)
  region size 1024K, 10 young (10240K), 10 survivors (10240K)
 Metaspace       used 98124K, committed 99968K, reserved 1179648K
  class space    used 12412K, committed 13376K, reserved 1048576K
}
Event: 10.674 GC heap before
{Heap before GC invocations=23 (full 0):
 garbage-first heap   total 178176K, used 79566K [0x0000000080000000, 0x0000000100000000)
  region size 1024K, 11 young (11264K), 10 survivors (10240K)
 Metaspace       used 98133K, committed 99968K, reserved 1179648K
  class space    used 12412K, committed 13376K, reserved 1048576K
}
Event: 10.679 GC heap after
{Heap after GC invocations=24 (full 0):
 garbage-first heap   total 178176K, used 79340K [0x0000000080000000, 0x0000000100000000)
  region size 1024K, 2 young (2048K), 2 survivors (2048K)
 Metaspace       used 98133K, committed 99968K, reserved 1179648K
  class space    used 12412K, committed 13376K, reserved 1048576K
}
Event: 11.686 GC heap before
{Heap before GC invocations=24 (full 0):
 garbage-first heap   total 178176K, used 142828K [0x0000000080000000, 0x0000000100000000)
  region size 1024K, 65 young (66560K), 2 survivors (2048K)
 Metaspace       used 104378K, committed 106368K, reserved 1179648K
  class space    used 13311K, committed 14336K, reserved 1048576K
}

Dll operation events (15 events):
Event: 0.008 Loaded shared library C:\Program Files\JAVVA\jdk-19.0.1\bin\java.dll
Event: 0.017 Loaded shared library C:\Program Files\JAVVA\jdk-19.0.1\bin\jsvml.dll
Event: 0.059 Loaded shared library C:\Program Files\JAVVA\jdk-19.0.1\bin\zip.dll
Event: 0.061 Loaded shared library C:\Program Files\JAVVA\jdk-19.0.1\bin\instrument.dll
Event: 0.065 Loaded shared library C:\Program Files\JAVVA\jdk-19.0.1\bin\net.dll
Event: 0.067 Loaded shared library C:\Program Files\JAVVA\jdk-19.0.1\bin\nio.dll
Event: 0.069 Loaded shared library C:\Program Files\JAVVA\jdk-19.0.1\bin\zip.dll
Event: 0.237 Loaded shared library C:\Program Files\JAVVA\jdk-19.0.1\bin\jimage.dll
Event: 0.282 Loaded shared library C:\Program Files\JAVVA\jdk-19.0.1\bin\verify.dll
Event: 0.436 Loaded shared library C:\Users\defry\.gradle\native\c067742578af261105cb4f569cf0c3c89f3d7b1fecec35dd04571415982c5e48\windows-amd64\native-platform.dll
Event: 0.444 Loaded shared library C:\Users\defry\.gradle\native\38dada09dfb8b06ba9b0570ebf7e218e3eb74d4ef43ca46872605cf95ebc2f47\windows-amd64\native-platform-file-events.dll
Event: 1.232 Loaded shared library C:\Program Files\JAVVA\jdk-19.0.1\bin\management.dll
Event: 1.235 Loaded shared library C:\Program Files\JAVVA\jdk-19.0.1\bin\management_ext.dll
Event: 1.444 Loaded shared library C:\Program Files\JAVVA\jdk-19.0.1\bin\extnet.dll
Event: 1.673 Loaded shared library C:\Program Files\JAVVA\jdk-19.0.1\bin\sunmscapi.dll

Deoptimization events (20 events):
Event: 11.505 Thread 0x000001efe907fa30 Uncommon trap: trap_request=0xffffff45 fr.pc=0x000001efd3a6a2f8 relative=0x0000000000001038
Event: 11.505 Thread 0x000001efe907fa30 Uncommon trap: reason=unstable_if action=reinterpret pc=0x000001efd3a6a2f8 method=java.lang.PublicMethods$MethodList.merge(Ljava/lang/PublicMethods$MethodList;Ljava/lang/reflect/Method;)Ljava/lang/PublicMethods$MethodList; @ 62 c2
Event: 11.505 Thread 0x000001efe907fa30 DEOPT PACKING pc=0x000001efd3a6a2f8 sp=0x0000009a5a3fa7e0
Event: 11.505 Thread 0x000001efe907fa30 DEOPT UNPACKING pc=0x000001efd3496da3 sp=0x0000009a5a3fa738 mode 2
Event: 11.505 Thread 0x000001efe907fa30 Uncommon trap: trap_request=0xffffff45 fr.pc=0x000001efd39de0c0 relative=0x0000000000000200
Event: 11.505 Thread 0x000001efe907fa30 Uncommon trap: reason=unstable_if action=reinterpret pc=0x000001efd39de0c0 method=java.lang.PublicMethods$MethodList.merge(Ljava/lang/PublicMethods$MethodList;Ljava/lang/reflect/Method;)Ljava/lang/PublicMethods$MethodList; @ 62 c2
Event: 11.505 Thread 0x000001efe907fa30 DEOPT PACKING pc=0x000001efd39de0c0 sp=0x0000009a5a3fa770
Event: 11.505 Thread 0x000001efe907fa30 DEOPT UNPACKING pc=0x000001efd3496da3 sp=0x0000009a5a3fa720 mode 2
Event: 11.511 Thread 0x000001efe907fa30 Uncommon trap: trap_request=0xffffffde fr.pc=0x000001efd3c04528 relative=0x00000000000028e8
Event: 11.511 Thread 0x000001efe907fa30 Uncommon trap: reason=class_check action=maybe_recompile pc=0x000001efd3c04528 method=java.util.regex.Pattern$CharProperty.study(Ljava/util/regex/Pattern$TreeInfo;)Z @ 25 c2
Event: 11.511 Thread 0x000001efe907fa30 DEOPT PACKING pc=0x000001efd3c04528 sp=0x0000009a5a3f9f40
Event: 11.511 Thread 0x000001efe907fa30 DEOPT UNPACKING pc=0x000001efd3496da3 sp=0x0000009a5a3f9e38 mode 2
Event: 11.511 Thread 0x000001efe907fa30 Uncommon trap: trap_request=0xffffffde fr.pc=0x000001efd3c04528 relative=0x00000000000028e8
Event: 11.511 Thread 0x000001efe907fa30 Uncommon trap: reason=class_check action=maybe_recompile pc=0x000001efd3c04528 method=java.util.regex.Pattern$CharProperty.study(Ljava/util/regex/Pattern$TreeInfo;)Z @ 25 c2
Event: 11.511 Thread 0x000001efe907fa30 DEOPT PACKING pc=0x000001efd3c04528 sp=0x0000009a5a3f9f40
Event: 11.511 Thread 0x000001efe907fa30 DEOPT UNPACKING pc=0x000001efd3496da3 sp=0x0000009a5a3f9e38 mode 2
Event: 11.531 Thread 0x000001efe907fa30 Uncommon trap: trap_request=0xffffff45 fr.pc=0x000001efd3d54898 relative=0x00000000000013b8
Event: 11.531 Thread 0x000001efe907fa30 Uncommon trap: reason=unstable_if action=reinterpret pc=0x000001efd3d54898 method=java.net.URLClassLoader.getAndVerifyPackage(Ljava/lang/String;Ljava/util/jar/Manifest;Ljava/net/URL;)Ljava/lang/Package; @ 62 c2
Event: 11.531 Thread 0x000001efe907fa30 DEOPT PACKING pc=0x000001efd3d54898 sp=0x0000009a5a3f80d0
Event: 11.531 Thread 0x000001efe907fa30 DEOPT UNPACKING pc=0x000001efd3496da3 sp=0x0000009a5a3f80c8 mode 2

Classes loaded (20 events):
Event: 11.327 Loading class java/util/stream/SortedOps
Event: 11.327 Loading class java/util/stream/SortedOps done
Event: 11.327 Loading class java/util/stream/SortedOps$OfRef
Event: 11.328 Loading class java/util/stream/ReferencePipeline$StatefulOp
Event: 11.328 Loading class java/util/stream/ReferencePipeline$StatefulOp done
Event: 11.328 Loading class java/util/stream/SortedOps$OfRef done
Event: 11.329 Loading class java/util/stream/SortedOps$SizedRefSortingSink
Event: 11.329 Loading class java/util/stream/SortedOps$AbstractRefSortingSink
Event: 11.330 Loading class java/util/stream/SortedOps$AbstractRefSortingSink done
Event: 11.330 Loading class java/util/stream/SortedOps$SizedRefSortingSink done
Event: 11.353 Loading class java/util/Comparators$NaturalOrderComparator
Event: 11.353 Loading class java/util/Comparators$NaturalOrderComparator done
Event: 11.453 Loading class java/nio/file/AtomicMoveNotSupportedException
Event: 11.453 Loading class java/nio/file/AtomicMoveNotSupportedException done
Event: 11.468 Loading class java/io/FileWriter
Event: 11.468 Loading class java/io/FileWriter done
Event: 11.620 Loading class java/util/concurrent/LinkedBlockingDeque$Itr
Event: 11.620 Loading class java/util/concurrent/LinkedBlockingDeque$AbstractItr
Event: 11.621 Loading class java/util/concurrent/LinkedBlockingDeque$AbstractItr done
Event: 11.621 Loading class java/util/concurrent/LinkedBlockingDeque$Itr done

Classes unloaded (0 events):
No events

Classes redefined (0 events):
No events

Internal exceptions (20 events):
Event: 10.286 Thread 0x000001efe907fa30 Exception <a 'java/lang/NoSuchMethodError'{0x000000008ab922e8}: 'java.lang.Object java.lang.invoke.DirectMethodHandle$Holder.newInvokeSpecial(java.lang.Object, java.lang.Object, java.lang.Object, java.lang.Object, java.lang.Object, java.lang.Object, java.lang.Object, java.lang.Object, java.lang.Object, java.lang.Object, java.lang.Object, java.lang.Object, java.lang.Object, java.lang.Object, java.lang.Object, java.lang.Object, java.lang.Object, java.lang.Object, java.lang.Object, java.lang.Object, java.lang
Event: 10.286 Thread 0x000001efe907fa30 Exception <a 'java/lang/NoSuchMethodError'{0x000000008ab9a2d8}: 'java.lang.Object java.lang.invoke.DirectMethodHandle$Holder.invokeSpecial(java.lang.Object, java.lang.Object, java.lang.Object, java.lang.Object, java.lang.Object, java.lang.Object, java.lang.Object, java.lang.Object, java.lang.Object, java.lang.Object, java.lang.Object, java.lang.Object, java.lang.Object, java.lang.Object, java.lang.Object, java.lang.Object, java.lang.Object, java.lang.Object, java.lang.Object, java.lang.Object, java.lang.Ob
Event: 10.286 Thread 0x000001efe907fa30 Exception <a 'java/lang/NoSuchMethodError'{0x000000008aba0a58}: 'java.lang.Object java.lang.invoke.DelegatingMethodHandle$Holder.reinvoke_L(java.lang.Object, java.lang.Object, java.lang.Object, java.lang.Object, java.lang.Object, java.lang.Object, java.lang.Object, java.lang.Object, java.lang.Object, java.lang.Object, java.lang.Object, java.lang.Object, java.lang.Object, java.lang.Object, java.lang.Object, java.lang.Object, java.lang.Object, java.lang.Object, java.lang.Object, java.lang.Object, java.lang.O
Event: 10.291 Thread 0x000001efe907fa30 Exception <a 'java/lang/NoSuchMethodError'{0x000000008aa8ded8}: 'java.lang.Object java.lang.invoke.DirectMethodHandle$Holder.invokeStatic(java.lang.Object, java.lang.Object, java.lang.Object, java.lang.Object, java.lang.Object, java.lang.Object, java.lang.Object, java.lang.Object, java.lang.Object, java.lang.Object, java.lang.Object, java.lang.Object, java.lang.Object, java.lang.Object, java.lang.Object, java.lang.Object, java.lang.Object, java.lang.Object, java.lang.Object, java.lang.Object, java.lang.Obj
Event: 10.389 Thread 0x000001efe907fa30 Exception <a 'java/lang/IncompatibleClassChangeError'{0x000000008a3c4088}: Found class java.lang.Object, but interface was expected> (0x000000008a3c4088) 
thrown [s\open\src\hotspot\share\interpreter\linkResolver.cpp, line 841]
Event: 10.428 Thread 0x000001efe907fa30 Exception <a 'java/lang/NoSuchMethodError'{0x000000008a0bcc18}: 'java.lang.Object java.lang.invoke.DirectMethodHandle$Holder.newInvokeSpecial(java.lang.Object, int, java.lang.Object)'> (0x000000008a0bcc18) 
thrown [s\open\src\hotspot\share\interpreter\linkResolver.cpp, line 774]
Event: 10.479 Thread 0x000001efe907fa30 Exception <a 'sun/nio/fs/WindowsException'{0x0000000089d6f7f0}> (0x0000000089d6f7f0) 
thrown [s\open\src\hotspot\share\prims\jni.cpp, line 517]
Event: 10.480 Thread 0x000001efe907fa30 Exception <a 'sun/nio/fs/WindowsException'{0x0000000089d71068}> (0x0000000089d71068) 
thrown [s\open\src\hotspot\share\prims\jni.cpp, line 517]
Event: 10.807 Thread 0x000001efe907fa30 Exception <a 'java/lang/IncompatibleClassChangeError'{0x0000000089f0c9c8}: Found class java.lang.Object, but interface was expected> (0x0000000089f0c9c8) 
thrown [s\open\src\hotspot\share\interpreter\linkResolver.cpp, line 841]
Event: 11.004 Thread 0x000001efe8325ab0 Exception <a 'sun/nio/fs/WindowsException'{0x00000000892cc998}> (0x00000000892cc998) 
thrown [s\open\src\hotspot\share\prims\jni.cpp, line 517]
Event: 11.004 Thread 0x000001efe8325ab0 Exception <a 'sun/nio/fs/WindowsException'{0x00000000892cd010}> (0x00000000892cd010) 
thrown [s\open\src\hotspot\share\prims\jni.cpp, line 517]
Event: 11.008 Thread 0x000001efe8325ab0 Exception <a 'sun/nio/fs/WindowsException'{0x00000000892f7348}> (0x00000000892f7348) 
thrown [s\open\src\hotspot\share\prims\jni.cpp, line 517]
Event: 11.008 Thread 0x000001efe8325ab0 Exception <a 'sun/nio/fs/WindowsException'{0x00000000892f74c0}> (0x00000000892f74c0) 
thrown [s\open\src\hotspot\share\prims\jni.cpp, line 517]
Event: 11.162 Thread 0x000001efe907fa30 Exception <a 'sun/nio/fs/WindowsException'{0x00000000887882b0}> (0x00000000887882b0) 
thrown [s\open\src\hotspot\share\prims\jni.cpp, line 517]
Event: 11.162 Thread 0x000001efe907fa30 Exception <a 'sun/nio/fs/WindowsException'{0x0000000088788570}> (0x0000000088788570) 
thrown [s\open\src\hotspot\share\prims\jni.cpp, line 517]
Event: 11.162 Thread 0x000001efe907fa30 Exception <a 'sun/nio/fs/WindowsException'{0x000000008878ada8}> (0x000000008878ada8) 
thrown [s\open\src\hotspot\share\prims\jni.cpp, line 517]
Event: 11.162 Thread 0x000001efe907fa30 Exception <a 'sun/nio/fs/WindowsException'{0x000000008878b160}> (0x000000008878b160) 
thrown [s\open\src\hotspot\share\prims\jni.cpp, line 517]
Event: 11.196 Thread 0x000001efe907fa30 Exception <a 'sun/nio/fs/WindowsException'{0x00000000885db578}> (0x00000000885db578) 
thrown [s\open\src\hotspot\share\prims\jni.cpp, line 517]
Event: 11.197 Thread 0x000001efe907fa30 Exception <a 'sun/nio/fs/WindowsException'{0x00000000885db930}> (0x00000000885db930) 
thrown [s\open\src\hotspot\share\prims\jni.cpp, line 517]
Event: 11.349 Thread 0x000001efe907fa30 Exception <a 'java/lang/NoSuchMethodError'{0x0000000087b297d8}: 'void java.lang.invoke.DirectMethodHandle$Holder.invokeStatic(java.lang.Object, java.lang.Object, java.lang.Object, java.lang.Object, java.lang.Object, java.lang.Object, java.lang.Object)'> (0x0000000087b297d8) 
thrown [s\open\src\hotspot\share\interpreter\linkResolver.cpp, line 774]

VM Operations (20 events):
Event: 10.848 Executing VM operation: ICBufferFull done
Event: 11.017 Executing VM operation: ICBufferFull
Event: 11.018 Executing VM operation: ICBufferFull done
Event: 11.329 Executing VM operation: HandshakeAllThreads
Event: 11.329 Executing VM operation: HandshakeAllThreads done
Event: 11.361 Executing VM operation: HandshakeAllThreads
Event: 11.361 Executing VM operation: HandshakeAllThreads done
Event: 11.372 Executing VM operation: HandshakeAllThreads
Event: 11.372 Executing VM operation: HandshakeAllThreads done
Event: 11.372 Executing VM operation: HandshakeAllThreads
Event: 11.372 Executing VM operation: HandshakeAllThreads done
Event: 11.469 Executing VM operation: HandshakeAllThreads
Event: 11.469 Executing VM operation: HandshakeAllThreads done
Event: 11.482 Executing VM operation: HandshakeAllThreads
Event: 11.482 Executing VM operation: HandshakeAllThreads done
Event: 11.483 Executing VM operation: ICBufferFull
Event: 11.484 Executing VM operation: ICBufferFull done
Event: 11.630 Executing VM operation: HandshakeAllThreads
Event: 11.631 Executing VM operation: HandshakeAllThreads done
Event: 11.686 Executing VM operation: G1CollectForAllocation

Events (20 events):
Event: 11.495 Thread 0x000001efe2d79280 flushing nmethod 0x000001efccc34290
Event: 11.495 Thread 0x000001efe2d79280 flushing nmethod 0x000001efcccb4390
Event: 11.495 Thread 0x000001efe2d79280 flushing nmethod 0x000001efcccc6290
Event: 11.495 Thread 0x000001efe2d79280 flushing nmethod 0x000001efccccee90
Event: 11.495 Thread 0x000001efe2d79280 flushing nmethod 0x000001efccccf390
Event: 11.496 Thread 0x000001efe2d79280 flushing nmethod 0x000001efccce0210
Event: 11.496 Thread 0x000001efe2d79280 flushing nmethod 0x000001efccce0c90
Event: 11.496 Thread 0x000001efe2d79280 flushing nmethod 0x000001efccce1510
Event: 11.496 Thread 0x000001efe2d79280 flushing nmethod 0x000001efccce9410
Event: 11.496 Thread 0x000001efe2d79280 flushing nmethod 0x000001efccdbc890
Event: 11.498 Thread 0x000001efe2d79280 flushing nmethod 0x000001efccf2ac10
Event: 11.498 Thread 0x000001efe2d79280 flushing nmethod 0x000001efccf40190
Event: 11.498 Thread 0x000001efe2d79280 flushing nmethod 0x000001efccf4bd10
Event: 11.498 Thread 0x000001efe2d79280 flushing nmethod 0x000001efccf4cc90
Event: 11.498 Thread 0x000001efe2d79280 flushing nmethod 0x000001efccf4ea10
Event: 11.498 Thread 0x000001efe2d79280 flushing nmethod 0x000001efccf4f290
Event: 11.498 Thread 0x000001efe2d79280 flushing nmethod 0x000001efccf4f590
Event: 11.498 Thread 0x000001efe2d79280 flushing nmethod 0x000001efccf56790
Event: 11.498 Thread 0x000001efe2d79280 flushing nmethod 0x000001efccf57e90
Event: 11.498 Thread 0x000001efe2d79280 flushing nmethod 0x000001efccf5b610


Dynamic libraries:
0x00007ff646700000 - 0x00007ff646710000 	C:\Program Files\JAVVA\jdk-19.0.1\bin\java.exe
0x00007fffca2d0000 - 0x00007fffca4e7000 	C:\WINDOWS\SYSTEM32\ntdll.dll
0x00007fffc8670000 - 0x00007fffc8734000 	C:\WINDOWS\System32\KERNEL32.DLL
0x00007fffc7900000 - 0x00007fffc7ca7000 	C:\WINDOWS\System32\KERNELBASE.dll
0x00007fffc7760000 - 0x00007fffc7871000 	C:\WINDOWS\System32\ucrtbase.dll
0x00007fffab8a0000 - 0x00007fffab8b8000 	C:\Program Files\JAVVA\jdk-19.0.1\bin\jli.dll
0x00007fffab880000 - 0x00007fffab89b000 	C:\Program Files\JAVVA\jdk-19.0.1\bin\VCRUNTIME140.dll
0x00007fffca1d0000 - 0x00007fffca282000 	C:\WINDOWS\System32\ADVAPI32.dll
0x00007fffc8950000 - 0x00007fffc89f7000 	C:\WINDOWS\System32\msvcrt.dll
0x00007fffc9d20000 - 0x00007fffc9dc8000 	C:\WINDOWS\System32\sechost.dll
0x00007fffc7ec0000 - 0x00007fffc7ee8000 	C:\WINDOWS\System32\bcrypt.dll
0x00007fffc9780000 - 0x00007fffc9895000 	C:\WINDOWS\System32\RPCRT4.dll
0x00007fffc93c0000 - 0x00007fffc956e000 	C:\WINDOWS\System32\USER32.dll
0x00007fffc7dd0000 - 0x00007fffc7df6000 	C:\WINDOWS\System32\win32u.dll
0x00007fffb21c0000 - 0x00007fffb2453000 	C:\WINDOWS\WinSxS\amd64_microsoft.windows.common-controls_6595b64144ccf1df_6.0.22621.3527_none_270e469b73872a76\COMCTL32.dll
0x00007fffc8000000 - 0x00007fffc8029000 	C:\WINDOWS\System32\GDI32.dll
0x00007fffc7cb0000 - 0x00007fffc7dc9000 	C:\WINDOWS\System32\gdi32full.dll
0x00007fffc7ef0000 - 0x00007fffc7f8a000 	C:\WINDOWS\System32\msvcp_win.dll
0x00007fffc1030000 - 0x00007fffc103a000 	C:\WINDOWS\SYSTEM32\VERSION.dll
0x00007fffc9570000 - 0x00007fffc95a1000 	C:\WINDOWS\System32\IMM32.DLL
0x00007fffb7e80000 - 0x00007fffb7e8c000 	C:\Program Files\JAVVA\jdk-19.0.1\bin\vcruntime140_1.dll
0x00007fff921a0000 - 0x00007fff9222e000 	C:\Program Files\JAVVA\jdk-19.0.1\bin\msvcp140.dll
0x00007fff70e70000 - 0x00007fff71b30000 	C:\Program Files\JAVVA\jdk-19.0.1\bin\server\jvm.dll
0x00007fffb8030000 - 0x00007fffb8039000 	C:\WINDOWS\SYSTEM32\WSOCK32.dll
0x00007fffb5340000 - 0x00007fffb5374000 	C:\WINDOWS\SYSTEM32\WINMM.dll
0x00007fffc9ee0000 - 0x00007fffc9f51000 	C:\WINDOWS\System32\WS2_32.dll
0x00007fffc65d0000 - 0x00007fffc65e8000 	C:\WINDOWS\SYSTEM32\kernel.appcore.dll
0x00007fffb7cd0000 - 0x00007fffb7cda000 	C:\Program Files\JAVVA\jdk-19.0.1\bin\jimage.dll
0x00007fffc4ed0000 - 0x00007fffc5102000 	C:\WINDOWS\SYSTEM32\DBGHELP.DLL
0x00007fffc81e0000 - 0x00007fffc8568000 	C:\WINDOWS\System32\combase.dll
0x00007fffca0f0000 - 0x00007fffca1c7000 	C:\WINDOWS\System32\OLEAUT32.dll
0x00007fffa1a10000 - 0x00007fffa1a42000 	C:\WINDOWS\SYSTEM32\dbgcore.DLL
0x00007fffc7880000 - 0x00007fffc78f9000 	C:\WINDOWS\System32\bcryptPrimitives.dll
0x00007fffb3600000 - 0x00007fffb360e000 	C:\Program Files\JAVVA\jdk-19.0.1\bin\instrument.dll
0x00007fffa5bd0000 - 0x00007fffa5bf6000 	C:\Program Files\JAVVA\jdk-19.0.1\bin\java.dll
0x00007fff83450000 - 0x00007fff83527000 	C:\Program Files\JAVVA\jdk-19.0.1\bin\jsvml.dll
0x00007fffc8a00000 - 0x00007fffc925c000 	C:\WINDOWS\System32\SHELL32.dll
0x00007fffc54e0000 - 0x00007fffc5dd6000 	C:\WINDOWS\SYSTEM32\windows.storage.dll
0x00007fffc53a0000 - 0x00007fffc54de000 	C:\WINDOWS\SYSTEM32\wintypes.dll
0x00007fffc8570000 - 0x00007fffc8665000 	C:\WINDOWS\System32\SHCORE.dll
0x00007fffc9e80000 - 0x00007fffc9ede000 	C:\WINDOWS\System32\shlwapi.dll
0x00007fffc7520000 - 0x00007fffc7541000 	C:\WINDOWS\SYSTEM32\profapi.dll
0x00007fffa2b60000 - 0x00007fffa2b78000 	C:\Program Files\JAVVA\jdk-19.0.1\bin\zip.dll
0x00007fffa49b0000 - 0x00007fffa49c3000 	C:\Program Files\JAVVA\jdk-19.0.1\bin\net.dll
0x00007fffc0ec0000 - 0x00007fffc0ff6000 	C:\WINDOWS\SYSTEM32\WINHTTP.dll
0x00007fffc6ab0000 - 0x00007fffc6b19000 	C:\WINDOWS\system32\mswsock.dll
0x00007fffa4950000 - 0x00007fffa4966000 	C:\Program Files\JAVVA\jdk-19.0.1\bin\nio.dll
0x00007fffb7950000 - 0x00007fffb7960000 	C:\Program Files\JAVVA\jdk-19.0.1\bin\verify.dll
0x00007fffa1880000 - 0x00007fffa18a7000 	C:\Users\defry\.gradle\native\c067742578af261105cb4f569cf0c3c89f3d7b1fecec35dd04571415982c5e48\windows-amd64\native-platform.dll
0x00007fff7d4a0000 - 0x00007fff7d5e4000 	C:\Users\defry\.gradle\native\38dada09dfb8b06ba9b0570ebf7e218e3eb74d4ef43ca46872605cf95ebc2f47\windows-amd64\native-platform-file-events.dll
0x00007fffb5b70000 - 0x00007fffb5b7a000 	C:\Program Files\JAVVA\jdk-19.0.1\bin\management.dll
0x00007fffb44a0000 - 0x00007fffb44ab000 	C:\Program Files\JAVVA\jdk-19.0.1\bin\management_ext.dll
0x00007fffca070000 - 0x00007fffca078000 	C:\WINDOWS\System32\PSAPI.DLL
0x00007fffc6d60000 - 0x00007fffc6d7b000 	C:\WINDOWS\SYSTEM32\CRYPTSP.dll
0x00007fffc6530000 - 0x00007fffc6565000 	C:\WINDOWS\system32\rsaenh.dll
0x00007fffc6bd0000 - 0x00007fffc6bf8000 	C:\WINDOWS\SYSTEM32\USERENV.dll
0x00007fffc6d50000 - 0x00007fffc6d5c000 	C:\WINDOWS\SYSTEM32\CRYPTBASE.dll
0x00007fffc6040000 - 0x00007fffc606d000 	C:\WINDOWS\SYSTEM32\IPHLPAPI.DLL
0x00007fffc9630000 - 0x00007fffc9639000 	C:\WINDOWS\System32\NSI.dll
0x00007fffc1130000 - 0x00007fffc1149000 	C:\WINDOWS\SYSTEM32\dhcpcsvc6.DLL
0x00007fffc1060000 - 0x00007fffc107f000 	C:\WINDOWS\SYSTEM32\dhcpcsvc.DLL
0x00007fffc60b0000 - 0x00007fffc61a8000 	C:\WINDOWS\SYSTEM32\DNSAPI.dll
0x00007fffb37e0000 - 0x00007fffb37e8000 	C:\Program Files\JAVVA\jdk-19.0.1\bin\extnet.dll
0x00007fffb2df0000 - 0x00007fffb2dfe000 	C:\Program Files\JAVVA\jdk-19.0.1\bin\sunmscapi.dll
0x00007fffc75f0000 - 0x00007fffc7758000 	C:\WINDOWS\System32\CRYPT32.dll
0x00007fffc6f90000 - 0x00007fffc6fbe000 	C:\WINDOWS\SYSTEM32\ncrypt.dll
0x00007fffc6f50000 - 0x00007fffc6f87000 	C:\WINDOWS\SYSTEM32\NTASN1.dll
0x00007fffb7ed0000 - 0x00007fffb7ed8000 	C:\WINDOWS\system32\wshunix.dll

dbghelp: loaded successfully - version: 4.0.5 - missing functions: none
symbol engine: initialized successfully - sym options: 0x614 - pdb path: .;C:\Program Files\JAVVA\jdk-19.0.1\bin;C:\WINDOWS\SYSTEM32;C:\WINDOWS\WinSxS\amd64_microsoft.windows.common-controls_6595b64144ccf1df_6.0.22621.3527_none_270e469b73872a76;C:\Program Files\JAVVA\jdk-19.0.1\bin\server;C:\Users\defry\.gradle\native\c067742578af261105cb4f569cf0c3c89f3d7b1fecec35dd04571415982c5e48\windows-amd64;C:\Users\defry\.gradle\native\38dada09dfb8b06ba9b0570ebf7e218e3eb74d4ef43ca46872605cf95ebc2f47\windows-amd64

VM Arguments:
jvm_args: --add-opens=java.base/java.util=ALL-UNNAMED --add-opens=java.base/java.lang=ALL-UNNAMED --add-opens=java.base/java.lang.invoke=ALL-UNNAMED --add-opens=java.prefs/java.util.prefs=ALL-UNNAMED --add-opens=java.base/java.nio.charset=ALL-UNNAMED --add-opens=java.base/java.net=ALL-UNNAMED --add-opens=java.base/java.util.concurrent.atomic=ALL-UNNAMED -Xmx2048m -Dfile.encoding=UTF-8 -Duser.country=ID -Duser.language=en -Duser.variant -javaagent:C:\Users\defry\.gradle\wrapper\dists\gradle-8.6-bin\afr5mpiioh2wthjmwnkmdsd5w\gradle-8.6\lib\agents\gradle-instrumentation-agent-8.6.jar 
java_command: org.gradle.launcher.daemon.bootstrap.GradleDaemon 8.6
java_class_path (initial): C:\Users\defry\.gradle\wrapper\dists\gradle-8.6-bin\afr5mpiioh2wthjmwnkmdsd5w\gradle-8.6\lib\gradle-launcher-8.6.jar
Launcher Type: SUN_STANDARD

[Global flags]
     intx CICompilerCount                          = 4                                         {product} {ergonomic}
     uint ConcGCThreads                            = 3                                         {product} {ergonomic}
     uint G1ConcRefinementThreads                  = 10                                        {product} {ergonomic}
   size_t G1HeapRegionSize                         = 1048576                                   {product} {ergonomic}
    uintx GCDrainStackTargetSize                   = 64                                        {product} {ergonomic}
   size_t InitialHeapSize                          = 266338304                                 {product} {ergonomic}
   size_t MarkStackSize                            = 4194304                                   {product} {ergonomic}
   size_t MaxHeapSize                              = 2147483648                                {product} {command line}
   size_t MaxNewSize                               = 1287651328                                {product} {ergonomic}
   size_t MinHeapDeltaBytes                        = 1048576                                   {product} {ergonomic}
   size_t MinHeapSize                              = 8388608                                   {product} {ergonomic}
    uintx NonNMethodCodeHeapSize                   = 5839372                                {pd product} {ergonomic}
    uintx NonProfiledCodeHeapSize                  = 122909434                              {pd product} {ergonomic}
    uintx ProfiledCodeHeapSize                     = 122909434                              {pd product} {ergonomic}
    uintx ReservedCodeCacheSize                    = 251658240                              {pd product} {ergonomic}
     bool SegmentedCodeCache                       = true                                      {product} {ergonomic}
   size_t SoftMaxHeapSize                          = 2147483648                             {manageable} {ergonomic}
     bool UseCompressedClassPointers               = true                           {product lp64_product} {ergonomic}
     bool UseCompressedOops                        = true                           {product lp64_product} {ergonomic}
     bool UseG1GC                                  = true                                      {product} {ergonomic}
     bool UseLargePagesIndividualAllocation        = false                                  {pd product} {ergonomic}

Logging:
Log output configuration:
 #0: stdout all=warning uptime,level,tags foldmultilines=false
 #1: stderr all=off uptime,level,tags foldmultilines=false

Environment Variables:
JAVA_HOME=C:\Program Files\JAVVA\jdk-19.0.1
CLASSPATH=D:\COOLYEAH\MSIB\SIBIPEDIA-mobile-v2-main\\gradle\wrapper\gradle-wrapper.jar
PATH=C:\Program Files\Microsoft MPI\Bin\;C:\Program Files (x86)\NVIDIA Corporation\PhysX\Common;C:\Program Files (x86)\Common Files\Oracle\Java\javapath;C:\WINDOWS\system32;C:\WINDOWS;C:\WINDOWS\System32\Wbem;C:\WINDOWS\System32\WindowsPowerShell\v1.0\;C:\WINDOWS\System32\OpenSSH\;C:\Program Files\NVIDIA Corporation\NVIDIA NvDLISR;C:\Program Files\Go\bin;C:\Program Files\dotnet\;C:\WINDOWS\system32;C:\WINDOWS;C:\WINDOWS\System32\Wbem;C:\WINDOWS\System32\WindowsPowerShell\v1.0\;C:\WINDOWS\System32\OpenSSH\;C:\Program Files\JAVVA\jdk-19.0.1\bin;C:\Program Files\Microsoft SQL Server\150\Tools\Binn\;C:\Program Files\Git\cmd;C:\Program Files\mosquitto;C:\Program Files (x86)\GnuWin32\bin;C:\Gradle\gradle-8.4\bin;C:\Program Files\nodejs\;C:\MinGW\bin;C:\xampp\php;C:\ProgramData\ComposerSetup\bin;C:\Program Files\Microsoft SQL Server\Client SDK\ODBC\170\Tools\Binn\;C:\Users\defry\AppData\Local\Programs\Python\Python310\Scripts\;C:\Users\defry\AppData\Local\Programs\Python\Python310\;C:\Users\defry\AppData\Local\Microsoft\WindowsApps;C:\Users\defry\AppData\Local\Programs\Microsoft VS Code\bin;C:\Users\defry\go\bin;C:\src\flutter\bin;C:\Users\defry\AppData\Local\GitHubDesktop\bin;C:\Users\defry\AppData\Roaming\npm;C:\Users\defry\AppData\Roaming\Composer\vendor\bin;C:\Users\defry\.dotnet\tools
USERNAME=defry
OS=Windows_NT
PROCESSOR_IDENTIFIER=Intel64 Family 6 Model 158 Stepping 10, GenuineIntel
TMP=C:\Users\defry\AppData\Local\Temp
TEMP=C:\Users\defry\AppData\Local\Temp



---------------  S Y S T E M  ---------------

OS:
 Windows 11 , 64 bit Build 22621 (10.0.22621.3527)
OS uptime: 9 days 20:31 hours
Hyper-V role detected

CPU: total 12 (initial active 12) (6 cores per cpu, 2 threads per core) family 6 model 158 stepping 10 microcode 0xde, cx8, cmov, fxsr, ht, mmx, 3dnowpref, sse, sse2, sse3, ssse3, sse4.1, sse4.2, popcnt, lzcnt, tsc, tscinvbit, avx, avx2, aes, erms, clmul, bmi1, bmi2, adx, fma, vzeroupper, clflush, clflushopt, hv, rdtscp

Memory: 4k page, system-wide physical 16233M (480M free)
TotalPageFile size 65385M (AvailPageFile size 68M)
current process WorkingSet (physical memory assigned to process): 427M, peak: 428M
current process commit charge ("private bytes"): 470M, peak: 550M

vm_info: Java HotSpot(TM) 64-Bit Server VM (19.0.1+10-21) for windows-amd64 JRE (19.0.1+10-21), built on 2022-09-14T12:45:06Z by "mach5one" with MS VC++ 17.1 (VS2022)

END.
