#
# There is insufficient memory for the Java Runtime Environment to continue.
# Native memory allocation (mmap) failed to map 266338304 bytes for G1 virtual space
# Possible reasons:
#   The system is out of physical RAM or swap space
#   The process is running with CompressedOops enabled, and the Java Heap may be blocking the growth of the native heap
# Possible solutions:
#   Reduce memory load on the system
#   Increase physical memory or swap space
#   Check if swap backing store is full
#   Decrease Java heap size (-Xmx/-Xms)
#   Decrease number of Java threads
#   Decrease Java thread stack sizes (-Xss)
#   Set larger code cache with -XX:ReservedCodeCacheSize=
#   JVM is running with Zero Based Compressed Oops mode in which the Java heap is
#     placed in the first 32GB address space. The Java Heap base address is the
#     maximum limit for the native heap growth. Please use -XX:HeapBaseMinAddress
#     to set the Java Heap base and to place the Java Heap above 32GB virtual address.
# This output file may be truncated or incomplete.
#
#  Out of Memory Error (os_windows.cpp:3825), pid=21804, tid=12688
#
# JRE version:  (17.0.10) (build )
# Java VM: OpenJDK 64-Bit Server VM (17.0.10+0--11572160, mixed mode, sharing, tiered, compressed oops, compressed class ptrs, g1 gc, windows-amd64)
# No core dump will be written. Minidumps are not enabled by default on client versions of Windows
#

---------------  S U M M A R Y ------------

Command Line: org.jetbrains.kotlin.cli.jvm.K2JVMCompiler @D:\COOLYEAH\MSIB\SIBIPEDIA-mobile-v2-main\app\build\20240616_5420988356678693047.compiler.options

Host: Intel(R) Core(TM) i7-9750H CPU @ 2.60GHz, 12 cores, 15G,  Windows 11 , 64 bit Build 22621 (10.0.22621.3527)
Time: Sun Jun 16 18:51:57 2024 SE Asia Standard Time elapsed time: 0.014832 seconds (0d 0h 0m 0s)

---------------  T H R E A D  ---------------

Current thread (0x000001c65675cc90):  JavaThread "Unknown thread" [_thread_in_vm, id=12688, stack(0x0000003589500000,0x0000003589600000)]

Stack: [0x0000003589500000,0x0000003589600000]
Native frames: (J=compiled Java code, j=interpreted, Vv=VM code, C=native code)
V  [jvm.dll+0x688e89]
V  [jvm.dll+0x84247a]
V  [jvm.dll+0x8440be]
V  [jvm.dll+0x844723]
V  [jvm.dll+0x24be0f]
V  [jvm.dll+0x685c59]
V  [jvm.dll+0x67a50a]
V  [jvm.dll+0x30cbab]
V  [jvm.dll+0x314056]
V  [jvm.dll+0x363dce]
V  [jvm.dll+0x363fff]
V  [jvm.dll+0x2e2978]
V  [jvm.dll+0x2e38e4]
V  [jvm.dll+0x813011]
V  [jvm.dll+0x371c81]
V  [jvm.dll+0x7f1b66]
V  [jvm.dll+0x3f58df]
V  [jvm.dll+0x3f7511]
C  [jli.dll+0x528f]
C  [ucrtbase.dll+0x29333]
C  [KERNEL32.DLL+0x1257d]
C  [ntdll.dll+0x5aa48]


---------------  P R O C E S S  ---------------

Threads class SMR info:
_java_thread_list=0x00007fff4fe2ef58, length=0, elements={
}

Java Threads: ( => current thread )

Other Threads:
  0x000001c6567c9ea0 GCTaskThread "GC Thread#0" [stack: 0x0000003589600000,0x0000003589700000] [id=19952]
  0x000001c6567dabb0 ConcurrentGCThread "G1 Main Marker" [stack: 0x0000003589700000,0x0000003589800000] [id=3140]
  0x000001c6567db5d0 ConcurrentGCThread "G1 Conc#0" [stack: 0x0000003589800000,0x0000003589900000] [id=11256]

[error occurred during error reporting (printing all threads), id 0xc0000005, EXCEPTION_ACCESS_VIOLATION (0xc0000005) at pc=0x00007fff4f5e3547]

VM state: not at safepoint (not fully initialized)

VM Mutex/Monitor currently owned by a thread:  ([mutex/lock_event])
[0x000001c6567569a0] Heap_lock - owner thread: 0x000001c65675cc90

Heap address: 0x0000000702400000, size: 4060 MB, Compressed Oops mode: Zero based, Oop shift amount: 3

CDS archive(s) mapped at: [0x0000000000000000-0x0000000000000000-0x0000000000000000), size 0, SharedBaseAddress: 0x0000000800000000, ArchiveRelocationMode: 1.
Narrow klass base: 0x0000000000000000, Narrow klass shift: 0, Narrow klass range: 0x0

GC Precious Log:
<Empty>

Heap:
 garbage-first heap   total 0K, used 0K [0x0000000702400000, 0x0000000800000000)
  region size 2048K, 0 young (0K), 0 survivors (0K)
 Metaspace       used 0K, committed 0K, reserved 0K
  class space    used 0K, committed 0K, reserved 0K

Heap Regions: E=young(eden), S=young(survivor), O=old, HS=humongous(starts), HC=humongous(continues), CS=collection set, F=free, OA=open archive, CA=closed archive, TAMS=top-at-mark-start (previous, next)

Card table byte_map: [0x000001c669970000,0x000001c66a160000] _byte_map_base: 0x000001c66615e000

Marking Bits (Prev, Next): (CMBitMap*) 0x000001c6567ca4c0, (CMBitMap*) 0x000001c6567ca500
 Prev Bits: [0x000001c66a950000, 0x000001c66e8c0000)
 Next Bits: [0x000001c66e8c0000, 0x000001c672830000)

GC Heap History (0 events):
No events

Dll operation events (1 events):
Event: 0.010 Loaded shared library D:\Android\jbr\bin\java.dll

Deoptimization events (0 events):
No events

Classes unloaded (0 events):
No events

Classes redefined (0 events):
No events

Internal exceptions (0 events):
No events

VM Operations (0 events):
No events

Events (0 events):
No events


Dynamic libraries:
0x00007ff740a80000 - 0x00007ff740a8a000 	D:\Android\jbr\bin\java.exe
0x00007fffca2d0000 - 0x00007fffca4e7000 	C:\WINDOWS\SYSTEM32\ntdll.dll
0x00007fffc8670000 - 0x00007fffc8734000 	C:\WINDOWS\System32\KERNEL32.DLL
0x00007fffc7900000 - 0x00007fffc7ca7000 	C:\WINDOWS\System32\KERNELBASE.dll
0x00007fffc7760000 - 0x00007fffc7871000 	C:\WINDOWS\System32\ucrtbase.dll
0x00007fffb6d50000 - 0x00007fffb6d67000 	D:\Android\jbr\bin\jli.dll
0x00007fffc1100000 - 0x00007fffc111b000 	D:\Android\jbr\bin\VCRUNTIME140.dll
0x00007fffc93c0000 - 0x00007fffc956e000 	C:\WINDOWS\System32\USER32.dll
0x00007fffc7dd0000 - 0x00007fffc7df6000 	C:\WINDOWS\System32\win32u.dll
0x00007fffb21c0000 - 0x00007fffb2453000 	C:\WINDOWS\WinSxS\amd64_microsoft.windows.common-controls_6595b64144ccf1df_6.0.22621.3527_none_270e469b73872a76\COMCTL32.dll
0x00007fffc8000000 - 0x00007fffc8029000 	C:\WINDOWS\System32\GDI32.dll
0x00007fffc8950000 - 0x00007fffc89f7000 	C:\WINDOWS\System32\msvcrt.dll
0x00007fffc7cb0000 - 0x00007fffc7dc9000 	C:\WINDOWS\System32\gdi32full.dll
0x00007fffc7ef0000 - 0x00007fffc7f8a000 	C:\WINDOWS\System32\msvcp_win.dll
0x00007fffc9570000 - 0x00007fffc95a1000 	C:\WINDOWS\System32\IMM32.DLL
0x00007fffc2550000 - 0x00007fffc255c000 	D:\Android\jbr\bin\vcruntime140_1.dll
0x00007fffb3990000 - 0x00007fffb3a1d000 	D:\Android\jbr\bin\msvcp140.dll
0x00007fff4f2f0000 - 0x00007fff4ff73000 	D:\Android\jbr\bin\server\jvm.dll
0x00007fffca1d0000 - 0x00007fffca282000 	C:\WINDOWS\System32\ADVAPI32.dll
0x00007fffc9d20000 - 0x00007fffc9dc8000 	C:\WINDOWS\System32\sechost.dll
0x00007fffc7ec0000 - 0x00007fffc7ee8000 	C:\WINDOWS\System32\bcrypt.dll
0x00007fffc9780000 - 0x00007fffc9895000 	C:\WINDOWS\System32\RPCRT4.dll
0x00007fffb8030000 - 0x00007fffb8039000 	C:\WINDOWS\SYSTEM32\WSOCK32.dll
0x00007fffc6b80000 - 0x00007fffc6bcd000 	C:\WINDOWS\SYSTEM32\POWRPROF.dll
0x00007fffc9ee0000 - 0x00007fffc9f51000 	C:\WINDOWS\System32\WS2_32.dll
0x00007fffc1030000 - 0x00007fffc103a000 	C:\WINDOWS\SYSTEM32\VERSION.dll
0x00007fffb5340000 - 0x00007fffb5374000 	C:\WINDOWS\SYSTEM32\WINMM.dll
0x00007fffc6b60000 - 0x00007fffc6b73000 	C:\WINDOWS\SYSTEM32\UMPDC.dll
0x00007fffc65d0000 - 0x00007fffc65e8000 	C:\WINDOWS\SYSTEM32\kernel.appcore.dll
0x00007fffc25b0000 - 0x00007fffc25ba000 	D:\Android\jbr\bin\jimage.dll
0x00007fffc4ed0000 - 0x00007fffc5102000 	C:\WINDOWS\SYSTEM32\DBGHELP.DLL
0x00007fffc81e0000 - 0x00007fffc8568000 	C:\WINDOWS\System32\combase.dll
0x00007fffca0f0000 - 0x00007fffca1c7000 	C:\WINDOWS\System32\OLEAUT32.dll
0x00007fffa1a10000 - 0x00007fffa1a42000 	C:\WINDOWS\SYSTEM32\dbgcore.DLL
0x00007fffc7880000 - 0x00007fffc78f9000 	C:\WINDOWS\System32\bcryptPrimitives.dll
0x00007fffb7f20000 - 0x00007fffb7f45000 	D:\Android\jbr\bin\java.dll

dbghelp: loaded successfully - version: 4.0.5 - missing functions: none
symbol engine: initialized successfully - sym options: 0x614 - pdb path: .;D:\Android\jbr\bin;C:\WINDOWS\SYSTEM32;C:\WINDOWS\WinSxS\amd64_microsoft.windows.common-controls_6595b64144ccf1df_6.0.22621.3527_none_270e469b73872a76;D:\Android\jbr\bin\server

VM Arguments:
java_command: org.jetbrains.kotlin.cli.jvm.K2JVMCompiler @D:\COOLYEAH\MSIB\SIBIPEDIA-mobile-v2-main\app\build\20240616_5420988356678693047.compiler.options
java_class_path (initial): D:\COOLYEAH\MSIB\Latihan\Submission Machine Learning\starter-project\starter-project\caches\modules-2\files-2.1\org.jetbrains.kotlin\kotlin-compiler-embeddable\1.9.0\2c8c3a7402becca891f12739b3e9fd2dc2adbd7a\kotlin-compiler-embeddable-1.9.0.jar;D:\COOLYEAH\MSIB\Latihan\Submission Machine Learning\starter-project\starter-project\caches\modules-2\files-2.1\org.jetbrains.kotlin\kotlin-stdlib\1.9.0\8ee15ef0c67dc83d874f412d84378d7f0eb50b63\kotlin-stdlib-1.9.0.jar;D:\COOLYEAH\MSIB\Latihan\Submission Machine Learning\starter-project\starter-project\caches\modules-2\files-2.1\org.jetbrains.kotlin\kotlin-script-runtime\1.9.0\4b3102cbbb7e1b58d9d1adf89563f00069ffa7d1\kotlin-script-runtime-1.9.0.jar;D:\COOLYEAH\MSIB\Latihan\Submission Machine Learning\starter-project\starter-project\caches\modules-2\files-2.1\org.jetbrains.kotlin\kotlin-reflect\1.6.10\1cbe9c92c12a94eea200d23c2bbaedaf3daf5132\kotlin-reflect-1.6.10.jar;D:\COOLYEAH\MSIB\Latihan\Submission Machine Learning\starter-project\starter-project\caches\modules-2\files-2.1\org.jetbrains.kotlin\kotlin-daemon-embeddable\1.9.0\186543f5e28cf8d9a0290fecc2cf34301c40a65c\kotlin-daemon-embeddable-1.9.0.jar;D:\COOLYEAH\MSIB\Latihan\Submission Machine Learning\starter-project\starter-project\caches\modules-2\files-2.1\org.jetbrains.intellij.deps\trove4j\1.0.20200330\3afb14d5f9ceb459d724e907a21145e8ff394f02\trove4j-1.0.20200330.jar;D:\COOLYEAH\MSIB\Latihan\Submission Machine Learning\starter-project\starter-project\caches\modules-2\files-2.1\org.jetbrains.kotlin\kotlin-stdlib-common\1.9.0\cd65c21cfd1eec4d44ef09f9f52b6d9f8a720636\kotlin-stdlib-common-1.9.0.jar;D:\COOLYEAH\MSIB\Latihan\Submission Machine Learning\starter-project\starter-project\caches\modules-2\files-2.1\org.jetbrains\annotations\13.0\919f0dfe192fb4e063e7dacadee7f8bb9a2672a9\annotations-13.0.jar
Launcher Type: SUN_STANDARD

[Global flags]
     intx CICompilerCount                          = 4                                         {product} {ergonomic}
     uint ConcGCThreads                            = 3                                         {product} {ergonomic}
     uint G1ConcRefinementThreads                  = 10                                        {product} {ergonomic}
   size_t G1HeapRegionSize                         = 2097152                                   {product} {ergonomic}
    uintx GCDrainStackTargetSize                   = 64                                        {product} {ergonomic}
   size_t InitialHeapSize                          = 266338304                                 {product} {ergonomic}
   size_t MarkStackSize                            = 4194304                                   {product} {ergonomic}
   size_t MaxHeapSize                              = 4257218560                                {product} {ergonomic}
   size_t MinHeapDeltaBytes                        = 2097152                                   {product} {ergonomic}
   size_t MinHeapSize                              = 8388608                                   {product} {ergonomic}
    uintx NonNMethodCodeHeapSize                   = 5839372                                {pd product} {ergonomic}
    uintx NonProfiledCodeHeapSize                  = 122909434                              {pd product} {ergonomic}
    uintx ProfiledCodeHeapSize                     = 122909434                              {pd product} {ergonomic}
    uintx ReservedCodeCacheSize                    = 251658240                              {pd product} {ergonomic}
     bool SegmentedCodeCache                       = true                                      {product} {ergonomic}
   size_t SoftMaxHeapSize                          = 4257218560                             {manageable} {ergonomic}
     bool UseCompressedClassPointers               = true                           {product lp64_product} {ergonomic}
     bool UseCompressedOops                        = true                           {product lp64_product} {ergonomic}
     bool UseG1GC                                  = true                                      {product} {ergonomic}
     bool UseLargePagesIndividualAllocation        = false                                  {pd product} {ergonomic}

Logging:
Log output configuration:
 #0: stdout all=warning uptime,level,tags
 #1: stderr all=off uptime,level,tags

Environment Variables:
JAVA_HOME=C:\Program Files\JAVVA\jdk-19.0.1
PATH=C:\Program Files\Microsoft MPI\Bin\;C:\Program Files (x86)\NVIDIA Corporation\PhysX\Common;C:\Program Files (x86)\Common Files\Oracle\Java\javapath;C:\WINDOWS\system32;C:\WINDOWS;C:\WINDOWS\System32\Wbem;C:\WINDOWS\System32\WindowsPowerShell\v1.0\;C:\WINDOWS\System32\OpenSSH\;C:\Program Files\NVIDIA Corporation\NVIDIA NvDLISR;C:\Program Files\Go\bin;C:\Program Files\dotnet\;C:\WINDOWS\system32;C:\WINDOWS;C:\WINDOWS\System32\Wbem;C:\WINDOWS\System32\WindowsPowerShell\v1.0\;C:\WINDOWS\System32\OpenSSH\;C:\Program Files\JAVVA\jdk-19.0.1\bin;C:\Program Files\Microsoft SQL Server\150\Tools\Binn\;C:\Program Files\Git\cmd;C:\Program Files\mosquitto;C:\Program Files (x86)\GnuWin32\bin;C:\Gradle\gradle-8.4\bin;C:\Program Files\nodejs\;C:\MinGW\bin;C:\xampp\php;C:\ProgramData\ComposerSetup\bin;C:\Program Files\Microsoft SQL Server\Client SDK\ODBC\170\Tools\Binn\;C:\Users\defry\AppData\Local\Programs\Python\Python310\Scripts\;C:\Users\defry\AppData\Local\Programs\Python\Python310\;C:\Users\defry\AppData\Local\Microsoft\WindowsApps;C:\Users\defry\AppData\Local\Programs\Microsoft VS Code\bin;C:\Users\defry\go\bin;C:\src\flutter\bin;C:\Users\defry\AppData\Local\GitHubDesktop\bin;C:\Users\defry\AppData\Roaming\npm;C:\Users\defry\AppData\Roaming\Composer\vendor\bin;C:\Users\defry\.dotnet\tools
USERNAME=defry
OS=Windows_NT
PROCESSOR_IDENTIFIER=Intel64 Family 6 Model 158 Stepping 10, GenuineIntel
TMP=C:\Users\defry\AppData\Local\Temp
TEMP=C:\Users\defry\AppData\Local\Temp



Periodic native trim disabled

JNI global refs:
JNI global refs: 0, weak refs: 0

JNI global refs memory usage: 0, weak refs: 0

OOME stack traces (most recent first):
Classloader memory used:


---------------  S Y S T E M  ---------------

OS:
 Windows 11 , 64 bit Build 22621 (10.0.22621.3527)
OS uptime: 9 days 20:28 hours
Hyper-V role detected

CPU: total 12 (initial active 12) (6 cores per cpu, 2 threads per core) family 6 model 158 stepping 10 microcode 0xde, cx8, cmov, fxsr, ht, mmx, 3dnowpref, sse, sse2, sse3, ssse3, sse4.1, sse4.2, popcnt, lzcnt, tsc, tscinvbit, avx, avx2, aes, erms, clmul, bmi1, bmi2, adx, fma, vzeroupper, clflush, clflushopt, hv
Processor Information for all 12 processors :
  Max Mhz: 2592, Current Mhz: 2592, Mhz Limit: 2592

Memory: 4k page, system-wide physical 16233M (733M free)
TotalPageFile size 65385M (AvailPageFile size 75M)
current process WorkingSet (physical memory assigned to process): 11M, peak: 11M
current process commit charge ("private bytes"): 64M, peak: 318M

vm_info: OpenJDK 64-Bit Server VM (17.0.10+0--11572160) for windows-amd64 JRE (17.0.10+0--11572160), built on Mar 13 2024 23:56:38 by "androidbuild" with MS VC++ 16.10 / 16.11 (VS2019)

END.
