#
# There is insufficient memory for the Java Runtime Environment to continue.
# Native memory allocation (malloc) failed to allocate 2150736 bytes for Chunk::new
# Possible reasons:
#   The system is out of physical RAM or swap space
#   The process is running with CompressedOops enabled, and the Java Heap may be blocking the growth of the native heap
# Possible solutions:
#   Reduce memory load on the system
#   Increase physical memory or swap space
#   Check if swap backing store is full
#   Decrease Java heap size (-Xmx/-Xms)
#   Decrease number of Java threads
#   Decrease Java thread stack sizes (-Xss)
#   Set larger code cache with -XX:ReservedCodeCacheSize=
#   JVM is running with Unscaled Compressed Oops mode in which the Java heap is
#     placed in the first 4GB address space. The Java Heap base address is the
#     maximum limit for the native heap growth. Please use -XX:HeapBaseMinAddress
#     to set the Java Heap base and to place the Java Heap above 4GB virtual address.
# This output file may be truncated or incomplete.
#
#  Out of Memory Error (arena.cpp:184), pid=24764, tid=9200
#
# JRE version: Java(TM) SE Runtime Environment (19.0.1+10) (build 19.0.1+10-21)
# Java VM: Java HotSpot(TM) 64-Bit Server VM (19.0.1+10-21, mixed mode, sharing, tiered, compressed oops, compressed class ptrs, g1 gc, windows-amd64)
# No core dump will be written. Minidumps are not enabled by default on client versions of Windows
#

---------------  S U M M A R Y ------------

Command Line: --add-opens=java.base/java.util=ALL-UNNAMED --add-opens=java.base/java.lang=ALL-UNNAMED --add-opens=java.base/java.lang.invoke=ALL-UNNAMED --add-opens=java.prefs/java.util.prefs=ALL-UNNAMED --add-opens=java.base/java.nio.charset=ALL-UNNAMED --add-opens=java.base/java.net=ALL-UNNAMED --add-opens=java.base/java.util.concurrent.atomic=ALL-UNNAMED -Xmx2048m -Dfile.encoding=UTF-8 -Duser.country=ID -Duser.language=en -Duser.variant -javaagent:C:\Users\defry\.gradle\wrapper\dists\gradle-8.6-bin\afr5mpiioh2wthjmwnkmdsd5w\gradle-8.6\lib\agents\gradle-instrumentation-agent-8.6.jar org.gradle.launcher.daemon.bootstrap.GradleDaemon 8.6

Host: Intel(R) Core(TM) i7-9750H CPU @ 2.60GHz, 12 cores, 15G,  Windows 11 , 64 bit Build 22621 (10.0.22621.3527)
Time: Sun Jun 16 18:53:54 2024 SE Asia Standard Time elapsed time: 8.922252 seconds (0d 0h 0m 8s)

---------------  T H R E A D  ---------------

Current thread (0x0000027b2ab734a0):  JavaThread "C2 CompilerThread0" daemon [_thread_in_native, id=9200, stack(0x000000fd8bb00000,0x000000fd8bc00000)]


Current CompileTask:
C2:   8922 6438   !   4       java.net.URLClassLoader::findClass (47 bytes)

Stack: [0x000000fd8bb00000,0x000000fd8bc00000]
Native frames: (J=compiled Java code, j=interpreted, Vv=VM code, C=native code)
V  [jvm.dll+0x6ee8fa]
V  [jvm.dll+0x857a1e]
V  [jvm.dll+0x85940e]
V  [jvm.dll+0x859ac3]
V  [jvm.dll+0x28291f]
V  [jvm.dll+0xc9b5f]
V  [jvm.dll+0xc9ee5]
V  [jvm.dll+0x3bcbac]
V  [jvm.dll+0x386201]
V  [jvm.dll+0x38567a]
V  [jvm.dll+0x24c2c9]
V  [jvm.dll+0x24b671]
V  [jvm.dll+0x1d6d61]
V  [jvm.dll+0x25b0fa]
V  [jvm.dll+0x259588]
V  [jvm.dll+0x807928]
V  [jvm.dll+0x8015fa]
V  [jvm.dll+0x6ed5eb]
C  [ucrtbase.dll+0x29333]
C  [KERNEL32.DLL+0x1257d]
C  [ntdll.dll+0x5aa48]


---------------  P R O C E S S  ---------------

Threads class SMR info:
_java_thread_list=0x0000027b33dd7540, length=33, elements={
0x0000027b0be38430, 0x0000027b2ab49970, 0x0000027b2ab4a760, 0x0000027b2ab4c400,
0x0000027b2ab4cf30, 0x0000027b2ab51c80, 0x0000027b2ab72840, 0x0000027b2ab734a0,
0x0000027b2ab77310, 0x0000027b2ab83cb0, 0x0000027b2ab1a790, 0x0000027b2ae3d470,
0x0000027b303370c0, 0x0000027b304c4940, 0x0000027b3097d6c0, 0x0000027b2fa5bc90,
0x0000027b30817040, 0x0000027b30817ee0, 0x0000027b2faf5080, 0x0000027b30878940,
0x0000027b30876960, 0x0000027b30877400, 0x0000027b30876eb0, 0x0000027b30878e90,
0x0000027b30877950, 0x0000027b308783f0, 0x0000027b30877ea0, 0x0000027b308793e0,
0x0000027b30875ec0, 0x0000027b329327e0, 0x0000027b32931d40, 0x0000027b32934d10,
0x0000027b314121d0
}

Java Threads: ( => current thread )
  0x0000027b0be38430 JavaThread "main" [_thread_blocked, id=18808, stack(0x000000fd8ae00000,0x000000fd8af00000)]
  0x0000027b2ab49970 JavaThread "Reference Handler" daemon [_thread_blocked, id=6344, stack(0x000000fd8b500000,0x000000fd8b600000)]
  0x0000027b2ab4a760 JavaThread "Finalizer" daemon [_thread_blocked, id=524, stack(0x000000fd8b600000,0x000000fd8b700000)]
  0x0000027b2ab4c400 JavaThread "Signal Dispatcher" daemon [_thread_blocked, id=29440, stack(0x000000fd8b700000,0x000000fd8b800000)]
  0x0000027b2ab4cf30 JavaThread "Attach Listener" daemon [_thread_blocked, id=7592, stack(0x000000fd8b800000,0x000000fd8b900000)]
  0x0000027b2ab51c80 JavaThread "Service Thread" daemon [_thread_blocked, id=3488, stack(0x000000fd8b900000,0x000000fd8ba00000)]
  0x0000027b2ab72840 JavaThread "Monitor Deflation Thread" daemon [_thread_blocked, id=5004, stack(0x000000fd8ba00000,0x000000fd8bb00000)]
=>0x0000027b2ab734a0 JavaThread "C2 CompilerThread0" daemon [_thread_in_native, id=9200, stack(0x000000fd8bb00000,0x000000fd8bc00000)]
  0x0000027b2ab77310 JavaThread "C1 CompilerThread0" daemon [_thread_blocked, id=28548, stack(0x000000fd8bc00000,0x000000fd8bd00000)]
  0x0000027b2ab83cb0 JavaThread "Sweeper thread" daemon [_thread_blocked, id=19368, stack(0x000000fd8bd00000,0x000000fd8be00000)]
  0x0000027b2ab1a790 JavaThread "Common-Cleaner" daemon [_thread_blocked, id=8776, stack(0x000000fd8be00000,0x000000fd8bf00000)]
  0x0000027b2ae3d470 JavaThread "Notification Thread" daemon [_thread_blocked, id=27524, stack(0x000000fd8bf00000,0x000000fd8c000000)]
  0x0000027b303370c0 JavaThread "Daemon health stats" [_thread_blocked, id=1528, stack(0x000000fd8c700000,0x000000fd8c800000)]
  0x0000027b304c4940 JavaThread "Incoming local TCP Connector on port 54890" [_thread_in_native, id=6260, stack(0x000000fd8c800000,0x000000fd8c900000)]
  0x0000027b3097d6c0 JavaThread "Daemon periodic checks" [_thread_blocked, id=15524, stack(0x000000fd8c900000,0x000000fd8ca00000)]
  0x0000027b2fa5bc90 JavaThread "Daemon" [_thread_blocked, id=11628, stack(0x000000fd8ca00000,0x000000fd8cb00000)]
  0x0000027b30817040 JavaThread "Handler for socket connection from /127.0.0.1:54890 to /127.0.0.1:54891" [_thread_in_native, id=27652, stack(0x000000fd8cb00000,0x000000fd8cc00000)]
  0x0000027b30817ee0 JavaThread "Cancel handler" [_thread_blocked, id=4932, stack(0x000000fd8cc00000,0x000000fd8cd00000)]
  0x0000027b2faf5080 JavaThread "Daemon worker" [_thread_in_vm, id=16196, stack(0x000000fd8cd00000,0x000000fd8ce00000)]
  0x0000027b30878940 JavaThread "Asynchronous log dispatcher for DefaultDaemonConnection: socket connection from /127.0.0.1:54890 to /127.0.0.1:54891" [_thread_blocked, id=15992, stack(0x000000fd8ce00000,0x000000fd8cf00000)]
  0x0000027b30876960 JavaThread "Stdin handler" [_thread_blocked, id=18268, stack(0x000000fd8cf00000,0x000000fd8d000000)]
  0x0000027b30877400 JavaThread "Daemon client event forwarder" [_thread_blocked, id=16916, stack(0x000000fd8d000000,0x000000fd8d100000)]
  0x0000027b30876eb0 JavaThread "Cache worker for journal cache (C:\Users\defry\.gradle\caches\journal-1)" [_thread_blocked, id=9536, stack(0x000000fd8d100000,0x000000fd8d200000)]
  0x0000027b30878e90 JavaThread "File lock request listener" [_thread_in_native, id=17708, stack(0x000000fd8d200000,0x000000fd8d300000)]
  0x0000027b30877950 JavaThread "Cache worker for file hash cache (C:\Users\defry\.gradle\caches\8.6\fileHashes)" [_thread_blocked, id=25180, stack(0x000000fd8d300000,0x000000fd8d400000)]
  0x0000027b308783f0 JavaThread "File watcher server" daemon [_thread_in_native, id=19996, stack(0x000000fd8da00000,0x000000fd8db00000)]
  0x0000027b30877ea0 JavaThread "File watcher consumer" daemon [_thread_blocked, id=6608, stack(0x000000fd8db00000,0x000000fd8dc00000)]
  0x0000027b308793e0 JavaThread "Cache worker for checksums cache (D:\COOLYEAH\MSIB\SIBIPEDIA-mobile-v2-main\.gradle\8.6\checksums)" [_thread_blocked, id=7312, stack(0x000000fd8dc00000,0x000000fd8dd00000)]
  0x0000027b30875ec0 JavaThread "Cache worker for file hash cache (D:\COOLYEAH\MSIB\SIBIPEDIA-mobile-v2-main\.gradle\8.6\fileHashes)" [_thread_blocked, id=7280, stack(0x000000fd8dd00000,0x000000fd8de00000)]
  0x0000027b329327e0 JavaThread "Cache worker for cache directory md-supplier (C:\Users\defry\.gradle\caches\8.6\md-supplier)" [_thread_blocked, id=18672, stack(0x000000fd8de00000,0x000000fd8df00000)]
  0x0000027b32931d40 JavaThread "Cache worker for cache directory md-rule (C:\Users\defry\.gradle\caches\8.6\md-rule)" [_thread_blocked, id=13568, stack(0x000000fd8df00000,0x000000fd8e000000)]
  0x0000027b32934d10 JavaThread "Cache worker for file content cache (C:\Users\defry\.gradle\caches\8.6\fileContent)" [_thread_blocked, id=23276, stack(0x000000fd8e000000,0x000000fd8e100000)]
  0x0000027b314121d0 JavaThread "C2 CompilerThread1" daemon [_thread_in_native, id=21064, stack(0x000000fd8c100000,0x000000fd8c200000)]

Other Threads:
  0x0000027b2ab2eb90 VMThread "VM Thread" [stack: 0x000000fd8b400000,0x000000fd8b500000] [id=3928]
  0x0000027b2ae40800 WatcherThread "VM Periodic Task Thread" [stack: 0x000000fd8c000000,0x000000fd8c100000] [id=6896]
  0x0000027b09d4d900 WorkerThread "GC Thread#0" [stack: 0x000000fd8af00000,0x000000fd8b000000] [id=14392]
  0x0000027b2f259990 WorkerThread "GC Thread#1" [stack: 0x000000fd8c200000,0x000000fd8c300000] [id=16224]
  0x0000027b2f259f30 WorkerThread "GC Thread#2" [stack: 0x000000fd8c300000,0x000000fd8c400000] [id=13616]
  0x0000027b2f25a7a0 WorkerThread "GC Thread#3" [stack: 0x000000fd8c400000,0x000000fd8c500000] [id=3192]
  0x0000027b2f258e50 WorkerThread "GC Thread#4" [stack: 0x000000fd8c500000,0x000000fd8c600000] [id=23960]
  0x0000027b2f25aa70 WorkerThread "GC Thread#5" [stack: 0x000000fd8c600000,0x000000fd8c700000] [id=22820]
  0x0000027b30ba2f90 WorkerThread "GC Thread#6" [stack: 0x000000fd8d400000,0x000000fd8d500000] [id=10052]
  0x0000027b30ba5150 WorkerThread "GC Thread#7" [stack: 0x000000fd8d500000,0x000000fd8d600000] [id=28156]
  0x0000027b30ba2cc0 WorkerThread "GC Thread#8" [stack: 0x000000fd8d600000,0x000000fd8d700000] [id=3308]
  0x0000027b30ba1be0 WorkerThread "GC Thread#9" [stack: 0x000000fd8d700000,0x000000fd8d800000] [id=9484]
  0x0000027b0bea7770 ConcurrentGCThread "G1 Main Marker" [stack: 0x000000fd8b000000,0x000000fd8b100000] [id=13180]
  0x0000027b0bea8750 WorkerThread "G1 Conc#0" [stack: 0x000000fd8b100000,0x000000fd8b200000] [id=13504]
  0x0000027b30ba1eb0 WorkerThread "G1 Conc#1" [stack: 0x000000fd8d800000,0x000000fd8d900000] [id=21928]
  0x0000027b30ba4e80 WorkerThread "G1 Conc#2" [stack: 0x000000fd8d900000,0x000000fd8da00000] [id=13136]
  0x0000027b2aa68a90 ConcurrentGCThread "G1 Refine#0" [stack: 0x000000fd8b200000,0x000000fd8b300000] [id=17460]
  0x0000027b2aa695d0 ConcurrentGCThread "G1 Service" [stack: 0x000000fd8b300000,0x000000fd8b400000] [id=5272]

Threads with active compile tasks:
C2 CompilerThread0     8958 6438   !   4       java.net.URLClassLoader::findClass (47 bytes)
C2 CompilerThread1     8958 6481   !   4       java.net.URLClassLoader::defineClass (224 bytes)

VM state: not at safepoint (normal execution)

VM Mutex/Monitor currently owned by a thread: None

Heap address: 0x0000000080000000, size: 2048 MB, Compressed Oops mode: 32-bit

CDS archive(s) mapped at: [0x0000000800000000-0x0000000800c40000-0x0000000800c40000), size 12845056, SharedBaseAddress: 0x0000000800000000, ArchiveRelocationMode: 0.
Compressed class space mapped at: 0x0000000801000000-0x0000000841000000, reserved size: 1073741824
Narrow klass base: 0x0000000800000000, Narrow klass shift: 0, Narrow klass range: 0x100000000

GC Precious Log:
 CardTable entry size: 512
 Card Set container configuration: InlinePtr #cards 5 size 8 Array Of Cards #cards 12 size 40 Howl #buckets 4 coarsen threshold 1843 Howl Bitmap #cards 512 size 80 coarsen threshold 460 Card regions per heap region 1 cards per card region 2048
 CPUs: 12 total, 12 available
 Memory: 16233M
 Large Page Support: Disabled
 NUMA Support: Disabled
 Compressed Oops: Enabled (32-bit)
 Heap Region Size: 1M
 Heap Min Capacity: 8M
 Heap Initial Capacity: 254M
 Heap Max Capacity: 2G
 Pre-touch: Disabled
 Parallel Workers: 10
 Concurrent Workers: 3
 Concurrent Refinement Workers: 10
 Periodic GC: Disabled

Heap:
 garbage-first heap   total 269312K, used 136852K [0x0000000080000000, 0x0000000100000000)
  region size 1024K, 79 young (80896K), 4 survivors (4096K)
 Metaspace       used 77822K, committed 79488K, reserved 1179648K
  class space    used 10204K, committed 11072K, reserved 1048576K

Heap Regions: E=young(eden), S=young(survivor), O=old, HS=humongous(starts), HC=humongous(continues), CS=collection set, F=free, OA=open archive, CA=closed archive, TAMS=top-at-mark-start (previous, next)
|   0|0x0000000080000000, 0x0000000080100000, 0x0000000080100000|100%|HS|  |TAMS 0x0000000080100000, 0x0000000080000000| Complete 
|   1|0x0000000080100000, 0x0000000080200000, 0x0000000080200000|100%|HC|  |TAMS 0x0000000080200000, 0x0000000080100000| Complete 
|   2|0x0000000080200000, 0x0000000080300000, 0x0000000080300000|100%|HC|  |TAMS 0x0000000080300000, 0x0000000080200000| Complete 
|   3|0x0000000080300000, 0x0000000080400000, 0x0000000080400000|100%|HC|  |TAMS 0x0000000080400000, 0x0000000080300000| Complete 
|   4|0x0000000080400000, 0x0000000080500000, 0x0000000080500000|100%| O|  |TAMS 0x0000000080400000, 0x0000000080400000| Untracked 
|   5|0x0000000080500000, 0x0000000080600000, 0x0000000080600000|100%| O|  |TAMS 0x0000000080600000, 0x0000000080500000| Untracked 
|   6|0x0000000080600000, 0x0000000080700000, 0x0000000080700000|100%| O|  |TAMS 0x0000000080700000, 0x0000000080600000| Untracked 
|   7|0x0000000080700000, 0x0000000080800000, 0x0000000080800000|100%| O|  |TAMS 0x0000000080800000, 0x0000000080700000| Untracked 
|   8|0x0000000080800000, 0x0000000080900000, 0x0000000080900000|100%| O|  |TAMS 0x0000000080900000, 0x0000000080800000| Untracked 
|   9|0x0000000080900000, 0x0000000080a00000, 0x0000000080a00000|100%| O|  |TAMS 0x0000000080a00000, 0x0000000080900000| Untracked 
|  10|0x0000000080a00000, 0x0000000080b00000, 0x0000000080b00000|100%| O|  |TAMS 0x0000000080b00000, 0x0000000080a00000| Untracked 
|  11|0x0000000080b00000, 0x0000000080c00000, 0x0000000080c00000|100%| O|  |TAMS 0x0000000080c00000, 0x0000000080b00000| Untracked 
|  12|0x0000000080c00000, 0x0000000080d00000, 0x0000000080d00000|100%| O|  |TAMS 0x0000000080d00000, 0x0000000080c00000| Untracked 
|  13|0x0000000080d00000, 0x0000000080e00000, 0x0000000080e00000|100%| O|  |TAMS 0x0000000080e00000, 0x0000000080d00000| Untracked 
|  14|0x0000000080e00000, 0x0000000080f00000, 0x0000000080f00000|100%| O|  |TAMS 0x0000000080f00000, 0x0000000080e00000| Untracked 
|  15|0x0000000080f00000, 0x0000000081000000, 0x0000000081000000|100%| O|  |TAMS 0x0000000081000000, 0x0000000080f00000| Untracked 
|  16|0x0000000081000000, 0x0000000081100000, 0x0000000081100000|100%| O|  |TAMS 0x0000000081100000, 0x0000000081000000| Untracked 
|  17|0x0000000081100000, 0x0000000081200000, 0x0000000081200000|100%| O|  |TAMS 0x0000000081200000, 0x0000000081100000| Untracked 
|  18|0x0000000081200000, 0x0000000081300000, 0x0000000081300000|100%| O|  |TAMS 0x0000000081300000, 0x0000000081200000| Untracked 
|  19|0x0000000081300000, 0x0000000081400000, 0x0000000081400000|100%| O|  |TAMS 0x0000000081400000, 0x0000000081300000| Untracked 
|  20|0x0000000081400000, 0x0000000081500000, 0x0000000081500000|100%| O|  |TAMS 0x0000000081500000, 0x0000000081400000| Untracked 
|  21|0x0000000081500000, 0x0000000081600000, 0x0000000081600000|100%| O|  |TAMS 0x0000000081600000, 0x0000000081500000| Untracked 
|  22|0x0000000081600000, 0x0000000081700000, 0x0000000081700000|100%| O|  |TAMS 0x0000000081700000, 0x0000000081600000| Untracked 
|  23|0x0000000081700000, 0x0000000081800000, 0x0000000081800000|100%| O|  |TAMS 0x0000000081800000, 0x0000000081700000| Untracked 
|  24|0x0000000081800000, 0x0000000081900000, 0x0000000081900000|100%| O|  |TAMS 0x0000000081900000, 0x0000000081800000| Untracked 
|  25|0x0000000081900000, 0x0000000081900000, 0x0000000081a00000|  0%| F|  |TAMS 0x0000000081900000, 0x0000000081900000| Untracked 
|  26|0x0000000081a00000, 0x0000000081b00000, 0x0000000081b00000|100%| O|  |TAMS 0x0000000081b00000, 0x0000000081a00000| Untracked 
|  27|0x0000000081b00000, 0x0000000081c00000, 0x0000000081c00000|100%| O|  |TAMS 0x0000000081c00000, 0x0000000081b00000| Untracked 
|  28|0x0000000081c00000, 0x0000000081d00000, 0x0000000081d00000|100%| O|  |TAMS 0x0000000081d00000, 0x0000000081c00000| Untracked 
|  29|0x0000000081d00000, 0x0000000081e00000, 0x0000000081e00000|100%| O|  |TAMS 0x0000000081e00000, 0x0000000081d00000| Untracked 
|  30|0x0000000081e00000, 0x0000000081f00000, 0x0000000081f00000|100%| O|  |TAMS 0x0000000081f00000, 0x0000000081e00000| Untracked 
|  31|0x0000000081f00000, 0x0000000082000000, 0x0000000082000000|100%| O|  |TAMS 0x0000000082000000, 0x0000000081f00000| Untracked 
|  32|0x0000000082000000, 0x0000000082100000, 0x0000000082100000|100%| O|  |TAMS 0x0000000082039e00, 0x0000000082000000| Untracked 
|  33|0x0000000082100000, 0x0000000082200000, 0x0000000082200000|100%| O|  |TAMS 0x0000000082100000, 0x0000000082100000| Untracked 
|  34|0x0000000082200000, 0x0000000082300000, 0x0000000082300000|100%| O|  |TAMS 0x0000000082200000, 0x0000000082200000| Untracked 
|  35|0x0000000082300000, 0x0000000082400000, 0x0000000082400000|100%| O|  |TAMS 0x0000000082300000, 0x0000000082300000| Untracked 
|  36|0x0000000082400000, 0x0000000082500000, 0x0000000082500000|100%| O|  |TAMS 0x0000000082400000, 0x0000000082400000| Untracked 
|  37|0x0000000082500000, 0x0000000082600000, 0x0000000082600000|100%| O|  |TAMS 0x0000000082500000, 0x0000000082500000| Untracked 
|  38|0x0000000082600000, 0x0000000082700000, 0x0000000082700000|100%| O|  |TAMS 0x0000000082600000, 0x0000000082600000| Untracked 
|  39|0x0000000082700000, 0x0000000082800000, 0x0000000082800000|100%|HS|  |TAMS 0x0000000082800000, 0x0000000082700000| Complete 
|  40|0x0000000082800000, 0x0000000082900000, 0x0000000082900000|100%|HC|  |TAMS 0x0000000082900000, 0x0000000082800000| Complete 
|  41|0x0000000082900000, 0x0000000082a00000, 0x0000000082a00000|100%|HC|  |TAMS 0x0000000082a00000, 0x0000000082900000| Complete 
|  42|0x0000000082a00000, 0x0000000082b00000, 0x0000000082b00000|100%|HC|  |TAMS 0x0000000082b00000, 0x0000000082a00000| Complete 
|  43|0x0000000082b00000, 0x0000000082c00000, 0x0000000082c00000|100%|HC|  |TAMS 0x0000000082c00000, 0x0000000082b00000| Complete 
|  44|0x0000000082c00000, 0x0000000082d00000, 0x0000000082d00000|100%|HC|  |TAMS 0x0000000082d00000, 0x0000000082c00000| Complete 
|  45|0x0000000082d00000, 0x0000000082e00000, 0x0000000082e00000|100%|HS|  |TAMS 0x0000000082e00000, 0x0000000082d00000| Complete 
|  46|0x0000000082e00000, 0x0000000082f00000, 0x0000000082f00000|100%| O|  |TAMS 0x0000000082e00000, 0x0000000082e00000| Untracked 
|  47|0x0000000082f00000, 0x0000000083000000, 0x0000000083000000|100%| O|  |TAMS 0x0000000082f00000, 0x0000000082f00000| Untracked 
|  48|0x0000000083000000, 0x0000000083100000, 0x0000000083100000|100%| O|  |TAMS 0x0000000083000000, 0x0000000083000000| Untracked 
|  49|0x0000000083100000, 0x0000000083200000, 0x0000000083200000|100%| O|  |TAMS 0x0000000083100000, 0x0000000083100000| Untracked 
|  50|0x0000000083200000, 0x0000000083300000, 0x0000000083300000|100%| O|  |TAMS 0x0000000083200000, 0x0000000083200000| Untracked 
|  51|0x0000000083300000, 0x0000000083400000, 0x0000000083400000|100%| O|  |TAMS 0x0000000083300000, 0x0000000083300000| Untracked 
|  52|0x0000000083400000, 0x0000000083500000, 0x0000000083500000|100%| O|  |TAMS 0x0000000083400000, 0x0000000083400000| Untracked 
|  53|0x0000000083500000, 0x0000000083600000, 0x0000000083600000|100%| O|  |TAMS 0x0000000083500000, 0x0000000083500000| Untracked 
|  54|0x0000000083600000, 0x0000000083700000, 0x0000000083700000|100%| O|  |TAMS 0x0000000083600000, 0x0000000083600000| Untracked 
|  55|0x0000000083700000, 0x0000000083800000, 0x0000000083800000|100%| O|  |TAMS 0x0000000083700000, 0x0000000083700000| Untracked 
|  56|0x0000000083800000, 0x0000000083900000, 0x0000000083900000|100%| O|  |TAMS 0x0000000083800000, 0x0000000083800000| Untracked 
|  57|0x0000000083900000, 0x0000000083948000, 0x0000000083a00000| 28%| O|  |TAMS 0x0000000083900000, 0x0000000083900000| Untracked 
|  58|0x0000000083a00000, 0x0000000083a00000, 0x0000000083b00000|  0%| F|  |TAMS 0x0000000083a00000, 0x0000000083a00000| Untracked 
|  59|0x0000000083b00000, 0x0000000083b00000, 0x0000000083c00000|  0%| F|  |TAMS 0x0000000083b00000, 0x0000000083b00000| Untracked 
|  60|0x0000000083c00000, 0x0000000083c00000, 0x0000000083d00000|  0%| F|  |TAMS 0x0000000083c00000, 0x0000000083c00000| Untracked 
|  61|0x0000000083d00000, 0x0000000083d00000, 0x0000000083e00000|  0%| F|  |TAMS 0x0000000083d00000, 0x0000000083d00000| Untracked 
|  62|0x0000000083e00000, 0x0000000083e00000, 0x0000000083f00000|  0%| F|  |TAMS 0x0000000083e00000, 0x0000000083e00000| Untracked 
|  63|0x0000000083f00000, 0x0000000083f00000, 0x0000000084000000|  0%| F|  |TAMS 0x0000000083f00000, 0x0000000083f00000| Untracked 
|  64|0x0000000084000000, 0x0000000084000000, 0x0000000084100000|  0%| F|  |TAMS 0x0000000084000000, 0x0000000084000000| Untracked 
|  65|0x0000000084100000, 0x0000000084100000, 0x0000000084200000|  0%| F|  |TAMS 0x0000000084100000, 0x0000000084100000| Untracked 
|  66|0x0000000084200000, 0x0000000084200000, 0x0000000084300000|  0%| F|  |TAMS 0x0000000084200000, 0x0000000084200000| Untracked 
|  67|0x0000000084300000, 0x0000000084300000, 0x0000000084400000|  0%| F|  |TAMS 0x0000000084300000, 0x0000000084300000| Untracked 
|  68|0x0000000084400000, 0x0000000084400000, 0x0000000084500000|  0%| F|  |TAMS 0x0000000084400000, 0x0000000084400000| Untracked 
|  69|0x0000000084500000, 0x0000000084500000, 0x0000000084600000|  0%| F|  |TAMS 0x0000000084500000, 0x0000000084500000| Untracked 
|  70|0x0000000084600000, 0x0000000084600000, 0x0000000084700000|  0%| F|  |TAMS 0x0000000084600000, 0x0000000084600000| Untracked 
|  71|0x0000000084700000, 0x0000000084700000, 0x0000000084800000|  0%| F|  |TAMS 0x0000000084700000, 0x0000000084700000| Untracked 
|  72|0x0000000084800000, 0x0000000084800000, 0x0000000084900000|  0%| F|  |TAMS 0x0000000084800000, 0x0000000084800000| Untracked 
|  73|0x0000000084900000, 0x0000000084900000, 0x0000000084a00000|  0%| F|  |TAMS 0x0000000084900000, 0x0000000084900000| Untracked 
|  74|0x0000000084a00000, 0x0000000084a00000, 0x0000000084b00000|  0%| F|  |TAMS 0x0000000084a00000, 0x0000000084a00000| Untracked 
|  75|0x0000000084b00000, 0x0000000084b00000, 0x0000000084c00000|  0%| F|  |TAMS 0x0000000084b00000, 0x0000000084b00000| Untracked 
|  76|0x0000000084c00000, 0x0000000084c00000, 0x0000000084d00000|  0%| F|  |TAMS 0x0000000084c00000, 0x0000000084c00000| Untracked 
|  77|0x0000000084d00000, 0x0000000084d00000, 0x0000000084e00000|  0%| F|  |TAMS 0x0000000084d00000, 0x0000000084d00000| Untracked 
|  78|0x0000000084e00000, 0x0000000084e00000, 0x0000000084f00000|  0%| F|  |TAMS 0x0000000084e00000, 0x0000000084e00000| Untracked 
|  79|0x0000000084f00000, 0x0000000084f00000, 0x0000000085000000|  0%| F|  |TAMS 0x0000000084f00000, 0x0000000084f00000| Untracked 
|  80|0x0000000085000000, 0x0000000085000000, 0x0000000085100000|  0%| F|  |TAMS 0x0000000085000000, 0x0000000085000000| Untracked 
|  81|0x0000000085100000, 0x0000000085100000, 0x0000000085200000|  0%| F|  |TAMS 0x0000000085100000, 0x0000000085100000| Untracked 
|  82|0x0000000085200000, 0x0000000085200000, 0x0000000085300000|  0%| F|  |TAMS 0x0000000085200000, 0x0000000085200000| Untracked 
|  83|0x0000000085300000, 0x000000008535d080, 0x0000000085400000| 36%| S|CS|TAMS 0x0000000085300000, 0x0000000085300000| Complete 
|  84|0x0000000085400000, 0x0000000085500000, 0x0000000085500000|100%| S|CS|TAMS 0x0000000085400000, 0x0000000085400000| Complete 
|  85|0x0000000085500000, 0x00000000855ffff8, 0x0000000085600000| 99%| S|CS|TAMS 0x0000000085500000, 0x0000000085500000| Complete 
|  86|0x0000000085600000, 0x0000000085700000, 0x0000000085700000|100%| S|CS|TAMS 0x0000000085600000, 0x0000000085600000| Complete 
|  87|0x0000000085700000, 0x0000000085700000, 0x0000000085800000|  0%| F|  |TAMS 0x0000000085700000, 0x0000000085700000| Untracked 
|  88|0x0000000085800000, 0x0000000085800000, 0x0000000085900000|  0%| F|  |TAMS 0x0000000085800000, 0x0000000085800000| Untracked 
|  89|0x0000000085900000, 0x0000000085900000, 0x0000000085a00000|  0%| F|  |TAMS 0x0000000085900000, 0x0000000085900000| Untracked 
|  90|0x0000000085a00000, 0x0000000085a00000, 0x0000000085b00000|  0%| F|  |TAMS 0x0000000085a00000, 0x0000000085a00000| Untracked 
|  91|0x0000000085b00000, 0x0000000085b00000, 0x0000000085c00000|  0%| F|  |TAMS 0x0000000085b00000, 0x0000000085b00000| Untracked 
|  92|0x0000000085c00000, 0x0000000085c00000, 0x0000000085d00000|  0%| F|  |TAMS 0x0000000085c00000, 0x0000000085c00000| Untracked 
|  93|0x0000000085d00000, 0x0000000085d00000, 0x0000000085e00000|  0%| F|  |TAMS 0x0000000085d00000, 0x0000000085d00000| Untracked 
|  94|0x0000000085e00000, 0x0000000085e00000, 0x0000000085f00000|  0%| F|  |TAMS 0x0000000085e00000, 0x0000000085e00000| Untracked 
|  95|0x0000000085f00000, 0x0000000085f00000, 0x0000000086000000|  0%| F|  |TAMS 0x0000000085f00000, 0x0000000085f00000| Untracked 
|  96|0x0000000086000000, 0x0000000086000000, 0x0000000086100000|  0%| F|  |TAMS 0x0000000086000000, 0x0000000086000000| Untracked 
|  97|0x0000000086100000, 0x0000000086100000, 0x0000000086200000|  0%| F|  |TAMS 0x0000000086100000, 0x0000000086100000| Untracked 
|  98|0x0000000086200000, 0x0000000086200000, 0x0000000086300000|  0%| F|  |TAMS 0x0000000086200000, 0x0000000086200000| Untracked 
|  99|0x0000000086300000, 0x0000000086300000, 0x0000000086400000|  0%| F|  |TAMS 0x0000000086300000, 0x0000000086300000| Untracked 
| 100|0x0000000086400000, 0x0000000086400000, 0x0000000086500000|  0%| F|  |TAMS 0x0000000086400000, 0x0000000086400000| Untracked 
| 101|0x0000000086500000, 0x0000000086500000, 0x0000000086600000|  0%| F|  |TAMS 0x0000000086500000, 0x0000000086500000| Untracked 
| 102|0x0000000086600000, 0x0000000086600000, 0x0000000086700000|  0%| F|  |TAMS 0x0000000086600000, 0x0000000086600000| Untracked 
| 103|0x0000000086700000, 0x0000000086700000, 0x0000000086800000|  0%| F|  |TAMS 0x0000000086700000, 0x0000000086700000| Untracked 
| 104|0x0000000086800000, 0x0000000086800000, 0x0000000086900000|  0%| F|  |TAMS 0x0000000086800000, 0x0000000086800000| Untracked 
| 105|0x0000000086900000, 0x0000000086900000, 0x0000000086a00000|  0%| F|  |TAMS 0x0000000086900000, 0x0000000086900000| Untracked 
| 106|0x0000000086a00000, 0x0000000086a00000, 0x0000000086b00000|  0%| F|  |TAMS 0x0000000086a00000, 0x0000000086a00000| Untracked 
| 107|0x0000000086b00000, 0x0000000086b00000, 0x0000000086c00000|  0%| F|  |TAMS 0x0000000086b00000, 0x0000000086b00000| Untracked 
| 108|0x0000000086c00000, 0x0000000086c00000, 0x0000000086d00000|  0%| F|  |TAMS 0x0000000086c00000, 0x0000000086c00000| Untracked 
| 109|0x0000000086d00000, 0x0000000086d00000, 0x0000000086e00000|  0%| F|  |TAMS 0x0000000086d00000, 0x0000000086d00000| Untracked 
| 110|0x0000000086e00000, 0x0000000086e00000, 0x0000000086f00000|  0%| F|  |TAMS 0x0000000086e00000, 0x0000000086e00000| Untracked 
| 111|0x0000000086f00000, 0x0000000086f00000, 0x0000000087000000|  0%| F|  |TAMS 0x0000000086f00000, 0x0000000086f00000| Untracked 
| 112|0x0000000087000000, 0x0000000087000000, 0x0000000087100000|  0%| F|  |TAMS 0x0000000087000000, 0x0000000087000000| Untracked 
| 113|0x0000000087100000, 0x0000000087100000, 0x0000000087200000|  0%| F|  |TAMS 0x0000000087100000, 0x0000000087100000| Untracked 
| 114|0x0000000087200000, 0x0000000087200000, 0x0000000087300000|  0%| F|  |TAMS 0x0000000087200000, 0x0000000087200000| Untracked 
| 115|0x0000000087300000, 0x0000000087300000, 0x0000000087400000|  0%| F|  |TAMS 0x0000000087300000, 0x0000000087300000| Untracked 
| 116|0x0000000087400000, 0x0000000087400000, 0x0000000087500000|  0%| F|  |TAMS 0x0000000087400000, 0x0000000087400000| Untracked 
| 117|0x0000000087500000, 0x0000000087500000, 0x0000000087600000|  0%| F|  |TAMS 0x0000000087500000, 0x0000000087500000| Untracked 
| 118|0x0000000087600000, 0x0000000087600000, 0x0000000087700000|  0%| F|  |TAMS 0x0000000087600000, 0x0000000087600000| Untracked 
| 119|0x0000000087700000, 0x0000000087700000, 0x0000000087800000|  0%| F|  |TAMS 0x0000000087700000, 0x0000000087700000| Untracked 
| 120|0x0000000087800000, 0x0000000087800000, 0x0000000087900000|  0%| F|  |TAMS 0x0000000087800000, 0x0000000087800000| Untracked 
| 121|0x0000000087900000, 0x0000000087900000, 0x0000000087a00000|  0%| F|  |TAMS 0x0000000087900000, 0x0000000087900000| Untracked 
| 122|0x0000000087a00000, 0x0000000087a00000, 0x0000000087b00000|  0%| F|  |TAMS 0x0000000087a00000, 0x0000000087a00000| Untracked 
| 123|0x0000000087b00000, 0x0000000087b00000, 0x0000000087c00000|  0%| F|  |TAMS 0x0000000087b00000, 0x0000000087b00000| Untracked 
| 124|0x0000000087c00000, 0x0000000087c00000, 0x0000000087d00000|  0%| F|  |TAMS 0x0000000087c00000, 0x0000000087c00000| Untracked 
| 125|0x0000000087d00000, 0x0000000087d00000, 0x0000000087e00000|  0%| F|  |TAMS 0x0000000087d00000, 0x0000000087d00000| Untracked 
| 126|0x0000000087e00000, 0x0000000087e00000, 0x0000000087f00000|  0%| F|  |TAMS 0x0000000087e00000, 0x0000000087e00000| Untracked 
| 127|0x0000000087f00000, 0x0000000087f00000, 0x0000000088000000|  0%| F|  |TAMS 0x0000000087f00000, 0x0000000087f00000| Untracked 
| 128|0x0000000088000000, 0x0000000088000000, 0x0000000088100000|  0%| F|  |TAMS 0x0000000088000000, 0x0000000088000000| Untracked 
| 129|0x0000000088100000, 0x0000000088100000, 0x0000000088200000|  0%| F|  |TAMS 0x0000000088100000, 0x0000000088100000| Untracked 
| 130|0x0000000088200000, 0x0000000088200000, 0x0000000088300000|  0%| F|  |TAMS 0x0000000088200000, 0x0000000088200000| Untracked 
| 131|0x0000000088300000, 0x0000000088300000, 0x0000000088400000|  0%| F|  |TAMS 0x0000000088300000, 0x0000000088300000| Untracked 
| 132|0x0000000088400000, 0x0000000088400000, 0x0000000088500000|  0%| F|  |TAMS 0x0000000088400000, 0x0000000088400000| Untracked 
| 133|0x0000000088500000, 0x0000000088500000, 0x0000000088600000|  0%| F|  |TAMS 0x0000000088500000, 0x0000000088500000| Untracked 
| 134|0x0000000088600000, 0x0000000088600000, 0x0000000088700000|  0%| F|  |TAMS 0x0000000088600000, 0x0000000088600000| Untracked 
| 135|0x0000000088700000, 0x0000000088700000, 0x0000000088800000|  0%| F|  |TAMS 0x0000000088700000, 0x0000000088700000| Untracked 
| 136|0x0000000088800000, 0x0000000088800000, 0x0000000088900000|  0%| F|  |TAMS 0x0000000088800000, 0x0000000088800000| Untracked 
| 137|0x0000000088900000, 0x0000000088900000, 0x0000000088a00000|  0%| F|  |TAMS 0x0000000088900000, 0x0000000088900000| Untracked 
| 138|0x0000000088a00000, 0x0000000088a00000, 0x0000000088b00000|  0%| F|  |TAMS 0x0000000088a00000, 0x0000000088a00000| Untracked 
| 139|0x0000000088b00000, 0x0000000088b00000, 0x0000000088c00000|  0%| F|  |TAMS 0x0000000088b00000, 0x0000000088b00000| Untracked 
| 140|0x0000000088c00000, 0x0000000088c00000, 0x0000000088d00000|  0%| F|  |TAMS 0x0000000088c00000, 0x0000000088c00000| Untracked 
| 141|0x0000000088d00000, 0x0000000088d00000, 0x0000000088e00000|  0%| F|  |TAMS 0x0000000088d00000, 0x0000000088d00000| Untracked 
| 142|0x0000000088e00000, 0x0000000088e00000, 0x0000000088f00000|  0%| F|  |TAMS 0x0000000088e00000, 0x0000000088e00000| Untracked 
| 143|0x0000000088f00000, 0x0000000088f00000, 0x0000000089000000|  0%| F|  |TAMS 0x0000000088f00000, 0x0000000088f00000| Untracked 
| 144|0x0000000089000000, 0x0000000089000000, 0x0000000089100000|  0%| F|  |TAMS 0x0000000089000000, 0x0000000089000000| Untracked 
| 145|0x0000000089100000, 0x0000000089100000, 0x0000000089200000|  0%| F|  |TAMS 0x0000000089100000, 0x0000000089100000| Untracked 
| 146|0x0000000089200000, 0x0000000089200000, 0x0000000089300000|  0%| F|  |TAMS 0x0000000089200000, 0x0000000089200000| Untracked 
| 147|0x0000000089300000, 0x0000000089300000, 0x0000000089400000|  0%| F|  |TAMS 0x0000000089300000, 0x0000000089300000| Untracked 
| 148|0x0000000089400000, 0x0000000089400000, 0x0000000089500000|  0%| F|  |TAMS 0x0000000089400000, 0x0000000089400000| Untracked 
| 149|0x0000000089500000, 0x0000000089500000, 0x0000000089600000|  0%| F|  |TAMS 0x0000000089500000, 0x0000000089500000| Untracked 
| 150|0x0000000089600000, 0x0000000089600000, 0x0000000089700000|  0%| F|  |TAMS 0x0000000089600000, 0x0000000089600000| Untracked 
| 151|0x0000000089700000, 0x0000000089700000, 0x0000000089800000|  0%| F|  |TAMS 0x0000000089700000, 0x0000000089700000| Untracked 
| 152|0x0000000089800000, 0x0000000089800000, 0x0000000089900000|  0%| F|  |TAMS 0x0000000089800000, 0x0000000089800000| Untracked 
| 153|0x0000000089900000, 0x0000000089900000, 0x0000000089a00000|  0%| F|  |TAMS 0x0000000089900000, 0x0000000089900000| Untracked 
| 154|0x0000000089a00000, 0x0000000089a00000, 0x0000000089b00000|  0%| F|  |TAMS 0x0000000089a00000, 0x0000000089a00000| Untracked 
| 155|0x0000000089b00000, 0x0000000089b00000, 0x0000000089c00000|  0%| F|  |TAMS 0x0000000089b00000, 0x0000000089b00000| Untracked 
| 156|0x0000000089c00000, 0x0000000089c00000, 0x0000000089d00000|  0%| F|  |TAMS 0x0000000089c00000, 0x0000000089c00000| Untracked 
| 157|0x0000000089d00000, 0x0000000089d00000, 0x0000000089e00000|  0%| F|  |TAMS 0x0000000089d00000, 0x0000000089d00000| Untracked 
| 158|0x0000000089e00000, 0x0000000089e00000, 0x0000000089f00000|  0%| F|  |TAMS 0x0000000089e00000, 0x0000000089e00000| Untracked 
| 159|0x0000000089f00000, 0x0000000089f00000, 0x000000008a000000|  0%| F|  |TAMS 0x0000000089f00000, 0x0000000089f00000| Untracked 
| 160|0x000000008a000000, 0x000000008a000000, 0x000000008a100000|  0%| F|  |TAMS 0x000000008a000000, 0x000000008a000000| Untracked 
| 161|0x000000008a100000, 0x000000008a100000, 0x000000008a200000|  0%| F|  |TAMS 0x000000008a100000, 0x000000008a100000| Untracked 
| 162|0x000000008a200000, 0x000000008a200000, 0x000000008a300000|  0%| F|  |TAMS 0x000000008a200000, 0x000000008a200000| Untracked 
| 163|0x000000008a300000, 0x000000008a300000, 0x000000008a400000|  0%| F|  |TAMS 0x000000008a300000, 0x000000008a300000| Untracked 
| 164|0x000000008a400000, 0x000000008a400000, 0x000000008a500000|  0%| F|  |TAMS 0x000000008a400000, 0x000000008a400000| Untracked 
| 165|0x000000008a500000, 0x000000008a500000, 0x000000008a600000|  0%| F|  |TAMS 0x000000008a500000, 0x000000008a500000| Untracked 
| 166|0x000000008a600000, 0x000000008a600000, 0x000000008a700000|  0%| F|  |TAMS 0x000000008a600000, 0x000000008a600000| Untracked 
| 167|0x000000008a700000, 0x000000008a700000, 0x000000008a800000|  0%| F|  |TAMS 0x000000008a700000, 0x000000008a700000| Untracked 
| 168|0x000000008a800000, 0x000000008a800000, 0x000000008a900000|  0%| F|  |TAMS 0x000000008a800000, 0x000000008a800000| Untracked 
| 169|0x000000008a900000, 0x000000008a900000, 0x000000008aa00000|  0%| F|  |TAMS 0x000000008a900000, 0x000000008a900000| Untracked 
| 170|0x000000008aa00000, 0x000000008aa00000, 0x000000008ab00000|  0%| F|  |TAMS 0x000000008aa00000, 0x000000008aa00000| Untracked 
| 171|0x000000008ab00000, 0x000000008ab00000, 0x000000008ac00000|  0%| F|  |TAMS 0x000000008ab00000, 0x000000008ab00000| Untracked 
| 172|0x000000008ac00000, 0x000000008ac00000, 0x000000008ad00000|  0%| F|  |TAMS 0x000000008ac00000, 0x000000008ac00000| Untracked 
| 173|0x000000008ad00000, 0x000000008ad00000, 0x000000008ae00000|  0%| F|  |TAMS 0x000000008ad00000, 0x000000008ad00000| Untracked 
| 174|0x000000008ae00000, 0x000000008ae00000, 0x000000008af00000|  0%| F|  |TAMS 0x000000008ae00000, 0x000000008ae00000| Untracked 
| 175|0x000000008af00000, 0x000000008af00000, 0x000000008b000000|  0%| F|  |TAMS 0x000000008af00000, 0x000000008af00000| Untracked 
| 176|0x000000008b000000, 0x000000008b000000, 0x000000008b100000|  0%| F|  |TAMS 0x000000008b000000, 0x000000008b000000| Untracked 
| 177|0x000000008b100000, 0x000000008b100000, 0x000000008b200000|  0%| F|  |TAMS 0x000000008b100000, 0x000000008b100000| Untracked 
| 178|0x000000008b200000, 0x000000008b200000, 0x000000008b300000|  0%| F|  |TAMS 0x000000008b200000, 0x000000008b200000| Untracked 
| 179|0x000000008b300000, 0x000000008b300000, 0x000000008b400000|  0%| F|  |TAMS 0x000000008b300000, 0x000000008b300000| Untracked 
| 180|0x000000008b400000, 0x000000008b400000, 0x000000008b500000|  0%| F|  |TAMS 0x000000008b400000, 0x000000008b400000| Untracked 
| 181|0x000000008b500000, 0x000000008b500000, 0x000000008b600000|  0%| F|  |TAMS 0x000000008b500000, 0x000000008b500000| Untracked 
| 182|0x000000008b600000, 0x000000008b600000, 0x000000008b700000|  0%| F|  |TAMS 0x000000008b600000, 0x000000008b600000| Untracked 
| 183|0x000000008b700000, 0x000000008b700000, 0x000000008b800000|  0%| F|  |TAMS 0x000000008b700000, 0x000000008b700000| Untracked 
| 184|0x000000008b800000, 0x000000008b800000, 0x000000008b900000|  0%| F|  |TAMS 0x000000008b800000, 0x000000008b800000| Untracked 
| 185|0x000000008b900000, 0x000000008b900000, 0x000000008ba00000|  0%| F|  |TAMS 0x000000008b900000, 0x000000008b900000| Untracked 
| 186|0x000000008ba00000, 0x000000008ba00000, 0x000000008bb00000|  0%| F|  |TAMS 0x000000008ba00000, 0x000000008ba00000| Untracked 
| 187|0x000000008bb00000, 0x000000008bb00000, 0x000000008bc00000|  0%| F|  |TAMS 0x000000008bb00000, 0x000000008bb00000| Untracked 
| 188|0x000000008bc00000, 0x000000008bd00000, 0x000000008bd00000|100%| E|  |TAMS 0x000000008bc00000, 0x000000008bc00000| Complete 
| 189|0x000000008bd00000, 0x000000008be00000, 0x000000008be00000|100%| E|CS|TAMS 0x000000008bd00000, 0x000000008bd00000| Complete 
| 190|0x000000008be00000, 0x000000008bf00000, 0x000000008bf00000|100%| E|CS|TAMS 0x000000008be00000, 0x000000008be00000| Complete 
| 191|0x000000008bf00000, 0x000000008c000000, 0x000000008c000000|100%| E|CS|TAMS 0x000000008bf00000, 0x000000008bf00000| Complete 
| 192|0x000000008c000000, 0x000000008c100000, 0x000000008c100000|100%| E|CS|TAMS 0x000000008c000000, 0x000000008c000000| Complete 
| 193|0x000000008c100000, 0x000000008c200000, 0x000000008c200000|100%| E|CS|TAMS 0x000000008c100000, 0x000000008c100000| Complete 
| 194|0x000000008c200000, 0x000000008c300000, 0x000000008c300000|100%| E|CS|TAMS 0x000000008c200000, 0x000000008c200000| Complete 
| 195|0x000000008c300000, 0x000000008c400000, 0x000000008c400000|100%| E|CS|TAMS 0x000000008c300000, 0x000000008c300000| Complete 
| 196|0x000000008c400000, 0x000000008c500000, 0x000000008c500000|100%| E|CS|TAMS 0x000000008c400000, 0x000000008c400000| Complete 
| 197|0x000000008c500000, 0x000000008c600000, 0x000000008c600000|100%| E|CS|TAMS 0x000000008c500000, 0x000000008c500000| Complete 
| 198|0x000000008c600000, 0x000000008c700000, 0x000000008c700000|100%| E|CS|TAMS 0x000000008c600000, 0x000000008c600000| Complete 
| 199|0x000000008c700000, 0x000000008c800000, 0x000000008c800000|100%| E|CS|TAMS 0x000000008c700000, 0x000000008c700000| Complete 
| 200|0x000000008c800000, 0x000000008c900000, 0x000000008c900000|100%| E|CS|TAMS 0x000000008c800000, 0x000000008c800000| Complete 
| 201|0x000000008c900000, 0x000000008ca00000, 0x000000008ca00000|100%| E|CS|TAMS 0x000000008c900000, 0x000000008c900000| Complete 
| 202|0x000000008ca00000, 0x000000008cb00000, 0x000000008cb00000|100%| E|CS|TAMS 0x000000008ca00000, 0x000000008ca00000| Complete 
| 203|0x000000008cb00000, 0x000000008cc00000, 0x000000008cc00000|100%| E|CS|TAMS 0x000000008cb00000, 0x000000008cb00000| Complete 
| 204|0x000000008cc00000, 0x000000008cd00000, 0x000000008cd00000|100%| E|CS|TAMS 0x000000008cc00000, 0x000000008cc00000| Complete 
| 205|0x000000008cd00000, 0x000000008ce00000, 0x000000008ce00000|100%| E|CS|TAMS 0x000000008cd00000, 0x000000008cd00000| Complete 
| 206|0x000000008ce00000, 0x000000008cf00000, 0x000000008cf00000|100%| E|CS|TAMS 0x000000008ce00000, 0x000000008ce00000| Complete 
| 207|0x000000008cf00000, 0x000000008d000000, 0x000000008d000000|100%| E|CS|TAMS 0x000000008cf00000, 0x000000008cf00000| Complete 
| 208|0x000000008d000000, 0x000000008d100000, 0x000000008d100000|100%| E|CS|TAMS 0x000000008d000000, 0x000000008d000000| Complete 
| 209|0x000000008d100000, 0x000000008d200000, 0x000000008d200000|100%| E|CS|TAMS 0x000000008d100000, 0x000000008d100000| Complete 
| 210|0x000000008d200000, 0x000000008d300000, 0x000000008d300000|100%| E|CS|TAMS 0x000000008d200000, 0x000000008d200000| Complete 
| 211|0x000000008d300000, 0x000000008d400000, 0x000000008d400000|100%| E|CS|TAMS 0x000000008d300000, 0x000000008d300000| Complete 
| 212|0x000000008d400000, 0x000000008d500000, 0x000000008d500000|100%| E|CS|TAMS 0x000000008d400000, 0x000000008d400000| Complete 
| 213|0x000000008d500000, 0x000000008d600000, 0x000000008d600000|100%| E|CS|TAMS 0x000000008d500000, 0x000000008d500000| Complete 
| 214|0x000000008d600000, 0x000000008d700000, 0x000000008d700000|100%| E|CS|TAMS 0x000000008d600000, 0x000000008d600000| Complete 
| 215|0x000000008d700000, 0x000000008d800000, 0x000000008d800000|100%| E|CS|TAMS 0x000000008d700000, 0x000000008d700000| Complete 
| 216|0x000000008d800000, 0x000000008d900000, 0x000000008d900000|100%| E|CS|TAMS 0x000000008d800000, 0x000000008d800000| Complete 
| 217|0x000000008d900000, 0x000000008da00000, 0x000000008da00000|100%| E|CS|TAMS 0x000000008d900000, 0x000000008d900000| Complete 
| 218|0x000000008da00000, 0x000000008db00000, 0x000000008db00000|100%| E|CS|TAMS 0x000000008da00000, 0x000000008da00000| Complete 
| 219|0x000000008db00000, 0x000000008dc00000, 0x000000008dc00000|100%| E|CS|TAMS 0x000000008db00000, 0x000000008db00000| Complete 
| 220|0x000000008dc00000, 0x000000008dd00000, 0x000000008dd00000|100%| E|CS|TAMS 0x000000008dc00000, 0x000000008dc00000| Complete 
| 221|0x000000008dd00000, 0x000000008de00000, 0x000000008de00000|100%| E|CS|TAMS 0x000000008dd00000, 0x000000008dd00000| Complete 
| 222|0x000000008de00000, 0x000000008df00000, 0x000000008df00000|100%| E|CS|TAMS 0x000000008de00000, 0x000000008de00000| Complete 
| 223|0x000000008df00000, 0x000000008e000000, 0x000000008e000000|100%| E|CS|TAMS 0x000000008df00000, 0x000000008df00000| Complete 
| 224|0x000000008e000000, 0x000000008e100000, 0x000000008e100000|100%| E|CS|TAMS 0x000000008e000000, 0x000000008e000000| Complete 
| 225|0x000000008e100000, 0x000000008e200000, 0x000000008e200000|100%| E|CS|TAMS 0x000000008e100000, 0x000000008e100000| Complete 
| 226|0x000000008e200000, 0x000000008e300000, 0x000000008e300000|100%| E|CS|TAMS 0x000000008e200000, 0x000000008e200000| Complete 
| 227|0x000000008e300000, 0x000000008e400000, 0x000000008e400000|100%| E|CS|TAMS 0x000000008e300000, 0x000000008e300000| Complete 
| 228|0x000000008e400000, 0x000000008e500000, 0x000000008e500000|100%| E|CS|TAMS 0x000000008e400000, 0x000000008e400000| Complete 
| 229|0x000000008e500000, 0x000000008e600000, 0x000000008e600000|100%| E|CS|TAMS 0x000000008e500000, 0x000000008e500000| Complete 
| 230|0x000000008e600000, 0x000000008e700000, 0x000000008e700000|100%| E|CS|TAMS 0x000000008e600000, 0x000000008e600000| Complete 
| 231|0x000000008e700000, 0x000000008e800000, 0x000000008e800000|100%| E|CS|TAMS 0x000000008e700000, 0x000000008e700000| Complete 
| 232|0x000000008e800000, 0x000000008e900000, 0x000000008e900000|100%| E|CS|TAMS 0x000000008e800000, 0x000000008e800000| Complete 
| 233|0x000000008e900000, 0x000000008ea00000, 0x000000008ea00000|100%| E|CS|TAMS 0x000000008e900000, 0x000000008e900000| Complete 
| 234|0x000000008ea00000, 0x000000008eb00000, 0x000000008eb00000|100%| E|CS|TAMS 0x000000008ea00000, 0x000000008ea00000| Complete 
| 235|0x000000008eb00000, 0x000000008ec00000, 0x000000008ec00000|100%| E|CS|TAMS 0x000000008eb00000, 0x000000008eb00000| Complete 
| 236|0x000000008ec00000, 0x000000008ed00000, 0x000000008ed00000|100%| E|CS|TAMS 0x000000008ec00000, 0x000000008ec00000| Complete 
| 237|0x000000008ed00000, 0x000000008ee00000, 0x000000008ee00000|100%| E|CS|TAMS 0x000000008ed00000, 0x000000008ed00000| Complete 
| 238|0x000000008ee00000, 0x000000008ef00000, 0x000000008ef00000|100%| E|CS|TAMS 0x000000008ee00000, 0x000000008ee00000| Complete 
| 239|0x000000008ef00000, 0x000000008f000000, 0x000000008f000000|100%| E|CS|TAMS 0x000000008ef00000, 0x000000008ef00000| Complete 
| 240|0x000000008f000000, 0x000000008f100000, 0x000000008f100000|100%| E|CS|TAMS 0x000000008f000000, 0x000000008f000000| Complete 
| 241|0x000000008f100000, 0x000000008f200000, 0x000000008f200000|100%| E|CS|TAMS 0x000000008f100000, 0x000000008f100000| Complete 
| 242|0x000000008f200000, 0x000000008f300000, 0x000000008f300000|100%| E|CS|TAMS 0x000000008f200000, 0x000000008f200000| Complete 
| 243|0x000000008f300000, 0x000000008f400000, 0x000000008f400000|100%| E|CS|TAMS 0x000000008f300000, 0x000000008f300000| Complete 
| 244|0x000000008f400000, 0x000000008f500000, 0x000000008f500000|100%| E|CS|TAMS 0x000000008f400000, 0x000000008f400000| Complete 
| 245|0x000000008f500000, 0x000000008f600000, 0x000000008f600000|100%| E|CS|TAMS 0x000000008f500000, 0x000000008f500000| Complete 
| 246|0x000000008f600000, 0x000000008f700000, 0x000000008f700000|100%| E|CS|TAMS 0x000000008f600000, 0x000000008f600000| Complete 
| 247|0x000000008f700000, 0x000000008f800000, 0x000000008f800000|100%| E|CS|TAMS 0x000000008f700000, 0x000000008f700000| Complete 
| 248|0x000000008f800000, 0x000000008f900000, 0x000000008f900000|100%| E|CS|TAMS 0x000000008f800000, 0x000000008f800000| Complete 
| 249|0x000000008f900000, 0x000000008fa00000, 0x000000008fa00000|100%| E|CS|TAMS 0x000000008f900000, 0x000000008f900000| Complete 
| 250|0x000000008fa00000, 0x000000008fb00000, 0x000000008fb00000|100%| E|CS|TAMS 0x000000008fa00000, 0x000000008fa00000| Complete 
| 251|0x000000008fb00000, 0x000000008fc00000, 0x000000008fc00000|100%| E|CS|TAMS 0x000000008fb00000, 0x000000008fb00000| Complete 
| 252|0x000000008fc00000, 0x000000008fd00000, 0x000000008fd00000|100%| E|CS|TAMS 0x000000008fc00000, 0x000000008fc00000| Complete 
| 253|0x000000008fd00000, 0x000000008fe00000, 0x000000008fe00000|100%| E|CS|TAMS 0x000000008fd00000, 0x000000008fd00000| Complete 
| 254|0x000000008fe00000, 0x000000008ff00000, 0x000000008ff00000|100%| E|CS|TAMS 0x000000008fe00000, 0x000000008fe00000| Complete 
| 255|0x000000008ff00000, 0x0000000090000000, 0x0000000090000000|100%| E|CS|TAMS 0x000000008ff00000, 0x000000008ff00000| Complete 
| 256|0x0000000090000000, 0x0000000090100000, 0x0000000090100000|100%| E|CS|TAMS 0x0000000090000000, 0x0000000090000000| Complete 
| 257|0x0000000090100000, 0x0000000090200000, 0x0000000090200000|100%| E|CS|TAMS 0x0000000090100000, 0x0000000090100000| Complete 
| 258|0x0000000090200000, 0x0000000090300000, 0x0000000090300000|100%| E|CS|TAMS 0x0000000090200000, 0x0000000090200000| Complete 
| 259|0x0000000090300000, 0x0000000090400000, 0x0000000090400000|100%| E|CS|TAMS 0x0000000090300000, 0x0000000090300000| Complete 
| 260|0x0000000090400000, 0x0000000090500000, 0x0000000090500000|100%| E|CS|TAMS 0x0000000090400000, 0x0000000090400000| Complete 
| 261|0x0000000090500000, 0x0000000090600000, 0x0000000090600000|100%| E|CS|TAMS 0x0000000090500000, 0x0000000090500000| Complete 
| 262|0x0000000090600000, 0x0000000090700000, 0x0000000090700000|100%| E|CS|TAMS 0x0000000090600000, 0x0000000090600000| Complete 

Card table byte_map: [0x0000027b236e0000,0x0000027b23ae0000] _byte_map_base: 0x0000027b232e0000

Marking Bits (Prev, Next): (CMBitMap*) 0x0000027b09d4df70, (CMBitMap*) 0x0000027b09d4df30
 Prev Bits: [0x0000027b25ee0000, 0x0000027b27ee0000)
 Next Bits: [0x0000027b23ee0000, 0x0000027b25ee0000)

Polling page: 0x0000027b09c30000

Metaspace:

Usage:
  Non-class:     66.06 MB used.
      Class:      9.97 MB used.
       Both:     76.04 MB used.

Virtual space:
  Non-class space:      128.00 MB reserved,      66.88 MB ( 52%) committed,  2 nodes.
      Class space:        1.00 GB reserved,      10.81 MB (  1%) committed,  1 nodes.
             Both:        1.12 GB reserved,      77.69 MB (  7%) committed. 

Chunk freelists:
   Non-Class:  752.00 KB
       Class:  1.20 MB
        Both:  1.94 MB

MaxMetaspaceSize: unlimited
CompressedClassSpaceSize: 1.00 GB
Initial GC threshold: 21.00 MB
Current GC threshold: 98.25 MB
CDS: on
MetaspaceReclaimPolicy: balanced
 - commit_granule_bytes: 65536.
 - commit_granule_words: 8192.
 - virtual_space_node_default_size: 8388608.
 - enlarge_chunks_in_place: 1.
 - new_chunks_are_fully_committed: 0.
 - uncommit_free_chunks: 1.
 - use_allocation_guard: 0.


Internal statistics:

num_allocs_failed_limit: 9.
num_arena_births: 3066.
num_arena_deaths: 0.
num_vsnodes_births: 3.
num_vsnodes_deaths: 0.
num_space_committed: 1241.
num_space_uncommitted: 0.
num_chunks_returned_to_freelist: 9.
num_chunks_taken_from_freelist: 6329.
num_chunk_merges: 9.
num_chunk_splits: 4441.
num_chunks_enlarged: 3044.
num_inconsistent_stats: 0.

CodeHeap 'non-profiled nmethods': size=120000Kb used=3130Kb max_used=3130Kb free=116869Kb
 bounds [0x0000027b1b860000, 0x0000027b1bb70000, 0x0000027b22d90000]
CodeHeap 'profiled nmethods': size=120000Kb used=11468Kb max_used=11468Kb free=108531Kb
 bounds [0x0000027b13d90000, 0x0000027b148d0000, 0x0000027b1b2c0000]
CodeHeap 'non-nmethods': size=5760Kb used=1797Kb max_used=1894Kb free=3962Kb
 bounds [0x0000027b1b2c0000, 0x0000027b1b530000, 0x0000027b1b860000]
 total_blobs=6538 nmethods=5732 adapters=715
 compilation: enabled
              stopped_count=0, restarted_count=0
 full_count=0

Compilation events (20 events):
Event: 8.888 Thread 0x0000027b2ab77310 6552       3       kotlin.collections.IndexingIterable::iterator (23 bytes)
Event: 8.890 Thread 0x0000027b2ab77310 nmethod 6552 0x0000027b148ac090 code [0x0000027b148ac2e0, 0x0000027b148acc08]
Event: 8.890 Thread 0x0000027b2ab77310 6553       3       org.jetbrains.kotlin.types.model.TypeSystemContext::upperBoundIfFlexible (41 bytes)
Event: 8.890 Thread 0x0000027b2ab77310 nmethod 6553 0x0000027b148acf10 code [0x0000027b148ad1c0, 0x0000027b148adeb8]
Event: 8.890 Thread 0x0000027b2ab77310 6554       3       kotlin.jvm.internal.CollectionToArray::toArray (196 bytes)
Event: 8.891 Thread 0x0000027b2ab77310 nmethod 6554 0x0000027b148ae290 code [0x0000027b148ae5c0, 0x0000027b148af928]
Event: 8.892 Thread 0x0000027b2ab77310 6555       3       org.jetbrains.kotlin.types.TypeConstructorSubstitution$Companion::create (216 bytes)
Event: 8.895 Thread 0x0000027b2ab77310 nmethod 6555 0x0000027b148aff10 code [0x0000027b148b0560, 0x0000027b148b3d58]
Event: 8.895 Thread 0x0000027b2ab77310 6558       3       org.jetbrains.kotlin.util.slicedMap.SlicedMapImpl::put (187 bytes)
Event: 8.896 Thread 0x0000027b2ab77310 nmethod 6558 0x0000027b148b4f10 code [0x0000027b148b5280, 0x0000027b148b6df8]
Event: 8.896 Thread 0x0000027b2ab77310 6559       3       org.jetbrains.kotlin.util.slicedMap.OpenAddressLinearProbingHashTable::put (58 bytes)
Event: 8.897 Thread 0x0000027b2ab77310 nmethod 6559 0x0000027b148b7590 code [0x0000027b148b7840, 0x0000027b148b8418]
Event: 8.897 Thread 0x0000027b2ab77310 6560       3       org.jetbrains.kotlin.util.slicedMap.BasicWritableSlice::afterPut (1 bytes)
Event: 8.897 Thread 0x0000027b2ab77310 nmethod 6560 0x0000027b148b8890 code [0x0000027b148b8a20, 0x0000027b148b8b38]
Event: 8.897 Thread 0x0000027b2ab77310 6561       3       org.jetbrains.kotlin.util.slicedMap.BasicWritableSlice::check (39 bytes)
Event: 8.897 Thread 0x0000027b2ab77310 nmethod 6561 0x0000027b148b8c10 code [0x0000027b148b8da0, 0x0000027b148b8eb8]
Event: 8.897 Thread 0x0000027b2ab77310 6557       3       org.jetbrains.kotlin.psi.UserDataProperty::getValue (23 bytes)
Event: 8.897 Thread 0x0000027b2ab77310 nmethod 6557 0x0000027b148b8f90 code [0x0000027b148b9220, 0x0000027b148b9d48]
Event: 8.897 Thread 0x0000027b2ab77310 6556       3       org.jetbrains.kotlin.types.IndexedParametersSubstitution::<init> (70 bytes)
Event: 8.898 Thread 0x0000027b2ab77310 nmethod 6556 0x0000027b148ba110 code [0x0000027b148ba420, 0x0000027b148bb688]

GC Heap History (20 events):
Event: 4.273 GC heap before
{Heap before GC invocations=6 (full 0):
 garbage-first heap   total 86016K, used 62641K [0x0000000080000000, 0x0000000100000000)
  region size 1024K, 38 young (38912K), 1 survivors (1024K)
 Metaspace       used 32690K, committed 33920K, reserved 1114112K
  class space    used 4565K, committed 5184K, reserved 1048576K
}
Event: 4.276 GC heap after
{Heap after GC invocations=7 (full 0):
 garbage-first heap   total 86016K, used 29122K [0x0000000080000000, 0x0000000100000000)
  region size 1024K, 4 young (4096K), 4 survivors (4096K)
 Metaspace       used 32690K, committed 33920K, reserved 1114112K
  class space    used 4565K, committed 5184K, reserved 1048576K
}
Event: 4.506 GC heap before
{Heap before GC invocations=7 (full 0):
 garbage-first heap   total 86016K, used 63938K [0x0000000080000000, 0x0000000100000000)
  region size 1024K, 38 young (38912K), 4 survivors (4096K)
 Metaspace       used 34001K, committed 35328K, reserved 1114112K
  class space    used 4749K, committed 5440K, reserved 1048576K
}
Event: 4.510 GC heap after
{Heap after GC invocations=8 (full 0):
 garbage-first heap   total 86016K, used 30307K [0x0000000080000000, 0x0000000100000000)
  region size 1024K, 2 young (2048K), 2 survivors (2048K)
 Metaspace       used 34001K, committed 35328K, reserved 1114112K
  class space    used 4749K, committed 5440K, reserved 1048576K
}
Event: 4.617 GC heap before
{Heap before GC invocations=8 (full 0):
 garbage-first heap   total 86016K, used 35427K [0x0000000080000000, 0x0000000100000000)
  region size 1024K, 8 young (8192K), 2 survivors (2048K)
 Metaspace       used 34695K, committed 35968K, reserved 1114112K
  class space    used 4863K, committed 5568K, reserved 1048576K
}
Event: 4.620 GC heap after
{Heap after GC invocations=9 (full 0):
 garbage-first heap   total 86016K, used 30912K [0x0000000080000000, 0x0000000100000000)
  region size 1024K, 3 young (3072K), 3 survivors (3072K)
 Metaspace       used 34695K, committed 35968K, reserved 1114112K
  class space    used 4863K, committed 5568K, reserved 1048576K
}
Event: 5.172 GC heap before
{Heap before GC invocations=10 (full 0):
 garbage-first heap   total 86016K, used 68800K [0x0000000080000000, 0x0000000100000000)
  region size 1024K, 38 young (38912K), 3 survivors (3072K)
 Metaspace       used 41399K, committed 42752K, reserved 1114112K
  class space    used 6086K, committed 6784K, reserved 1048576K
}
Event: 5.175 GC heap after
{Heap after GC invocations=11 (full 0):
 garbage-first heap   total 148480K, used 32308K [0x0000000080000000, 0x0000000100000000)
  region size 1024K, 4 young (4096K), 4 survivors (4096K)
 Metaspace       used 41399K, committed 42752K, reserved 1114112K
  class space    used 6086K, committed 6784K, reserved 1048576K
}
Event: 5.202 GC heap before
{Heap before GC invocations=11 (full 0):
 garbage-first heap   total 148480K, used 35380K [0x0000000080000000, 0x0000000100000000)
  region size 1024K, 7 young (7168K), 4 survivors (4096K)
 Metaspace       used 41824K, committed 43072K, reserved 1114112K
  class space    used 6142K, committed 6784K, reserved 1048576K
}
Event: 5.205 GC heap after
{Heap after GC invocations=12 (full 0):
 garbage-first heap   total 148480K, used 32582K [0x0000000080000000, 0x0000000100000000)
  region size 1024K, 1 young (1024K), 1 survivors (1024K)
 Metaspace       used 41824K, committed 43072K, reserved 1114112K
  class space    used 6142K, committed 6784K, reserved 1048576K
}
Event: 6.123 GC heap before
{Heap before GC invocations=12 (full 0):
 garbage-first heap   total 148480K, used 123718K [0x0000000080000000, 0x0000000100000000)
  region size 1024K, 84 young (86016K), 1 survivors (1024K)
 Metaspace       used 53236K, committed 54592K, reserved 1114112K
  class space    used 7501K, committed 8192K, reserved 1048576K
}
Event: 6.128 GC heap after
{Heap after GC invocations=13 (full 0):
 garbage-first heap   total 148480K, used 44920K [0x0000000080000000, 0x0000000100000000)
  region size 1024K, 6 young (6144K), 6 survivors (6144K)
 Metaspace       used 53236K, committed 54592K, reserved 1114112K
  class space    used 7501K, committed 8192K, reserved 1048576K
}
Event: 6.802 GC heap before
{Heap before GC invocations=13 (full 0):
 garbage-first heap   total 148480K, used 115576K [0x0000000080000000, 0x0000000100000000)
  region size 1024K, 69 young (70656K), 6 survivors (6144K)
 Metaspace       used 58895K, committed 60160K, reserved 1114112K
  class space    used 8108K, committed 8768K, reserved 1048576K
}
Event: 6.810 GC heap after
{Heap after GC invocations=14 (full 0):
 garbage-first heap   total 148480K, used 53699K [0x0000000080000000, 0x0000000100000000)
  region size 1024K, 9 young (9216K), 9 survivors (9216K)
 Metaspace       used 58895K, committed 60160K, reserved 1114112K
  class space    used 8108K, committed 8768K, reserved 1048576K
}
Event: 7.428 GC heap before
{Heap before GC invocations=15 (full 0):
 garbage-first heap   total 148480K, used 115139K [0x0000000080000000, 0x0000000100000000)
  region size 1024K, 69 young (70656K), 9 survivors (9216K)
 Metaspace       used 66079K, committed 67776K, reserved 1114112K
  class space    used 8883K, committed 9792K, reserved 1048576K
}
Event: 7.434 GC heap after
{Heap after GC invocations=16 (full 0):
 garbage-first heap   total 148480K, used 57952K [0x0000000080000000, 0x0000000100000000)
  region size 1024K, 5 young (5120K), 5 survivors (5120K)
 Metaspace       used 66079K, committed 67776K, reserved 1114112K
  class space    used 8883K, committed 9792K, reserved 1048576K
}
Event: 7.455 GC heap before
{Heap before GC invocations=16 (full 0):
 garbage-first heap   total 148480K, used 60000K [0x0000000080000000, 0x0000000100000000)
  region size 1024K, 7 young (7168K), 5 survivors (5120K)
 Metaspace       used 66369K, committed 68032K, reserved 1114112K
  class space    used 8922K, committed 9792K, reserved 1048576K
}
Event: 7.459 GC heap after
{Heap after GC invocations=17 (full 0):
 garbage-first heap   total 148480K, used 58536K [0x0000000080000000, 0x0000000100000000)
  region size 1024K, 1 young (1024K), 1 survivors (1024K)
 Metaspace       used 66369K, committed 68032K, reserved 1114112K
  class space    used 8922K, committed 9792K, reserved 1048576K
}
Event: 8.082 GC heap before
{Heap before GC invocations=17 (full 0):
 garbage-first heap   total 148480K, used 116904K [0x0000000080000000, 0x0000000100000000)
  region size 1024K, 58 young (59392K), 1 survivors (1024K)
 Metaspace       used 72446K, committed 74112K, reserved 1114112K
  class space    used 9649K, committed 10496K, reserved 1048576K
}
Event: 8.086 GC heap after
{Heap after GC invocations=18 (full 0):
 garbage-first heap   total 269312K, used 61076K [0x0000000080000000, 0x0000000100000000)
  region size 1024K, 4 young (4096K), 4 survivors (4096K)
 Metaspace       used 72446K, committed 74112K, reserved 1114112K
  class space    used 9649K, committed 10496K, reserved 1048576K
}

Dll operation events (15 events):
Event: 0.011 Loaded shared library C:\Program Files\JAVVA\jdk-19.0.1\bin\java.dll
Event: 0.021 Loaded shared library C:\Program Files\JAVVA\jdk-19.0.1\bin\jsvml.dll
Event: 0.063 Loaded shared library C:\Program Files\JAVVA\jdk-19.0.1\bin\zip.dll
Event: 0.066 Loaded shared library C:\Program Files\JAVVA\jdk-19.0.1\bin\instrument.dll
Event: 0.070 Loaded shared library C:\Program Files\JAVVA\jdk-19.0.1\bin\net.dll
Event: 0.072 Loaded shared library C:\Program Files\JAVVA\jdk-19.0.1\bin\nio.dll
Event: 0.074 Loaded shared library C:\Program Files\JAVVA\jdk-19.0.1\bin\zip.dll
Event: 0.244 Loaded shared library C:\Program Files\JAVVA\jdk-19.0.1\bin\jimage.dll
Event: 0.288 Loaded shared library C:\Program Files\JAVVA\jdk-19.0.1\bin\verify.dll
Event: 0.433 Loaded shared library C:\Users\defry\.gradle\native\c067742578af261105cb4f569cf0c3c89f3d7b1fecec35dd04571415982c5e48\windows-amd64\native-platform.dll
Event: 0.451 Loaded shared library C:\Users\defry\.gradle\native\38dada09dfb8b06ba9b0570ebf7e218e3eb74d4ef43ca46872605cf95ebc2f47\windows-amd64\native-platform-file-events.dll
Event: 1.376 Loaded shared library C:\Program Files\JAVVA\jdk-19.0.1\bin\management.dll
Event: 1.378 Loaded shared library C:\Program Files\JAVVA\jdk-19.0.1\bin\management_ext.dll
Event: 1.639 Loaded shared library C:\Program Files\JAVVA\jdk-19.0.1\bin\extnet.dll
Event: 1.893 Loaded shared library C:\Program Files\JAVVA\jdk-19.0.1\bin\sunmscapi.dll

Deoptimization events (20 events):
Event: 8.866 Thread 0x0000027b2faf5080 Uncommon trap: trap_request=0xffffffc6 fr.pc=0x0000027b1b88da34 relative=0x00000000000006b4
Event: 8.866 Thread 0x0000027b2faf5080 Uncommon trap: reason=bimorphic_or_optimized_type_check action=maybe_recompile pc=0x0000027b1b88da34 method=org.jetbrains.kotlin.com.intellij.openapi.vfs.VirtualFile.getExtension()Ljava/lang/String; @ 1 c2
Event: 8.866 Thread 0x0000027b2faf5080 DEOPT PACKING pc=0x0000027b1b88da34 sp=0x000000fd8cdeede0
Event: 8.866 Thread 0x0000027b2faf5080 DEOPT UNPACKING pc=0x0000027b1b326da3 sp=0x000000fd8cdeedb8 mode 2
Event: 8.880 Thread 0x0000027b2faf5080 Uncommon trap: trap_request=0xffffffde fr.pc=0x0000027b1b9bf460 relative=0x00000000000001c0
Event: 8.880 Thread 0x0000027b2faf5080 Uncommon trap: reason=class_check action=maybe_recompile pc=0x0000027b1b9bf460 method=org.jetbrains.kotlin.name.FqNameUnsafe.equals(Ljava/lang/Object;)Z @ 8 c2
Event: 8.880 Thread 0x0000027b2faf5080 DEOPT PACKING pc=0x0000027b1b9bf460 sp=0x000000fd8cdf1b70
Event: 8.880 Thread 0x0000027b2faf5080 DEOPT UNPACKING pc=0x0000027b1b326da3 sp=0x000000fd8cdf1af8 mode 2
Event: 8.880 Thread 0x0000027b2faf5080 Uncommon trap: trap_request=0xffffffde fr.pc=0x0000027b1b9bf460 relative=0x00000000000001c0
Event: 8.880 Thread 0x0000027b2faf5080 Uncommon trap: reason=class_check action=maybe_recompile pc=0x0000027b1b9bf460 method=org.jetbrains.kotlin.name.FqNameUnsafe.equals(Ljava/lang/Object;)Z @ 8 c2
Event: 8.880 Thread 0x0000027b2faf5080 DEOPT PACKING pc=0x0000027b1b9bf460 sp=0x000000fd8cdf16c0
Event: 8.880 Thread 0x0000027b2faf5080 DEOPT UNPACKING pc=0x0000027b1b326da3 sp=0x000000fd8cdf1648 mode 2
Event: 8.882 Thread 0x0000027b2faf5080 Uncommon trap: trap_request=0xffffffde fr.pc=0x0000027b1b9bf460 relative=0x00000000000001c0
Event: 8.882 Thread 0x0000027b2faf5080 Uncommon trap: reason=class_check action=maybe_recompile pc=0x0000027b1b9bf460 method=org.jetbrains.kotlin.name.FqNameUnsafe.equals(Ljava/lang/Object;)Z @ 8 c2
Event: 8.882 Thread 0x0000027b2faf5080 DEOPT PACKING pc=0x0000027b1b9bf460 sp=0x000000fd8cdf0b10
Event: 8.882 Thread 0x0000027b2faf5080 DEOPT UNPACKING pc=0x0000027b1b326da3 sp=0x000000fd8cdf0a98 mode 2
Event: 8.882 Thread 0x0000027b2faf5080 Uncommon trap: trap_request=0xffffffde fr.pc=0x0000027b1b9bf460 relative=0x00000000000001c0
Event: 8.882 Thread 0x0000027b2faf5080 Uncommon trap: reason=class_check action=maybe_recompile pc=0x0000027b1b9bf460 method=org.jetbrains.kotlin.name.FqNameUnsafe.equals(Ljava/lang/Object;)Z @ 8 c2
Event: 8.882 Thread 0x0000027b2faf5080 DEOPT PACKING pc=0x0000027b1b9bf460 sp=0x000000fd8cdf0a80
Event: 8.882 Thread 0x0000027b2faf5080 DEOPT UNPACKING pc=0x0000027b1b326da3 sp=0x000000fd8cdf0a08 mode 2

Classes loaded (20 events):
Event: 6.221 Loading class sun/nio/ch/Streams
Event: 6.221 Loading class sun/nio/ch/Streams done
Event: 6.221 Loading class sun/nio/ch/ChannelInputStream
Event: 6.221 Loading class sun/nio/ch/ChannelInputStream done
Event: 7.572 Loading class java/text/StringCharacterIterator
Event: 7.572 Loading class java/text/CharacterIterator
Event: 7.572 Loading class java/text/CharacterIterator done
Event: 7.572 Loading class java/text/StringCharacterIterator done
Event: 7.604 Loading class java/io/NotSerializableException
Event: 7.604 Loading class java/io/NotSerializableException done
Event: 7.627 Loading class java/util/AbstractList$ListItr
Event: 7.627 Loading class java/util/AbstractList$ListItr done
Event: 7.799 Loading class java/util/function/IntUnaryOperator
Event: 7.799 Loading class java/util/function/IntUnaryOperator done
Event: 7.836 Loading class java/util/AbstractList$SubList
Event: 7.836 Loading class java/util/AbstractList$SubList done
Event: 7.836 Loading class java/util/AbstractList$SubList$1
Event: 7.836 Loading class java/util/AbstractList$SubList$1 done
Event: 8.607 Loading class java/util/AbstractList$RandomAccessSubList
Event: 8.607 Loading class java/util/AbstractList$RandomAccessSubList done

Classes unloaded (0 events):
No events

Classes redefined (0 events):
No events

Internal exceptions (20 events):
Event: 7.167 Thread 0x0000027b2faf5080 Exception <a 'java/lang/NoSuchMethodError'{0x0000000086c709e8}: 'java.lang.Object java.lang.invoke.DirectMethodHandle$Holder.invokeSpecial(java.lang.Object, java.lang.Object, java.lang.Object, java.lang.Object, java.lang.Object, java.lang.Object, java.lang.Object, java.lang.Object, java.lang.Object, java.lang.Object, java.lang.Object, java.lang.Object, java.lang.Object, java.lang.Object, java.lang.Object, java.lang.Object, java.lang.Object, java.lang.Object, java.lang.Object, java.lang.Object)'> (0x0000000
Event: 7.167 Thread 0x0000027b2faf5080 Exception <a 'java/lang/NoSuchMethodError'{0x0000000086c76f70}: 'java.lang.Object java.lang.invoke.DelegatingMethodHandle$Holder.reinvoke_L(java.lang.Object, java.lang.Object, java.lang.Object, java.lang.Object, java.lang.Object, java.lang.Object, java.lang.Object, java.lang.Object, java.lang.Object, java.lang.Object, java.lang.Object, java.lang.Object, java.lang.Object, java.lang.Object, java.lang.Object, java.lang.Object, java.lang.Object, java.lang.Object, java.lang.Object)'> (0x0000000086c76f70) 
throw
Event: 7.175 Thread 0x0000027b2faf5080 Exception <a 'java/lang/NoSuchMethodError'{0x0000000086b692a0}: 'java.lang.Object java.lang.invoke.DirectMethodHandle$Holder.newInvokeSpecial(java.lang.Object, java.lang.Object, java.lang.Object, java.lang.Object, java.lang.Object, java.lang.Object, java.lang.Object, java.lang.Object, java.lang.Object, java.lang.Object, java.lang.Object, java.lang.Object, java.lang.Object, java.lang.Object, java.lang.Object, java.lang.Object, java.lang.Object, java.lang.Object, java.lang.Object, java.lang.Object, java.lang
Event: 7.175 Thread 0x0000027b2faf5080 Exception <a 'java/lang/NoSuchMethodError'{0x0000000086b711b8}: 'java.lang.Object java.lang.invoke.DirectMethodHandle$Holder.invokeSpecial(java.lang.Object, java.lang.Object, java.lang.Object, java.lang.Object, java.lang.Object, java.lang.Object, java.lang.Object, java.lang.Object, java.lang.Object, java.lang.Object, java.lang.Object, java.lang.Object, java.lang.Object, java.lang.Object, java.lang.Object, java.lang.Object, java.lang.Object, java.lang.Object, java.lang.Object, java.lang.Object, java.lang.Ob
Event: 7.175 Thread 0x0000027b2faf5080 Exception <a 'java/lang/NoSuchMethodError'{0x0000000086b77dc8}: 'java.lang.Object java.lang.invoke.DelegatingMethodHandle$Holder.reinvoke_L(java.lang.Object, java.lang.Object, java.lang.Object, java.lang.Object, java.lang.Object, java.lang.Object, java.lang.Object, java.lang.Object, java.lang.Object, java.lang.Object, java.lang.Object, java.lang.Object, java.lang.Object, java.lang.Object, java.lang.Object, java.lang.Object, java.lang.Object, java.lang.Object, java.lang.Object, java.lang.Object, java.lang.O
Event: 7.187 Thread 0x0000027b2faf5080 Exception <a 'java/lang/NoSuchMethodError'{0x0000000086976078}: 'java.lang.Object java.lang.invoke.DirectMethodHandle$Holder.newInvokeSpecial(java.lang.Object, java.lang.Object, java.lang.Object, java.lang.Object, java.lang.Object, java.lang.Object, java.lang.Object, java.lang.Object, java.lang.Object, java.lang.Object, java.lang.Object, java.lang.Object, java.lang.Object, java.lang.Object, java.lang.Object, java.lang.Object, java.lang.Object, java.lang.Object, java.lang.Object, java.lang.Object)'> (0x0000
Event: 7.272 Thread 0x0000027b2faf5080 Exception <a 'java/lang/NoSuchMethodError'{0x000000008617af28}: 'java.lang.Object java.lang.invoke.DirectMethodHandle$Holder.newInvokeSpecial(java.lang.Object, java.lang.Object, java.lang.Object, java.lang.Object, java.lang.Object, java.lang.Object, java.lang.Object, java.lang.Object, java.lang.Object, java.lang.Object, java.lang.Object, java.lang.Object, java.lang.Object, java.lang.Object, java.lang.Object, java.lang.Object)'> (0x000000008617af28) 
thrown [s\open\src\hotspot\share\interpreter\linkResolver
Event: 7.272 Thread 0x0000027b2faf5080 Exception <a 'java/lang/NoSuchMethodError'{0x00000000861821f8}: 'java.lang.Object java.lang.invoke.DirectMethodHandle$Holder.invokeSpecial(java.lang.Object, java.lang.Object, java.lang.Object, java.lang.Object, java.lang.Object, java.lang.Object, java.lang.Object, java.lang.Object, java.lang.Object, java.lang.Object, java.lang.Object, java.lang.Object, java.lang.Object, java.lang.Object, java.lang.Object, java.lang.Object, java.lang.Object)'> (0x00000000861821f8) 
thrown [s\open\src\hotspot\share\interpret
Event: 7.272 Thread 0x0000027b2faf5080 Exception <a 'java/lang/NoSuchMethodError'{0x0000000086188058}: 'java.lang.Object java.lang.invoke.DelegatingMethodHandle$Holder.reinvoke_L(java.lang.Object, java.lang.Object, java.lang.Object, java.lang.Object, java.lang.Object, java.lang.Object, java.lang.Object, java.lang.Object, java.lang.Object, java.lang.Object, java.lang.Object, java.lang.Object, java.lang.Object, java.lang.Object, java.lang.Object, java.lang.Object)'> (0x0000000086188058) 
thrown [s\open\src\hotspot\share\interpreter\linkResolver.c
Event: 7.279 Thread 0x0000027b2faf5080 Exception <a 'java/lang/NoSuchMethodError'{0x000000008603e7e0}: 'java.lang.Object java.lang.invoke.DirectMethodHandle$Holder.newInvokeSpecial(java.lang.Object, java.lang.Object, java.lang.Object, java.lang.Object, java.lang.Object, java.lang.Object, java.lang.Object, java.lang.Object, java.lang.Object, java.lang.Object, java.lang.Object, java.lang.Object, java.lang.Object, java.lang.Object, java.lang.Object, java.lang.Object, java.lang.Object, java.lang.Object)'> (0x000000008603e7e0) 
thrown [s\open\src\ho
Event: 7.279 Thread 0x0000027b2faf5080 Exception <a 'java/lang/NoSuchMethodError'{0x0000000086045b20}: 'java.lang.Object java.lang.invoke.DirectMethodHandle$Holder.invokeSpecial(java.lang.Object, java.lang.Object, java.lang.Object, java.lang.Object, java.lang.Object, java.lang.Object, java.lang.Object, java.lang.Object, java.lang.Object, java.lang.Object, java.lang.Object, java.lang.Object, java.lang.Object, java.lang.Object, java.lang.Object, java.lang.Object, java.lang.Object, java.lang.Object, java.lang.Object)'> (0x0000000086045b20) 
thrown
Event: 7.280 Thread 0x0000027b2faf5080 Exception <a 'java/lang/NoSuchMethodError'{0x000000008604bc68}: 'java.lang.Object java.lang.invoke.DelegatingMethodHandle$Holder.reinvoke_L(java.lang.Object, java.lang.Object, java.lang.Object, java.lang.Object, java.lang.Object, java.lang.Object, java.lang.Object, java.lang.Object, java.lang.Object, java.lang.Object, java.lang.Object, java.lang.Object, java.lang.Object, java.lang.Object, java.lang.Object, java.lang.Object, java.lang.Object, java.lang.Object)'> (0x000000008604bc68) 
thrown [s\open\src\hots
Event: 7.283 Thread 0x0000027b2faf5080 Exception <a 'java/lang/NoSuchMethodError'{0x00000000860e7170}: 'java.lang.Object java.lang.invoke.DirectMethodHandle$Holder.newInvokeSpecial(java.lang.Object, java.lang.Object, java.lang.Object, java.lang.Object, java.lang.Object, java.lang.Object, java.lang.Object, java.lang.Object, java.lang.Object, java.lang.Object, java.lang.Object, java.lang.Object, java.lang.Object, java.lang.Object, java.lang.Object, java.lang.Object, java.lang.Object, java.lang.Object, java.lang.Object, java.lang.Object, java.lang
Event: 7.297 Thread 0x0000027b2faf5080 Exception <a 'java/lang/NoSuchMethodError'{0x0000000085e52120}: 'java.lang.Object java.lang.invoke.DirectMethodHandle$Holder.newInvokeSpecial(java.lang.Object, java.lang.Object, java.lang.Object, java.lang.Object, java.lang.Object, java.lang.Object, java.lang.Object, java.lang.Object, java.lang.Object, java.lang.Object, java.lang.Object, java.lang.Object, java.lang.Object)'> (0x0000000085e52120) 
thrown [s\open\src\hotspot\share\interpreter\linkResolver.cpp, line 774]
Event: 7.468 Thread 0x0000027b2faf5080 Implicit null exception at 0x0000027b1ba2b7ec to 0x0000027b1ba2b8a0
Event: 7.720 Thread 0x0000027b2faf5080 Exception <a 'java/lang/NoSuchMethodError'{0x0000000087a2d1a0}: 'java.lang.Object java.lang.invoke.DirectMethodHandle$Holder.newInvokeSpecial(java.lang.Object, java.lang.Object, int)'> (0x0000000087a2d1a0) 
thrown [s\open\src\hotspot\share\interpreter\linkResolver.cpp, line 774]
Event: 7.858 Thread 0x0000027b2faf5080 Exception <a 'java/lang/NoSuchMethodError'{0x0000000086f173a0}: 'java.lang.Object java.lang.invoke.DirectMethodHandle$Holder.newInvokeSpecial(java.lang.Object, java.lang.Object, java.lang.Object, java.lang.Object, int)'> (0x0000000086f173a0) 
thrown [s\open\src\hotspot\share\interpreter\linkResolver.cpp, line 774]
Event: 7.859 Thread 0x0000027b2faf5080 Exception <a 'java/lang/NoSuchMethodError'{0x0000000086f1d0e0}: 'java.lang.Object java.lang.invoke.DirectMethodHandle$Holder.invokeSpecial(java.lang.Object, java.lang.Object, java.lang.Object, java.lang.Object, java.lang.Object, int)'> (0x0000000086f1d0e0) 
thrown [s\open\src\hotspot\share\interpreter\linkResolver.cpp, line 774]
Event: 7.859 Thread 0x0000027b2faf5080 Exception <a 'java/lang/NoSuchMethodError'{0x0000000086f22a10}: 'java.lang.Object java.lang.invoke.Invokers$Holder.linkToTargetMethod(java.lang.Object, java.lang.Object, java.lang.Object, int, java.lang.Object)'> (0x0000000086f22a10) 
thrown [s\open\src\hotspot\share\interpreter\linkResolver.cpp, line 774]
Event: 7.939 Thread 0x0000027b2faf5080 Implicit null exception at 0x0000027b1b9b45c0 to 0x0000027b1b9b4d7c

VM Operations (20 events):
Event: 7.409 Executing VM operation: HandshakeAllThreads
Event: 7.409 Executing VM operation: HandshakeAllThreads done
Event: 7.428 Executing VM operation: G1CollectForAllocation
Event: 7.435 Executing VM operation: G1CollectForAllocation done
Event: 7.451 Executing VM operation: HandshakeAllThreads
Event: 7.451 Executing VM operation: HandshakeAllThreads done
Event: 7.455 Executing VM operation: G1CollectForAllocation
Event: 7.459 Executing VM operation: G1CollectForAllocation done
Event: 7.524 Executing VM operation: HandshakeAllThreads
Event: 7.524 Executing VM operation: HandshakeAllThreads done
Event: 7.627 Executing VM operation: HandshakeAllThreads
Event: 7.627 Executing VM operation: HandshakeAllThreads done
Event: 7.971 Executing VM operation: ICBufferFull
Event: 7.972 Executing VM operation: ICBufferFull done
Event: 8.082 Executing VM operation: G1CollectForAllocation
Event: 8.086 Executing VM operation: G1CollectForAllocation done
Event: 8.468 Executing VM operation: ICBufferFull
Event: 8.469 Executing VM operation: ICBufferFull done
Event: 8.883 Executing VM operation: ICBufferFull
Event: 8.883 Executing VM operation: ICBufferFull done

Events (20 events):
Event: 6.839 Thread 0x0000027b2ab83cb0 flushing nmethod 0x0000027b14609290
Event: 6.839 Thread 0x0000027b2ab83cb0 flushing nmethod 0x0000027b14609590
Event: 6.839 Thread 0x0000027b2ab83cb0 flushing nmethod 0x0000027b1460a310
Event: 6.839 Thread 0x0000027b2ab83cb0 flushing nmethod 0x0000027b1460b610
Event: 6.839 Thread 0x0000027b2ab83cb0 flushing nmethod 0x0000027b14610b10
Event: 6.839 Thread 0x0000027b2ab83cb0 flushing nmethod 0x0000027b1461fa10
Event: 6.839 Thread 0x0000027b2ab83cb0 flushing nmethod 0x0000027b1461fe10
Event: 6.839 Thread 0x0000027b2ab83cb0 flushing nmethod 0x0000027b14621f10
Event: 6.839 Thread 0x0000027b2ab83cb0 flushing nmethod 0x0000027b14631710
Event: 6.839 Thread 0x0000027b2ab83cb0 flushing nmethod 0x0000027b14658890
Event: 6.839 Thread 0x0000027b2ab83cb0 flushing nmethod 0x0000027b14659310
Event: 6.839 Thread 0x0000027b2ab83cb0 flushing nmethod 0x0000027b14659a10
Event: 6.839 Thread 0x0000027b2ab83cb0 flushing nmethod 0x0000027b14659e90
Event: 6.839 Thread 0x0000027b2ab83cb0 flushing nmethod 0x0000027b1465a190
Event: 6.839 Thread 0x0000027b2ab83cb0 flushing nmethod 0x0000027b1465a590
Event: 6.839 Thread 0x0000027b2ab83cb0 flushing nmethod 0x0000027b1465ad10
Event: 6.839 Thread 0x0000027b2ab83cb0 flushing nmethod 0x0000027b14664110
Event: 6.839 Thread 0x0000027b2ab83cb0 flushing nmethod 0x0000027b14668b90
Event: 6.839 Thread 0x0000027b2ab83cb0 flushing nmethod 0x0000027b14697390
Event: 7.195 Thread 0x0000027b314121d0 Thread added: 0x0000027b314121d0


Dynamic libraries:
0x00007ff646700000 - 0x00007ff646710000 	C:\Program Files\JAVVA\jdk-19.0.1\bin\java.exe
0x00007fffca2d0000 - 0x00007fffca4e7000 	C:\WINDOWS\SYSTEM32\ntdll.dll
0x00007fffc8670000 - 0x00007fffc8734000 	C:\WINDOWS\System32\KERNEL32.DLL
0x00007fffc7900000 - 0x00007fffc7ca7000 	C:\WINDOWS\System32\KERNELBASE.dll
0x00007fffc7760000 - 0x00007fffc7871000 	C:\WINDOWS\System32\ucrtbase.dll
0x00007fffb2e00000 - 0x00007fffb2e1b000 	C:\Program Files\JAVVA\jdk-19.0.1\bin\VCRUNTIME140.dll
0x00007fffb3e70000 - 0x00007fffb3e88000 	C:\Program Files\JAVVA\jdk-19.0.1\bin\jli.dll
0x00007fffca1d0000 - 0x00007fffca282000 	C:\WINDOWS\System32\ADVAPI32.dll
0x00007fffc8950000 - 0x00007fffc89f7000 	C:\WINDOWS\System32\msvcrt.dll
0x00007fffc9d20000 - 0x00007fffc9dc8000 	C:\WINDOWS\System32\sechost.dll
0x00007fffc7ec0000 - 0x00007fffc7ee8000 	C:\WINDOWS\System32\bcrypt.dll
0x00007fffc9780000 - 0x00007fffc9895000 	C:\WINDOWS\System32\RPCRT4.dll
0x00007fffc93c0000 - 0x00007fffc956e000 	C:\WINDOWS\System32\USER32.dll
0x00007fffc7dd0000 - 0x00007fffc7df6000 	C:\WINDOWS\System32\win32u.dll
0x00007fffb21c0000 - 0x00007fffb2453000 	C:\WINDOWS\WinSxS\amd64_microsoft.windows.common-controls_6595b64144ccf1df_6.0.22621.3527_none_270e469b73872a76\COMCTL32.dll
0x00007fffc8000000 - 0x00007fffc8029000 	C:\WINDOWS\System32\GDI32.dll
0x00007fffc7cb0000 - 0x00007fffc7dc9000 	C:\WINDOWS\System32\gdi32full.dll
0x00007fffc7ef0000 - 0x00007fffc7f8a000 	C:\WINDOWS\System32\msvcp_win.dll
0x00007fffc1030000 - 0x00007fffc103a000 	C:\WINDOWS\SYSTEM32\VERSION.dll
0x00007fffc9570000 - 0x00007fffc95a1000 	C:\WINDOWS\System32\IMM32.DLL
0x00007fffb7e80000 - 0x00007fffb7e8c000 	C:\Program Files\JAVVA\jdk-19.0.1\bin\vcruntime140_1.dll
0x00007fff8bbd0000 - 0x00007fff8bc5e000 	C:\Program Files\JAVVA\jdk-19.0.1\bin\msvcp140.dll
0x00007fff70e70000 - 0x00007fff71b30000 	C:\Program Files\JAVVA\jdk-19.0.1\bin\server\jvm.dll
0x00007fffb8030000 - 0x00007fffb8039000 	C:\WINDOWS\SYSTEM32\WSOCK32.dll
0x00007fffb5340000 - 0x00007fffb5374000 	C:\WINDOWS\SYSTEM32\WINMM.dll
0x00007fffc9ee0000 - 0x00007fffc9f51000 	C:\WINDOWS\System32\WS2_32.dll
0x00007fffc65d0000 - 0x00007fffc65e8000 	C:\WINDOWS\SYSTEM32\kernel.appcore.dll
0x00007fffb7cd0000 - 0x00007fffb7cda000 	C:\Program Files\JAVVA\jdk-19.0.1\bin\jimage.dll
0x00007fffc4ed0000 - 0x00007fffc5102000 	C:\WINDOWS\SYSTEM32\DBGHELP.DLL
0x00007fffc81e0000 - 0x00007fffc8568000 	C:\WINDOWS\System32\combase.dll
0x00007fffca0f0000 - 0x00007fffca1c7000 	C:\WINDOWS\System32\OLEAUT32.dll
0x00007fffa1a10000 - 0x00007fffa1a42000 	C:\WINDOWS\SYSTEM32\dbgcore.DLL
0x00007fffc7880000 - 0x00007fffc78f9000 	C:\WINDOWS\System32\bcryptPrimitives.dll
0x00007fffb37e0000 - 0x00007fffb37ee000 	C:\Program Files\JAVVA\jdk-19.0.1\bin\instrument.dll
0x00007fffab890000 - 0x00007fffab8b6000 	C:\Program Files\JAVVA\jdk-19.0.1\bin\java.dll
0x00007fff83450000 - 0x00007fff83527000 	C:\Program Files\JAVVA\jdk-19.0.1\bin\jsvml.dll
0x00007fffc8a00000 - 0x00007fffc925c000 	C:\WINDOWS\System32\SHELL32.dll
0x00007fffc54e0000 - 0x00007fffc5dd6000 	C:\WINDOWS\SYSTEM32\windows.storage.dll
0x00007fffc53a0000 - 0x00007fffc54de000 	C:\WINDOWS\SYSTEM32\wintypes.dll
0x00007fffc8570000 - 0x00007fffc8665000 	C:\WINDOWS\System32\SHCORE.dll
0x00007fffc9e80000 - 0x00007fffc9ede000 	C:\WINDOWS\System32\shlwapi.dll
0x00007fffc7520000 - 0x00007fffc7541000 	C:\WINDOWS\SYSTEM32\profapi.dll
0x00007fffa4950000 - 0x00007fffa4968000 	C:\Program Files\JAVVA\jdk-19.0.1\bin\zip.dll
0x00007fffa5be0000 - 0x00007fffa5bf3000 	C:\Program Files\JAVVA\jdk-19.0.1\bin\net.dll
0x00007fffc0ec0000 - 0x00007fffc0ff6000 	C:\WINDOWS\SYSTEM32\WINHTTP.dll
0x00007fffc6ab0000 - 0x00007fffc6b19000 	C:\WINDOWS\system32\mswsock.dll
0x00007fffa49b0000 - 0x00007fffa49c6000 	C:\Program Files\JAVVA\jdk-19.0.1\bin\nio.dll
0x00007fffb7950000 - 0x00007fffb7960000 	C:\Program Files\JAVVA\jdk-19.0.1\bin\verify.dll
0x00007fffa2b50000 - 0x00007fffa2b77000 	C:\Users\defry\.gradle\native\c067742578af261105cb4f569cf0c3c89f3d7b1fecec35dd04571415982c5e48\windows-amd64\native-platform.dll
0x00007fff7d4a0000 - 0x00007fff7d5e4000 	C:\Users\defry\.gradle\native\38dada09dfb8b06ba9b0570ebf7e218e3eb74d4ef43ca46872605cf95ebc2f47\windows-amd64\native-platform-file-events.dll
0x00007fffb5b70000 - 0x00007fffb5b7a000 	C:\Program Files\JAVVA\jdk-19.0.1\bin\management.dll
0x00007fffb44a0000 - 0x00007fffb44ab000 	C:\Program Files\JAVVA\jdk-19.0.1\bin\management_ext.dll
0x00007fffca070000 - 0x00007fffca078000 	C:\WINDOWS\System32\PSAPI.DLL
0x00007fffc6d60000 - 0x00007fffc6d7b000 	C:\WINDOWS\SYSTEM32\CRYPTSP.dll
0x00007fffc6530000 - 0x00007fffc6565000 	C:\WINDOWS\system32\rsaenh.dll
0x00007fffc6bd0000 - 0x00007fffc6bf8000 	C:\WINDOWS\SYSTEM32\USERENV.dll
0x00007fffc6d50000 - 0x00007fffc6d5c000 	C:\WINDOWS\SYSTEM32\CRYPTBASE.dll
0x00007fffc6040000 - 0x00007fffc606d000 	C:\WINDOWS\SYSTEM32\IPHLPAPI.DLL
0x00007fffc9630000 - 0x00007fffc9639000 	C:\WINDOWS\System32\NSI.dll
0x00007fffc1130000 - 0x00007fffc1149000 	C:\WINDOWS\SYSTEM32\dhcpcsvc6.DLL
0x00007fffc1060000 - 0x00007fffc107f000 	C:\WINDOWS\SYSTEM32\dhcpcsvc.DLL
0x00007fffc60b0000 - 0x00007fffc61a8000 	C:\WINDOWS\SYSTEM32\DNSAPI.dll
0x00007fffb3e60000 - 0x00007fffb3e68000 	C:\Program Files\JAVVA\jdk-19.0.1\bin\extnet.dll
0x00007fffb3600000 - 0x00007fffb360e000 	C:\Program Files\JAVVA\jdk-19.0.1\bin\sunmscapi.dll
0x00007fffc75f0000 - 0x00007fffc7758000 	C:\WINDOWS\System32\CRYPT32.dll
0x00007fffc6f90000 - 0x00007fffc6fbe000 	C:\WINDOWS\SYSTEM32\ncrypt.dll
0x00007fffc6f50000 - 0x00007fffc6f87000 	C:\WINDOWS\SYSTEM32\NTASN1.dll
0x00007fffb7ed0000 - 0x00007fffb7ed8000 	C:\WINDOWS\system32\wshunix.dll

dbghelp: loaded successfully - version: 4.0.5 - missing functions: none
symbol engine: initialized successfully - sym options: 0x614 - pdb path: .;C:\Program Files\JAVVA\jdk-19.0.1\bin;C:\WINDOWS\SYSTEM32;C:\WINDOWS\WinSxS\amd64_microsoft.windows.common-controls_6595b64144ccf1df_6.0.22621.3527_none_270e469b73872a76;C:\Program Files\JAVVA\jdk-19.0.1\bin\server;C:\Users\defry\.gradle\native\c067742578af261105cb4f569cf0c3c89f3d7b1fecec35dd04571415982c5e48\windows-amd64;C:\Users\defry\.gradle\native\38dada09dfb8b06ba9b0570ebf7e218e3eb74d4ef43ca46872605cf95ebc2f47\windows-amd64

VM Arguments:
jvm_args: --add-opens=java.base/java.util=ALL-UNNAMED --add-opens=java.base/java.lang=ALL-UNNAMED --add-opens=java.base/java.lang.invoke=ALL-UNNAMED --add-opens=java.prefs/java.util.prefs=ALL-UNNAMED --add-opens=java.base/java.nio.charset=ALL-UNNAMED --add-opens=java.base/java.net=ALL-UNNAMED --add-opens=java.base/java.util.concurrent.atomic=ALL-UNNAMED -Xmx2048m -Dfile.encoding=UTF-8 -Duser.country=ID -Duser.language=en -Duser.variant -javaagent:C:\Users\defry\.gradle\wrapper\dists\gradle-8.6-bin\afr5mpiioh2wthjmwnkmdsd5w\gradle-8.6\lib\agents\gradle-instrumentation-agent-8.6.jar 
java_command: org.gradle.launcher.daemon.bootstrap.GradleDaemon 8.6
java_class_path (initial): C:\Users\defry\.gradle\wrapper\dists\gradle-8.6-bin\afr5mpiioh2wthjmwnkmdsd5w\gradle-8.6\lib\gradle-launcher-8.6.jar
Launcher Type: SUN_STANDARD

[Global flags]
     intx CICompilerCount                          = 4                                         {product} {ergonomic}
     uint ConcGCThreads                            = 3                                         {product} {ergonomic}
     uint G1ConcRefinementThreads                  = 10                                        {product} {ergonomic}
   size_t G1HeapRegionSize                         = 1048576                                   {product} {ergonomic}
    uintx GCDrainStackTargetSize                   = 64                                        {product} {ergonomic}
   size_t InitialHeapSize                          = 266338304                                 {product} {ergonomic}
   size_t MarkStackSize                            = 4194304                                   {product} {ergonomic}
   size_t MaxHeapSize                              = 2147483648                                {product} {command line}
   size_t MaxNewSize                               = 1287651328                                {product} {ergonomic}
   size_t MinHeapDeltaBytes                        = 1048576                                   {product} {ergonomic}
   size_t MinHeapSize                              = 8388608                                   {product} {ergonomic}
    uintx NonNMethodCodeHeapSize                   = 5839372                                {pd product} {ergonomic}
    uintx NonProfiledCodeHeapSize                  = 122909434                              {pd product} {ergonomic}
    uintx ProfiledCodeHeapSize                     = 122909434                              {pd product} {ergonomic}
    uintx ReservedCodeCacheSize                    = 251658240                              {pd product} {ergonomic}
     bool SegmentedCodeCache                       = true                                      {product} {ergonomic}
   size_t SoftMaxHeapSize                          = 2147483648                             {manageable} {ergonomic}
     bool UseCompressedClassPointers               = true                           {product lp64_product} {ergonomic}
     bool UseCompressedOops                        = true                           {product lp64_product} {ergonomic}
     bool UseG1GC                                  = true                                      {product} {ergonomic}
     bool UseLargePagesIndividualAllocation        = false                                  {pd product} {ergonomic}

Logging:
Log output configuration:
 #0: stdout all=warning uptime,level,tags foldmultilines=false
 #1: stderr all=off uptime,level,tags foldmultilines=false

Environment Variables:
JAVA_HOME=C:\Program Files\JAVVA\jdk-19.0.1
CLASSPATH=D:\COOLYEAH\MSIB\SIBIPEDIA-mobile-v2-main\\gradle\wrapper\gradle-wrapper.jar
PATH=C:\Program Files\Microsoft MPI\Bin\;C:\Program Files (x86)\NVIDIA Corporation\PhysX\Common;C:\Program Files (x86)\Common Files\Oracle\Java\javapath;C:\WINDOWS\system32;C:\WINDOWS;C:\WINDOWS\System32\Wbem;C:\WINDOWS\System32\WindowsPowerShell\v1.0\;C:\WINDOWS\System32\OpenSSH\;C:\Program Files\NVIDIA Corporation\NVIDIA NvDLISR;C:\Program Files\Go\bin;C:\Program Files\dotnet\;C:\WINDOWS\system32;C:\WINDOWS;C:\WINDOWS\System32\Wbem;C:\WINDOWS\System32\WindowsPowerShell\v1.0\;C:\WINDOWS\System32\OpenSSH\;C:\Program Files\JAVVA\jdk-19.0.1\bin;C:\Program Files\Microsoft SQL Server\150\Tools\Binn\;C:\Program Files\Git\cmd;C:\Program Files\mosquitto;C:\Program Files (x86)\GnuWin32\bin;C:\Gradle\gradle-8.4\bin;C:\Program Files\nodejs\;C:\MinGW\bin;C:\xampp\php;C:\ProgramData\ComposerSetup\bin;C:\Program Files\Microsoft SQL Server\Client SDK\ODBC\170\Tools\Binn\;C:\Users\defry\AppData\Local\Programs\Python\Python310\Scripts\;C:\Users\defry\AppData\Local\Programs\Python\Python310\;C:\Users\defry\AppData\Local\Microsoft\WindowsApps;C:\Users\defry\AppData\Local\Programs\Microsoft VS Code\bin;C:\Users\defry\go\bin;C:\src\flutter\bin;C:\Users\defry\AppData\Local\GitHubDesktop\bin;C:\Users\defry\AppData\Roaming\npm;C:\Users\defry\AppData\Roaming\Composer\vendor\bin;C:\Users\defry\.dotnet\tools
USERNAME=defry
OS=Windows_NT
PROCESSOR_IDENTIFIER=Intel64 Family 6 Model 158 Stepping 10, GenuineIntel
TMP=C:\Users\defry\AppData\Local\Temp
TEMP=C:\Users\defry\AppData\Local\Temp



---------------  S Y S T E M  ---------------

OS:
 Windows 11 , 64 bit Build 22621 (10.0.22621.3527)
OS uptime: 9 days 20:30 hours
Hyper-V role detected

CPU: total 12 (initial active 12) (6 cores per cpu, 2 threads per core) family 6 model 158 stepping 10 microcode 0xde, cx8, cmov, fxsr, ht, mmx, 3dnowpref, sse, sse2, sse3, ssse3, sse4.1, sse4.2, popcnt, lzcnt, tsc, tscinvbit, avx, avx2, aes, erms, clmul, bmi1, bmi2, adx, fma, vzeroupper, clflush, clflushopt, hv, rdtscp

Memory: 4k page, system-wide physical 16233M (430M free)
TotalPageFile size 65385M (AvailPageFile size 5M)
current process WorkingSet (physical memory assigned to process): 429M, peak: 429M
current process commit charge ("private bytes"): 525M, peak: 526M

vm_info: Java HotSpot(TM) 64-Bit Server VM (19.0.1+10-21) for windows-amd64 JRE (19.0.1+10-21), built on 2022-09-14T12:45:06Z by "mach5one" with MS VC++ 17.1 (VS2022)

END.
